[ 2016-11-25T18:37:43+08:00 ] 10.10.20.101 /index/index?action=login&areacode=10100001&usercode=1010000101160829112523853&user_session=10100001-be95fdad-0279-4547-92e6-db3dfd42f7a7&websitecode=&backUrl=http%3A%2F%2F10.10.20.11%3A15008%2F%3Fexit%3D1
INFO: [ app_init ] --START--
INFO: Run Behavior\BuildLiteBehavior [ RunTime:0.000000s ]
INFO: [ app_init ] --END-- [ RunTime:0.062400s ]
INFO: [ app_begin ] --START--
INFO: Run Behavior\ReadHtmlCacheBehavior [ RunTime:0.031200s ]
INFO: [ app_begin ] --END-- [ RunTime:0.031200s ]
INFO: BaseController->formatResolution :: user_session - 【10100001-be95fdad-0279-4547-92e6-db3dfd42f7a7】 $areacode - 【10100001】
INFO: function->initConfig :: $areacode - 【10100001】
NOTIC: [8] Undefined index: header D:\tpcloud\tvportal\app\Home\Common\function.php 第 68 行.
NOTIC: [2] http_build_query(): Parameter 1 expected to be Array or Object.  Incorrect value given D:\tpcloud\tvportal\app\Home\Common\function.php 第 78 行.
NOTIC: [8] Undefined property: stdClass::$recode D:\tpcloud\tvportal\app\Home\Controller\IndexController.class.php 第 43 行.
DEBUG: before urlencode - backUrl :: 【http://10.10.20.11:15008/?exit=1】
DEBUG: after urlencode - backUrl :: 【http%3A%2F%2F10.10.20.11%3A15008%2F%3Fexit%3D1】
DEBUG: redirecturl - [http://10.10.20.11:15010/index/showpage?usercode=1010000101160829112523853&user_session=10100001-be95fdad-0279-4547-92e6-db3dfd42f7a7&websitecode=&backUrl=http%3A%2F%2F10.10.20.11%3A15008%2F%3Fexit%3D1]

[ 2016-11-25T18:37:44+08:00 ] 10.10.20.101 /index/showpage?usercode=1010000101160829112523853&user_session=10100001-be95fdad-0279-4547-92e6-db3dfd42f7a7&websitecode=&backUrl=http%3A%2F%2F10.10.20.11%3A15008%2F%3Fexit%3D1
INFO: [ app_init ] --START--
INFO: Run Behavior\BuildLiteBehavior [ RunTime:0.000000s ]
INFO: [ app_init ] --END-- [ RunTime:0.000000s ]
INFO: [ app_begin ] --START--
INFO: Run Behavior\ReadHtmlCacheBehavior [ RunTime:0.000000s ]
INFO: [ app_begin ] --END-- [ RunTime:0.000000s ]
INFO: BaseController->formatResolution :: user_session - 【10100001-be95fdad-0279-4547-92e6-db3dfd42f7a7】 $areacode - 【10100001】
INFO: function->initConfig :: $areacode - 【10100001】
INFO: [ view_parse ] --START--
INFO: [ template_filter ] --START--
INFO: Run Behavior\ContentReplaceBehavior [ RunTime:0.031200s ]
INFO: [ template_filter ] --END-- [ RunTime:0.031200s ]
INFO: Run Behavior\ParseTemplateBehavior [ RunTime:0.202801s ]
INFO: [ view_parse ] --END-- [ RunTime:0.202801s ]
INFO: [ view_filter ] --START--
INFO: Run Behavior\WriteHtmlCacheBehavior [ RunTime:0.015600s ]
INFO: [ view_filter ] --END-- [ RunTime:0.015600s ]
INFO: [ app_end ] --START--
INFO: Run Behavior\ShowPageTraceBehavior [ RunTime:0.000000s ]
INFO: [ app_end ] --END-- [ RunTime:0.000000s ]

[ 2016-11-25T18:37:46+08:00 ] 10.10.20.101 /favicon.ico
INFO: [ app_init ] --START--
INFO: Run Behavior\BuildLiteBehavior [ RunTime:0.000000s ]
INFO: [ app_init ] --END-- [ RunTime:0.000000s ]

[ 2016-11-25T18:38:04+08:00 ] 10.10.20.102 /index/index?action=login&areacode=10100001&usercode=1010000101160830023804069&user_session=10100001-757824d7-5920-4345-b047-d065d2d50f0b&websitecode=&backUrl=http%3A%2F%2F10.10.20.11%3A15008%2F%3Fexit%3D1
INFO: [ app_init ] --START--
INFO: Run Behavior\BuildLiteBehavior [ RunTime:0.000000s ]
INFO: [ app_init ] --END-- [ RunTime:0.000000s ]
INFO: [ app_begin ] --START--
INFO: Run Behavior\ReadHtmlCacheBehavior [ RunTime:0.000000s ]
INFO: [ app_begin ] --END-- [ RunTime:0.000000s ]
INFO: BaseController->formatResolution :: user_session - 【10100001-757824d7-5920-4345-b047-d065d2d50f0b】 $areacode - 【10100001】
INFO: function->initConfig :: $areacode - 【10100001】
NOTIC: [8] Undefined index: header D:\tpcloud\tvportal\app\Home\Common\function.php 第 68 行.
NOTIC: [2] http_build_query(): Parameter 1 expected to be Array or Object.  Incorrect value given D:\tpcloud\tvportal\app\Home\Common\function.php 第 78 行.
NOTIC: [8] Undefined property: stdClass::$recode D:\tpcloud\tvportal\app\Home\Controller\IndexController.class.php 第 43 行.
DEBUG: before urlencode - backUrl :: 【http://10.10.20.11:15008/?exit=1】
DEBUG: after urlencode - backUrl :: 【http%3A%2F%2F10.10.20.11%3A15008%2F%3Fexit%3D1】
DEBUG: redirecturl - [http://10.10.20.11:15010/index/showpage?usercode=1010000101160830023804069&user_session=10100001-757824d7-5920-4345-b047-d065d2d50f0b&websitecode=&backUrl=http%3A%2F%2F10.10.20.11%3A15008%2F%3Fexit%3D1]

[ 2016-11-25T18:38:05+08:00 ] 10.10.20.102 /index/showpage?usercode=1010000101160830023804069&user_session=10100001-757824d7-5920-4345-b047-d065d2d50f0b&websitecode=&backUrl=http%3A%2F%2F10.10.20.11%3A15008%2F%3Fexit%3D1
INFO: [ app_init ] --START--
INFO: Run Behavior\BuildLiteBehavior [ RunTime:0.000000s ]
INFO: [ app_init ] --END-- [ RunTime:0.000000s ]
INFO: [ app_begin ] --START--
INFO: Run Behavior\ReadHtmlCacheBehavior [ RunTime:0.000000s ]
INFO: [ app_begin ] --END-- [ RunTime:0.000000s ]
INFO: BaseController->formatResolution :: user_session - 【10100001-757824d7-5920-4345-b047-d065d2d50f0b】 $areacode - 【10100001】
INFO: function->initConfig :: $areacode - 【10100001】
INFO: [ view_parse ] --START--
INFO: [ template_filter ] --START--
INFO: Run Behavior\ContentReplaceBehavior [ RunTime:0.000000s ]
INFO: [ template_filter ] --END-- [ RunTime:0.000000s ]
INFO: Run Behavior\ParseTemplateBehavior [ RunTime:0.109200s ]
INFO: [ view_parse ] --END-- [ RunTime:0.109200s ]
INFO: [ view_filter ] --START--
INFO: Run Behavior\WriteHtmlCacheBehavior [ RunTime:0.000000s ]
INFO: [ view_filter ] --END-- [ RunTime:0.000000s ]
INFO: [ app_end ] --START--
INFO: Run Behavior\ShowPageTraceBehavior [ RunTime:0.000000s ]
INFO: [ app_end ] --END-- [ RunTime:0.000000s ]

[ 2016-11-25T18:38:07+08:00 ] 10.10.20.102 /favicon.ico
INFO: [ app_init ] --START--
INFO: Run Behavior\BuildLiteBehavior [ RunTime:0.000000s ]
INFO: [ app_init ] --END-- [ RunTime:0.000000s ]

[ 2016-11-25T18:38:25+08:00 ] 10.10.20.102 /list/restaurant?usercode=1010000101160830023804069&user_session=10100001-757824d7-5920-4345-b047-d065d2d50f0b&websitecode=&backUrl=http%3A%2F%2F10.10.20.11%3A15010%2Findex%2Fshowpage%3Fusercode%3D1010000101160830023804069%26user_session%3D10100001-757824d7-5920-4345-b047-d065d2d50f0b%26websitecode%3D%26navcode%3DCM20160815002%26focusid%3Dtd5%26backUrl%3Dhttp%253A%252F%252F10.10.20.11%253A15008%252F%253Fexit%253D1&_v=34031
INFO: [ app_init ] --START--
INFO: Run Behavior\BuildLiteBehavior [ RunTime:0.000000s ]
INFO: [ app_init ] --END-- [ RunTime:0.015600s ]
INFO: [ app_begin ] --START--
INFO: Run Behavior\ReadHtmlCacheBehavior [ RunTime:0.000000s ]
INFO: [ app_begin ] --END-- [ RunTime:0.000000s ]
INFO: BaseController->formatResolution :: user_session - 【10100001-757824d7-5920-4345-b047-d065d2d50f0b】 $areacode - 【10100001】
INFO: function->initConfig :: $areacode - 【10100001】
INFO: [ view_parse ] --START--
INFO: [ template_filter ] --START--
INFO: Run Behavior\ContentReplaceBehavior [ RunTime:0.000000s ]
INFO: [ template_filter ] --END-- [ RunTime:0.000000s ]
INFO: Run Behavior\ParseTemplateBehavior [ RunTime:0.093600s ]
INFO: [ view_parse ] --END-- [ RunTime:0.093600s ]
INFO: [ view_filter ] --START--
INFO: Run Behavior\WriteHtmlCacheBehavior [ RunTime:0.000000s ]
INFO: [ view_filter ] --END-- [ RunTime:0.000000s ]
INFO: [ app_end ] --START--
INFO: Run Behavior\ShowPageTraceBehavior [ RunTime:0.000000s ]
INFO: [ app_end ] --END-- [ RunTime:0.000000s ]

[ 2016-11-25T18:38:29+08:00 ] 10.10.20.102 /list/food?content_code=CT032016081600133&usercode=1010000101160830023804069&user_session=10100001-757824d7-5920-4345-b047-d065d2d50f0b&websitecode=&backUrl=http%3A%2F%2F10.10.20.11%3A15010%2Flist%2Frestaurant%3Fusercode%3D1010000101160830023804069%26user_session%3D10100001-757824d7-5920-4345-b047-d065d2d50f0b%26websitecode%3D%26contentcode%3D%26pageIndex%3D0%26focusid%3Dtd0%26backUrl%3Dhttp%253A%252F%252F10.10.20.11%253A15010%252Findex%252Fshowpage%253Fusercode%253D1010000101160830023804069%2526user_session%253D10100001-757824d7-5920-4345-b047-d065d2d50f0b%2526websitecode%253D%2526navcode%253DCM20160815002%2526focusid%253Dtd5%2526backUrl%253Dhttp%25253A%25252F%25252F10.10.20.11%25253A15008%25252F%25253Fexit%25253D1&_v=84414
INFO: [ app_init ] --START--
INFO: Run Behavior\BuildLiteBehavior [ RunTime:0.000000s ]
INFO: [ app_init ] --END-- [ RunTime:0.015600s ]
INFO: [ app_begin ] --START--
INFO: Run Behavior\ReadHtmlCacheBehavior [ RunTime:0.000000s ]
INFO: [ app_begin ] --END-- [ RunTime:0.000000s ]
INFO: BaseController->formatResolution :: user_session - 【10100001-757824d7-5920-4345-b047-d065d2d50f0b】 $areacode - 【10100001】
INFO: function->initConfig :: $areacode - 【10100001】
INFO: [ view_parse ] --START--
INFO: [ template_filter ] --START--
INFO: Run Behavior\ContentReplaceBehavior [ RunTime:0.000000s ]
INFO: [ template_filter ] --END-- [ RunTime:0.000000s ]
INFO: Run Behavior\ParseTemplateBehavior [ RunTime:0.078000s ]
INFO: [ view_parse ] --END-- [ RunTime:0.078000s ]
INFO: [ view_filter ] --START--
INFO: Run Behavior\WriteHtmlCacheBehavior [ RunTime:0.000000s ]
INFO: [ view_filter ] --END-- [ RunTime:0.000000s ]
INFO: [ app_end ] --START--
INFO: Run Behavior\ShowPageTraceBehavior [ RunTime:0.015600s ]
INFO: [ app_end ] --END-- [ RunTime:0.015600s ]

[ 2016-11-25T18:43:55+08:00 ] 10.10.20.101 /index/index?action=login&areacode=10100001&usercode=1010000101160829112523853&user_session=10100001-a5cdda4b-a521-4a8c-8ad4-8edcf6ab01e8&websitecode=&backUrl=http%3A%2F%2F10.10.20.11%3A15008%2F%3Fexit%3D1
INFO: [ app_init ] --START--
INFO: Run Behavior\BuildLiteBehavior [ RunTime:0.000000s ]
INFO: [ app_init ] --END-- [ RunTime:0.000000s ]
INFO: [ app_begin ] --START--
INFO: Run Behavior\ReadHtmlCacheBehavior [ RunTime:0.000000s ]
INFO: [ app_begin ] --END-- [ RunTime:0.000000s ]
INFO: BaseController->formatResolution :: user_session - 【10100001-a5cdda4b-a521-4a8c-8ad4-8edcf6ab01e8】 $areacode - 【10100001】
INFO: function->initConfig :: $areacode - 【10100001】
NOTIC: [8] Undefined index: header D:\tpcloud\tvportal\app\Home\Common\function.php 第 68 行.
NOTIC: [2] http_build_query(): Parameter 1 expected to be Array or Object.  Incorrect value given D:\tpcloud\tvportal\app\Home\Common\function.php 第 78 行.
NOTIC: [8] Undefined property: stdClass::$recode D:\tpcloud\tvportal\app\Home\Controller\IndexController.class.php 第 43 行.
DEBUG: before urlencode - backUrl :: 【http://10.10.20.11:15008/?exit=1】
DEBUG: after urlencode - backUrl :: 【http%3A%2F%2F10.10.20.11%3A15008%2F%3Fexit%3D1】
DEBUG: redirecturl - [http://10.10.20.11:15010/index/showpage?usercode=1010000101160829112523853&user_session=10100001-a5cdda4b-a521-4a8c-8ad4-8edcf6ab01e8&websitecode=&backUrl=http%3A%2F%2F10.10.20.11%3A15008%2F%3Fexit%3D1]

[ 2016-11-25T18:43:56+08:00 ] 10.10.20.101 /index/showpage?usercode=1010000101160829112523853&user_session=10100001-a5cdda4b-a521-4a8c-8ad4-8edcf6ab01e8&websitecode=&backUrl=http%3A%2F%2F10.10.20.11%3A15008%2F%3Fexit%3D1
INFO: [ app_init ] --START--
INFO: Run Behavior\BuildLiteBehavior [ RunTime:0.000000s ]
INFO: [ app_init ] --END-- [ RunTime:0.000000s ]
INFO: [ app_begin ] --START--
INFO: Run Behavior\ReadHtmlCacheBehavior [ RunTime:0.000000s ]
INFO: [ app_begin ] --END-- [ RunTime:0.000000s ]
INFO: BaseController->formatResolution :: user_session - 【10100001-a5cdda4b-a521-4a8c-8ad4-8edcf6ab01e8】 $areacode - 【10100001】
INFO: function->initConfig :: $areacode - 【10100001】
INFO: [ view_parse ] --START--
INFO: [ template_filter ] --START--
INFO: Run Behavior\ContentReplaceBehavior [ RunTime:0.000000s ]
INFO: [ template_filter ] --END-- [ RunTime:0.000000s ]
INFO: Run Behavior\ParseTemplateBehavior [ RunTime:0.015600s ]
INFO: [ view_parse ] --END-- [ RunTime:0.015600s ]
INFO: [ view_filter ] --START--
INFO: Run Behavior\WriteHtmlCacheBehavior [ RunTime:0.000000s ]
INFO: [ view_filter ] --END-- [ RunTime:0.000000s ]
INFO: [ app_end ] --START--
INFO: Run Behavior\ShowPageTraceBehavior [ RunTime:0.000000s ]
INFO: [ app_end ] --END-- [ RunTime:0.000000s ]

[ 2016-11-25T18:44:01+08:00 ] 10.10.20.101 /index/index?action=login&areacode=10100001&usercode=1010000101160829112523853&user_session=10100001-9da4fbd1-1648-46c2-9da9-e8d8249c69cc&websitecode=&backUrl=http%3A%2F%2F10.10.20.11%3A15008%2F%3Fexit%3D1
INFO: [ app_init ] --START--
INFO: Run Behavior\BuildLiteBehavior [ RunTime:0.000000s ]
INFO: [ app_init ] --END-- [ RunTime:0.000000s ]
INFO: [ app_begin ] --START--
INFO: Run Behavior\ReadHtmlCacheBehavior [ RunTime:0.000000s ]
INFO: [ app_begin ] --END-- [ RunTime:0.000000s ]
INFO: BaseController->formatResolution :: user_session - 【10100001-9da4fbd1-1648-46c2-9da9-e8d8249c69cc】 $areacode - 【10100001】
INFO: function->initConfig :: $areacode - 【10100001】
NOTIC: [8] Undefined index: header D:\tpcloud\tvportal\app\Home\Common\function.php 第 68 行.
NOTIC: [2] http_build_query(): Parameter 1 expected to be Array or Object.  Incorrect value given D:\tpcloud\tvportal\app\Home\Common\function.php 第 78 行.
NOTIC: [8] Undefined property: stdClass::$recode D:\tpcloud\tvportal\app\Home\Controller\IndexController.class.php 第 43 行.
DEBUG: before urlencode - backUrl :: 【http://10.10.20.11:15008/?exit=1】
DEBUG: after urlencode - backUrl :: 【http%3A%2F%2F10.10.20.11%3A15008%2F%3Fexit%3D1】
DEBUG: redirecturl - [http://10.10.20.11:15010/index/showpage?usercode=1010000101160829112523853&user_session=10100001-9da4fbd1-1648-46c2-9da9-e8d8249c69cc&websitecode=&backUrl=http%3A%2F%2F10.10.20.11%3A15008%2F%3Fexit%3D1]

[ 2016-11-25T18:44:01+08:00 ] 10.10.20.101 /index/showpage?usercode=1010000101160829112523853&user_session=10100001-9da4fbd1-1648-46c2-9da9-e8d8249c69cc&websitecode=&backUrl=http%3A%2F%2F10.10.20.11%3A15008%2F%3Fexit%3D1
INFO: [ app_init ] --START--
INFO: Run Behavior\BuildLiteBehavior [ RunTime:0.000000s ]
INFO: [ app_init ] --END-- [ RunTime:0.000000s ]
INFO: [ app_begin ] --START--
INFO: Run Behavior\ReadHtmlCacheBehavior [ RunTime:0.000000s ]
INFO: [ app_begin ] --END-- [ RunTime:0.000000s ]
INFO: BaseController->formatResolution :: user_session - 【10100001-9da4fbd1-1648-46c2-9da9-e8d8249c69cc】 $areacode - 【10100001】
INFO: function->initConfig :: $areacode - 【10100001】
INFO: [ view_parse ] --START--
INFO: [ template_filter ] --START--
INFO: Run Behavior\ContentReplaceBehavior [ RunTime:0.000000s ]
INFO: [ template_filter ] --END-- [ RunTime:0.000000s ]
INFO: Run Behavior\ParseTemplateBehavior [ RunTime:0.031200s ]
INFO: [ view_parse ] --END-- [ RunTime:0.031200s ]
INFO: [ view_filter ] --START--
INFO: Run Behavior\WriteHtmlCacheBehavior [ RunTime:0.000000s ]
INFO: [ view_filter ] --END-- [ RunTime:0.000000s ]
INFO: [ app_end ] --START--
INFO: Run Behavior\ShowPageTraceBehavior [ RunTime:0.000000s ]
INFO: [ app_end ] --END-- [ RunTime:0.000000s ]

