[ 2016-08-25T12:18:52+08:00 ] 10.10.20.103 /index/index?action=login&areacode=10100001&usercode=1010000116081503235537701&user_session=10100001-9d7aa9c5-e588-4d01-8afc-b3f2bc93e096&websitecode=&backUrl=http%3A%2F%2F10.10.20.11%3A15008%2F%3Fexit%3D1
INFO: [ app_init ] --START--
INFO: Run Behavior\BuildLiteBehavior [ RunTime:0.000000s ]
INFO: [ app_init ] --END-- [ RunTime:0.000000s ]
INFO: [ app_begin ] --START--
INFO: Run Behavior\ReadHtmlCacheBehavior [ RunTime:0.000000s ]
INFO: [ app_begin ] --END-- [ RunTime:0.000000s ]
INFO: BaseController->formatResolution :: user_session - 【10100001-9d7aa9c5-e588-4d01-8afc-b3f2bc93e096】 $areacode - 【10100001】
INFO: function->initConfig :: $areacode - 【10100001】
NOTIC: [8] Undefined index: header D:\tpcloud\tvportal\app\Home\Common\function.php 第 68 行.
NOTIC: [2] http_build_query(): Parameter 1 expected to be Array or Object.  Incorrect value given D:\tpcloud\tvportal\app\Home\Common\function.php 第 78 行.
NOTIC: [8] Undefined property: stdClass::$recode D:\tpcloud\tvportal\app\Home\Controller\IndexController.class.php 第 43 行.
DEBUG: before urlencode - backUrl :: 【http://10.10.20.11:15008/?exit=1】
DEBUG: after urlencode - backUrl :: 【http%3A%2F%2F10.10.20.11%3A15008%2F%3Fexit%3D1】
DEBUG: redirecturl - [http://10.10.20.11:15010/index/showpage?usercode=1010000116081503235537701&user_session=10100001-9d7aa9c5-e588-4d01-8afc-b3f2bc93e096&websitecode=&backUrl=http%3A%2F%2F10.10.20.11%3A15008%2F%3Fexit%3D1]

[ 2016-08-25T12:18:52+08:00 ] 10.10.20.103 /index/showpage?usercode=1010000116081503235537701&user_session=10100001-9d7aa9c5-e588-4d01-8afc-b3f2bc93e096&websitecode=&backUrl=http%3A%2F%2F10.10.20.11%3A15008%2F%3Fexit%3D1
INFO: [ app_init ] --START--
INFO: Run Behavior\BuildLiteBehavior [ RunTime:0.000000s ]
INFO: [ app_init ] --END-- [ RunTime:0.000000s ]
INFO: [ app_begin ] --START--
INFO: Run Behavior\ReadHtmlCacheBehavior [ RunTime:0.015601s ]
INFO: [ app_begin ] --END-- [ RunTime:0.015601s ]
INFO: BaseController->formatResolution :: user_session - 【10100001-9d7aa9c5-e588-4d01-8afc-b3f2bc93e096】 $areacode - 【10100001】
INFO: function->initConfig :: $areacode - 【10100001】
INFO: [ view_parse ] --START--
INFO: [ template_filter ] --START--
INFO: Run Behavior\ContentReplaceBehavior [ RunTime:0.000000s ]
INFO: [ template_filter ] --END-- [ RunTime:0.000000s ]
INFO: Run Behavior\ParseTemplateBehavior [ RunTime:0.000000s ]
INFO: [ view_parse ] --END-- [ RunTime:0.000000s ]
INFO: [ view_filter ] --START--
INFO: Run Behavior\WriteHtmlCacheBehavior [ RunTime:0.015600s ]
INFO: [ view_filter ] --END-- [ RunTime:0.015600s ]
INFO: [ app_end ] --START--
INFO: Run Behavior\ShowPageTraceBehavior [ RunTime:0.000000s ]
INFO: [ app_end ] --END-- [ RunTime:0.000000s ]

[ 2016-08-25T12:18:52+08:00 ] 10.10.20.103 /favicon.ico
INFO: [ app_init ] --START--
INFO: Run Behavior\BuildLiteBehavior [ RunTime:0.000000s ]
INFO: [ app_init ] --END-- [ RunTime:0.000000s ]

[ 2016-08-25T12:18:59+08:00 ] 10.10.20.103 /list?category_code=DG0000001&usercode=1010000116081503235537701&user_session=10100001-9d7aa9c5-e588-4d01-8afc-b3f2bc93e096&websitecode=&backUrl=http%3A%2F%2F10.10.20.11%3A15010%2Findex%2Fshowpage%3Fusercode%3D1010000116081503235537701%26user_session%3D10100001-9d7aa9c5-e588-4d01-8afc-b3f2bc93e096%26websitecode%3D%26navcode%3DCM20160815003%26focusid%3Dtd6%26backUrl%3Dhttp%253A%252F%252F10.10.20.11%253A15008%252F%253Fexit%253D1&_v=88953
INFO: [ app_init ] --START--
INFO: Run Behavior\BuildLiteBehavior [ RunTime:0.000000s ]
INFO: [ app_init ] --END-- [ RunTime:0.000000s ]
INFO: [ app_begin ] --START--
INFO: Run Behavior\ReadHtmlCacheBehavior [ RunTime:0.000000s ]
INFO: [ app_begin ] --END-- [ RunTime:0.000000s ]
INFO: BaseController->formatResolution :: user_session - 【10100001-9d7aa9c5-e588-4d01-8afc-b3f2bc93e096】 $areacode - 【10100001】
INFO: function->initConfig :: $areacode - 【10100001】
INFO: [ view_parse ] --START--
INFO: [ template_filter ] --START--
INFO: Run Behavior\ContentReplaceBehavior [ RunTime:0.000000s ]
INFO: [ template_filter ] --END-- [ RunTime:0.000000s ]
INFO: Run Behavior\ParseTemplateBehavior [ RunTime:0.015600s ]
INFO: [ view_parse ] --END-- [ RunTime:0.015600s ]
INFO: [ view_filter ] --START--
INFO: Run Behavior\WriteHtmlCacheBehavior [ RunTime:0.000000s ]
INFO: [ view_filter ] --END-- [ RunTime:0.000000s ]
INFO: [ app_end ] --START--
INFO: Run Behavior\ShowPageTraceBehavior [ RunTime:0.000000s ]
INFO: [ app_end ] --END-- [ RunTime:0.000000s ]

[ 2016-08-25T12:19:00+08:00 ] 10.10.20.103 /null
INFO: [ app_init ] --START--
INFO: Run Behavior\BuildLiteBehavior [ RunTime:0.000000s ]
INFO: [ app_init ] --END-- [ RunTime:0.000000s ]
INFO: [ app_begin ] --START--
INFO: Run Behavior\ReadHtmlCacheBehavior [ RunTime:0.000000s ]
INFO: [ app_begin ] --END-- [ RunTime:0.000000s ]
ERR: 无法加载控制器:Null

[ 2016-08-25T12:19:36+08:00 ] 10.10.20.103 /list/restaurant?category_code=DG0000001&usercode=1010000116081503235537701&user_session=10100001-9d7aa9c5-e588-4d01-8afc-b3f2bc93e096&websitecode=&backUrl=http%3A%2F%2F10.10.20.11%3A15010%2Findex%2Fshowpage%3Fusercode%3D1010000116081503235537701%26user_session%3D10100001-9d7aa9c5-e588-4d01-8afc-b3f2bc93e096%26websitecode%3D%26navcode%3DCM20160815003%26focusid%3Dtd6%26backUrl%3Dhttp%253A%252F%252F10.10.20.11%253A15008%252F%253Fexit%253D1&_v=88953
INFO: [ app_init ] --START--
INFO: Run Behavior\BuildLiteBehavior [ RunTime:0.000000s ]
INFO: [ app_init ] --END-- [ RunTime:0.000000s ]
INFO: [ app_begin ] --START--
INFO: Run Behavior\ReadHtmlCacheBehavior [ RunTime:0.000000s ]
INFO: [ app_begin ] --END-- [ RunTime:0.000000s ]
INFO: BaseController->formatResolution :: user_session - 【10100001-9d7aa9c5-e588-4d01-8afc-b3f2bc93e096】 $areacode - 【10100001】
INFO: function->initConfig :: $areacode - 【10100001】
INFO: [ view_parse ] --START--
INFO: [ template_filter ] --START--
INFO: Run Behavior\ContentReplaceBehavior [ RunTime:0.000000s ]
INFO: [ template_filter ] --END-- [ RunTime:0.000000s ]
INFO: Run Behavior\ParseTemplateBehavior [ RunTime:0.000000s ]
INFO: [ view_parse ] --END-- [ RunTime:0.000000s ]
INFO: [ view_filter ] --START--
INFO: Run Behavior\WriteHtmlCacheBehavior [ RunTime:0.000000s ]
INFO: [ view_filter ] --END-- [ RunTime:0.000000s ]
INFO: [ app_end ] --START--
INFO: Run Behavior\ShowPageTraceBehavior [ RunTime:0.000000s ]
INFO: [ app_end ] --END-- [ RunTime:0.000000s ]

[ 2016-08-25T12:20:18+08:00 ] 10.10.20.103 /list/restaurant?category_code=DG0000001&usercode=1010000116081503235537701&user_session=10100001-9d7aa9c5-e588-4d01-8afc-b3f2bc93e096&websitecode=&backUrl=http%3A%2F%2F10.10.20.11%3A15010%2Findex%2Fshowpage%3Fusercode%3D1010000116081503235537701%26user_session%3D10100001-9d7aa9c5-e588-4d01-8afc-b3f2bc93e096%26websitecode%3D%26navcode%3DCM20160815003%26focusid%3Dtd6%26backUrl%3Dhttp%253A%252F%252F10.10.20.11%253A15008%252F%253Fexit%253D1&_v=88953
INFO: [ app_init ] --START--
INFO: Run Behavior\BuildLiteBehavior [ RunTime:0.000000s ]
INFO: [ app_init ] --END-- [ RunTime:0.000000s ]
INFO: [ app_begin ] --START--
INFO: Run Behavior\ReadHtmlCacheBehavior [ RunTime:0.000000s ]
INFO: [ app_begin ] --END-- [ RunTime:0.000000s ]
INFO: BaseController->formatResolution :: user_session - 【10100001-9d7aa9c5-e588-4d01-8afc-b3f2bc93e096】 $areacode - 【10100001】
INFO: function->initConfig :: $areacode - 【10100001】
INFO: [ view_parse ] --START--
INFO: [ template_filter ] --START--
INFO: Run Behavior\ContentReplaceBehavior [ RunTime:0.000000s ]
INFO: [ template_filter ] --END-- [ RunTime:0.000000s ]
INFO: Run Behavior\ParseTemplateBehavior [ RunTime:0.015600s ]
INFO: [ view_parse ] --END-- [ RunTime:0.015600s ]
INFO: [ view_filter ] --START--
INFO: Run Behavior\WriteHtmlCacheBehavior [ RunTime:0.000000s ]
INFO: [ view_filter ] --END-- [ RunTime:0.000000s ]
INFO: [ app_end ] --START--
INFO: Run Behavior\ShowPageTraceBehavior [ RunTime:0.000000s ]
INFO: [ app_end ] --END-- [ RunTime:0.000000s ]

[ 2016-08-25T12:20:41+08:00 ] 10.10.20.103 /list/restaurant?category_code=DG0000001&usercode=1010000116081503235537701&user_session=10100001-9d7aa9c5-e588-4d01-8afc-b3f2bc93e096&websitecode=&backUrl=http%3A%2F%2F10.10.20.11%3A15010%2Findex%2Fshowpage%3Fusercode%3D1010000116081503235537701%26user_session%3D10100001-9d7aa9c5-e588-4d01-8afc-b3f2bc93e096%26websitecode%3D%26navcode%3DCM20160815003%26focusid%3Dtd6%26backUrl%3Dhttp%253A%252F%252F10.10.20.11%253A15008%252F%253Fexit%253D1&_v=88953
INFO: [ app_init ] --START--
INFO: Run Behavior\BuildLiteBehavior [ RunTime:0.000000s ]
INFO: [ app_init ] --END-- [ RunTime:0.000000s ]
INFO: [ app_begin ] --START--
INFO: Run Behavior\ReadHtmlCacheBehavior [ RunTime:0.000000s ]
INFO: [ app_begin ] --END-- [ RunTime:0.000000s ]
INFO: BaseController->formatResolution :: user_session - 【10100001-9d7aa9c5-e588-4d01-8afc-b3f2bc93e096】 $areacode - 【10100001】
INFO: function->initConfig :: $areacode - 【10100001】
INFO: [ view_parse ] --START--
INFO: [ template_filter ] --START--
INFO: Run Behavior\ContentReplaceBehavior [ RunTime:0.000000s ]
INFO: [ template_filter ] --END-- [ RunTime:0.000000s ]
INFO: Run Behavior\ParseTemplateBehavior [ RunTime:0.015600s ]
INFO: [ view_parse ] --END-- [ RunTime:0.015600s ]
INFO: [ view_filter ] --START--
INFO: Run Behavior\WriteHtmlCacheBehavior [ RunTime:0.000000s ]
INFO: [ view_filter ] --END-- [ RunTime:0.000000s ]
INFO: [ app_end ] --START--
INFO: Run Behavior\ShowPageTraceBehavior [ RunTime:0.000000s ]
INFO: [ app_end ] --END-- [ RunTime:0.000000s ]

[ 2016-08-25T12:21:37+08:00 ] 10.10.20.103 /list/restaurant?category_code=DG0000001&usercode=1010000116081503235537701&user_session=10100001-9d7aa9c5-e588-4d01-8afc-b3f2bc93e096&websitecode=&backUrl=http%3A%2F%2F10.10.20.11%3A15010%2Findex%2Fshowpage%3Fusercode%3D1010000116081503235537701%26user_session%3D10100001-9d7aa9c5-e588-4d01-8afc-b3f2bc93e096%26websitecode%3D%26navcode%3DCM20160815003%26focusid%3Dtd6%26backUrl%3Dhttp%253A%252F%252F10.10.20.11%253A15008%252F%253Fexit%253D1&_v=88953
INFO: [ app_init ] --START--
INFO: Run Behavior\BuildLiteBehavior [ RunTime:0.000000s ]
INFO: [ app_init ] --END-- [ RunTime:0.000000s ]
INFO: [ app_begin ] --START--
INFO: Run Behavior\ReadHtmlCacheBehavior [ RunTime:0.000000s ]
INFO: [ app_begin ] --END-- [ RunTime:0.000000s ]
INFO: BaseController->formatResolution :: user_session - 【10100001-9d7aa9c5-e588-4d01-8afc-b3f2bc93e096】 $areacode - 【10100001】
INFO: function->initConfig :: $areacode - 【10100001】
INFO: [ view_parse ] --START--
INFO: [ template_filter ] --START--
INFO: Run Behavior\ContentReplaceBehavior [ RunTime:0.000000s ]
INFO: [ template_filter ] --END-- [ RunTime:0.000000s ]
INFO: Run Behavior\ParseTemplateBehavior [ RunTime:0.000000s ]
INFO: [ view_parse ] --END-- [ RunTime:0.000000s ]
INFO: [ view_filter ] --START--
INFO: Run Behavior\WriteHtmlCacheBehavior [ RunTime:0.000000s ]
INFO: [ view_filter ] --END-- [ RunTime:0.000000s ]
INFO: [ app_end ] --START--
INFO: Run Behavior\ShowPageTraceBehavior [ RunTime:0.000000s ]
INFO: [ app_end ] --END-- [ RunTime:0.000000s ]

[ 2016-08-25T12:22:03+08:00 ] 10.10.20.103 /list/restaurant?category_code=DG0000001&usercode=1010000116081503235537701&user_session=10100001-9d7aa9c5-e588-4d01-8afc-b3f2bc93e096&websitecode=&backUrl=http%3A%2F%2F10.10.20.11%3A15010%2Findex%2Fshowpage%3Fusercode%3D1010000116081503235537701%26user_session%3D10100001-9d7aa9c5-e588-4d01-8afc-b3f2bc93e096%26websitecode%3D%26navcode%3DCM20160815003%26focusid%3Dtd6%26backUrl%3Dhttp%253A%252F%252F10.10.20.11%253A15008%252F%253Fexit%253D1&_v=88953
INFO: [ app_init ] --START--
INFO: Run Behavior\BuildLiteBehavior [ RunTime:0.000000s ]
INFO: [ app_init ] --END-- [ RunTime:0.000000s ]
INFO: [ app_begin ] --START--
INFO: Run Behavior\ReadHtmlCacheBehavior [ RunTime:0.000000s ]
INFO: [ app_begin ] --END-- [ RunTime:0.000000s ]
INFO: BaseController->formatResolution :: user_session - 【10100001-9d7aa9c5-e588-4d01-8afc-b3f2bc93e096】 $areacode - 【10100001】
INFO: function->initConfig :: $areacode - 【10100001】
INFO: [ view_parse ] --START--
INFO: [ template_filter ] --START--
INFO: Run Behavior\ContentReplaceBehavior [ RunTime:0.000000s ]
INFO: [ template_filter ] --END-- [ RunTime:0.000000s ]
INFO: Run Behavior\ParseTemplateBehavior [ RunTime:0.000000s ]
INFO: [ view_parse ] --END-- [ RunTime:0.000000s ]
INFO: [ view_filter ] --START--
INFO: Run Behavior\WriteHtmlCacheBehavior [ RunTime:0.000000s ]
INFO: [ view_filter ] --END-- [ RunTime:0.000000s ]
INFO: [ app_end ] --START--
INFO: Run Behavior\ShowPageTraceBehavior [ RunTime:0.000000s ]
INFO: [ app_end ] --END-- [ RunTime:0.000000s ]

[ 2016-08-25T12:25:13+08:00 ] 10.10.20.103 /list/restaurant?category_code=DG0000001&usercode=1010000116081503235537701&user_session=10100001-9d7aa9c5-e588-4d01-8afc-b3f2bc93e096&websitecode=&backUrl=http%3A%2F%2F10.10.20.11%3A15010%2Findex%2Fshowpage%3Fusercode%3D1010000116081503235537701%26user_session%3D10100001-9d7aa9c5-e588-4d01-8afc-b3f2bc93e096%26websitecode%3D%26navcode%3DCM20160815003%26focusid%3Dtd6%26backUrl%3Dhttp%253A%252F%252F10.10.20.11%253A15008%252F%253Fexit%253D1&_v=88953
INFO: [ app_init ] --START--
INFO: Run Behavior\BuildLiteBehavior [ RunTime:0.000000s ]
INFO: [ app_init ] --END-- [ RunTime:0.000000s ]
INFO: [ app_begin ] --START--
INFO: Run Behavior\ReadHtmlCacheBehavior [ RunTime:0.000000s ]
INFO: [ app_begin ] --END-- [ RunTime:0.000000s ]
INFO: BaseController->formatResolution :: user_session - 【10100001-9d7aa9c5-e588-4d01-8afc-b3f2bc93e096】 $areacode - 【10100001】
INFO: function->initConfig :: $areacode - 【10100001】
INFO: [ view_parse ] --START--
INFO: [ template_filter ] --START--
INFO: Run Behavior\ContentReplaceBehavior [ RunTime:0.000000s ]
INFO: [ template_filter ] --END-- [ RunTime:0.000000s ]
INFO: Run Behavior\ParseTemplateBehavior [ RunTime:0.015600s ]
INFO: [ view_parse ] --END-- [ RunTime:0.015600s ]
INFO: [ view_filter ] --START--
INFO: Run Behavior\WriteHtmlCacheBehavior [ RunTime:0.000000s ]
INFO: [ view_filter ] --END-- [ RunTime:0.000000s ]
INFO: [ app_end ] --START--
INFO: Run Behavior\ShowPageTraceBehavior [ RunTime:0.000000s ]
INFO: [ app_end ] --END-- [ RunTime:0.000000s ]

[ 2016-08-25T12:25:30+08:00 ] 10.10.20.103 /list/restaurant?category_code=DG0000001&usercode=1010000116081503235537701&user_session=10100001-9d7aa9c5-e588-4d01-8afc-b3f2bc93e096&websitecode=&backUrl=http%3A%2F%2F10.10.20.11%3A15010%2Findex%2Fshowpage%3Fusercode%3D1010000116081503235537701%26user_session%3D10100001-9d7aa9c5-e588-4d01-8afc-b3f2bc93e096%26websitecode%3D%26navcode%3DCM20160815003%26focusid%3Dtd6%26backUrl%3Dhttp%253A%252F%252F10.10.20.11%253A15008%252F%253Fexit%253D1&_v=88953
INFO: [ app_init ] --START--
INFO: Run Behavior\BuildLiteBehavior [ RunTime:0.000000s ]
INFO: [ app_init ] --END-- [ RunTime:0.000000s ]
INFO: [ app_begin ] --START--
INFO: Run Behavior\ReadHtmlCacheBehavior [ RunTime:0.000000s ]
INFO: [ app_begin ] --END-- [ RunTime:0.000000s ]
INFO: BaseController->formatResolution :: user_session - 【10100001-9d7aa9c5-e588-4d01-8afc-b3f2bc93e096】 $areacode - 【10100001】
INFO: function->initConfig :: $areacode - 【10100001】
INFO: [ view_parse ] --START--
INFO: [ template_filter ] --START--
INFO: Run Behavior\ContentReplaceBehavior [ RunTime:0.000000s ]
INFO: [ template_filter ] --END-- [ RunTime:0.000000s ]
INFO: Run Behavior\ParseTemplateBehavior [ RunTime:0.015600s ]
INFO: [ view_parse ] --END-- [ RunTime:0.015600s ]
INFO: [ view_filter ] --START--
INFO: Run Behavior\WriteHtmlCacheBehavior [ RunTime:0.000000s ]
INFO: [ view_filter ] --END-- [ RunTime:0.000000s ]
INFO: [ app_end ] --START--
INFO: Run Behavior\ShowPageTraceBehavior [ RunTime:0.000000s ]
INFO: [ app_end ] --END-- [ RunTime:0.000000s ]

[ 2016-08-25T12:26:03+08:00 ] 10.10.20.103 /list/restaurant?category_code=DG0000001&usercode=1010000116081503235537701&user_session=10100001-9d7aa9c5-e588-4d01-8afc-b3f2bc93e096&websitecode=&backUrl=http%3A%2F%2F10.10.20.11%3A15010%2Findex%2Fshowpage%3Fusercode%3D1010000116081503235537701%26user_session%3D10100001-9d7aa9c5-e588-4d01-8afc-b3f2bc93e096%26websitecode%3D%26navcode%3DCM20160815003%26focusid%3Dtd6%26backUrl%3Dhttp%253A%252F%252F10.10.20.11%253A15008%252F%253Fexit%253D1&_v=88953
INFO: [ app_init ] --START--
INFO: Run Behavior\BuildLiteBehavior [ RunTime:0.000000s ]
INFO: [ app_init ] --END-- [ RunTime:0.000000s ]
INFO: [ app_begin ] --START--
INFO: Run Behavior\ReadHtmlCacheBehavior [ RunTime:0.000000s ]
INFO: [ app_begin ] --END-- [ RunTime:0.000000s ]
INFO: BaseController->formatResolution :: user_session - 【10100001-9d7aa9c5-e588-4d01-8afc-b3f2bc93e096】 $areacode - 【10100001】
INFO: function->initConfig :: $areacode - 【10100001】
INFO: [ view_parse ] --START--
INFO: [ template_filter ] --START--
INFO: Run Behavior\ContentReplaceBehavior [ RunTime:0.000000s ]
INFO: [ template_filter ] --END-- [ RunTime:0.000000s ]
INFO: Run Behavior\ParseTemplateBehavior [ RunTime:0.000000s ]
INFO: [ view_parse ] --END-- [ RunTime:0.000000s ]
INFO: [ view_filter ] --START--
INFO: Run Behavior\WriteHtmlCacheBehavior [ RunTime:0.000000s ]
INFO: [ view_filter ] --END-- [ RunTime:0.000000s ]
INFO: [ app_end ] --START--
INFO: Run Behavior\ShowPageTraceBehavior [ RunTime:0.000000s ]
INFO: [ app_end ] --END-- [ RunTime:0.000000s ]

[ 2016-08-25T12:26:42+08:00 ] 10.10.20.103 /list/restaurant?category_code=DG0000001&usercode=1010000116081503235537701&user_session=10100001-9d7aa9c5-e588-4d01-8afc-b3f2bc93e096&websitecode=&backUrl=http%3A%2F%2F10.10.20.11%3A15010%2Findex%2Fshowpage%3Fusercode%3D1010000116081503235537701%26user_session%3D10100001-9d7aa9c5-e588-4d01-8afc-b3f2bc93e096%26websitecode%3D%26navcode%3DCM20160815003%26focusid%3Dtd6%26backUrl%3Dhttp%253A%252F%252F10.10.20.11%253A15008%252F%253Fexit%253D1&_v=88953
INFO: [ app_init ] --START--
INFO: Run Behavior\BuildLiteBehavior [ RunTime:0.000000s ]
INFO: [ app_init ] --END-- [ RunTime:0.000000s ]
INFO: [ app_begin ] --START--
INFO: Run Behavior\ReadHtmlCacheBehavior [ RunTime:0.015600s ]
INFO: [ app_begin ] --END-- [ RunTime:0.015600s ]
INFO: BaseController->formatResolution :: user_session - 【10100001-9d7aa9c5-e588-4d01-8afc-b3f2bc93e096】 $areacode - 【10100001】
INFO: function->initConfig :: $areacode - 【10100001】
INFO: [ view_parse ] --START--
INFO: [ template_filter ] --START--
INFO: Run Behavior\ContentReplaceBehavior [ RunTime:0.000000s ]
INFO: [ template_filter ] --END-- [ RunTime:0.000000s ]
INFO: Run Behavior\ParseTemplateBehavior [ RunTime:0.015600s ]
INFO: [ view_parse ] --END-- [ RunTime:0.015600s ]
INFO: [ view_filter ] --START--
INFO: Run Behavior\WriteHtmlCacheBehavior [ RunTime:0.000000s ]
INFO: [ view_filter ] --END-- [ RunTime:0.000000s ]
INFO: [ app_end ] --START--
INFO: Run Behavior\ShowPageTraceBehavior [ RunTime:0.000000s ]
INFO: [ app_end ] --END-- [ RunTime:0.000000s ]

[ 2016-08-25T12:27:55+08:00 ] 10.10.20.103 /list/restaurant?category_code=DG0000001&usercode=1010000116081503235537701&user_session=10100001-9d7aa9c5-e588-4d01-8afc-b3f2bc93e096&websitecode=&backUrl=http%3A%2F%2F10.10.20.11%3A15010%2Findex%2Fshowpage%3Fusercode%3D1010000116081503235537701%26user_session%3D10100001-9d7aa9c5-e588-4d01-8afc-b3f2bc93e096%26websitecode%3D%26navcode%3DCM20160815003%26focusid%3Dtd6%26backUrl%3Dhttp%253A%252F%252F10.10.20.11%253A15008%252F%253Fexit%253D1&_v=88953
INFO: [ app_init ] --START--
INFO: Run Behavior\BuildLiteBehavior [ RunTime:0.000000s ]
INFO: [ app_init ] --END-- [ RunTime:0.000000s ]
INFO: [ app_begin ] --START--
INFO: Run Behavior\ReadHtmlCacheBehavior [ RunTime:0.000000s ]
INFO: [ app_begin ] --END-- [ RunTime:0.000000s ]
INFO: BaseController->formatResolution :: user_session - 【10100001-9d7aa9c5-e588-4d01-8afc-b3f2bc93e096】 $areacode - 【10100001】
INFO: function->initConfig :: $areacode - 【10100001】
INFO: [ view_parse ] --START--
INFO: [ template_filter ] --START--
INFO: Run Behavior\ContentReplaceBehavior [ RunTime:0.000000s ]
INFO: [ template_filter ] --END-- [ RunTime:0.000000s ]
INFO: Run Behavior\ParseTemplateBehavior [ RunTime:0.000000s ]
INFO: [ view_parse ] --END-- [ RunTime:0.000000s ]
INFO: [ view_filter ] --START--
INFO: Run Behavior\WriteHtmlCacheBehavior [ RunTime:0.000000s ]
INFO: [ view_filter ] --END-- [ RunTime:0.000000s ]
INFO: [ app_end ] --START--
INFO: Run Behavior\ShowPageTraceBehavior [ RunTime:0.015600s ]
INFO: [ app_end ] --END-- [ RunTime:0.015600s ]

[ 2016-08-25T12:27:56+08:00 ] 10.10.20.103 /list/restaurant?category_code=DG0000001&usercode=1010000116081503235537701&user_session=10100001-9d7aa9c5-e588-4d01-8afc-b3f2bc93e096&websitecode=&backUrl=http%3A%2F%2F10.10.20.11%3A15010%2Findex%2Fshowpage%3Fusercode%3D1010000116081503235537701%26user_session%3D10100001-9d7aa9c5-e588-4d01-8afc-b3f2bc93e096%26websitecode%3D%26navcode%3DCM20160815003%26focusid%3Dtd6%26backUrl%3Dhttp%253A%252F%252F10.10.20.11%253A15008%252F%253Fexit%253D1&_v=88953
INFO: [ app_init ] --START--
INFO: Run Behavior\BuildLiteBehavior [ RunTime:0.000000s ]
INFO: [ app_init ] --END-- [ RunTime:0.000000s ]
INFO: [ app_begin ] --START--
INFO: Run Behavior\ReadHtmlCacheBehavior [ RunTime:0.000000s ]
INFO: [ app_begin ] --END-- [ RunTime:0.000000s ]
INFO: BaseController->formatResolution :: user_session - 【10100001-9d7aa9c5-e588-4d01-8afc-b3f2bc93e096】 $areacode - 【10100001】
INFO: function->initConfig :: $areacode - 【10100001】
INFO: [ view_parse ] --START--
INFO: [ template_filter ] --START--
INFO: Run Behavior\ContentReplaceBehavior [ RunTime:0.000000s ]
INFO: [ template_filter ] --END-- [ RunTime:0.000000s ]
INFO: Run Behavior\ParseTemplateBehavior [ RunTime:0.015600s ]
INFO: [ view_parse ] --END-- [ RunTime:0.015600s ]
INFO: [ view_filter ] --START--
INFO: Run Behavior\WriteHtmlCacheBehavior [ RunTime:0.000000s ]
INFO: [ view_filter ] --END-- [ RunTime:0.000000s ]
INFO: [ app_end ] --START--
INFO: Run Behavior\ShowPageTraceBehavior [ RunTime:0.000000s ]
INFO: [ app_end ] --END-- [ RunTime:0.000000s ]

[ 2016-08-25T12:27:57+08:00 ] 10.10.20.103 /list/restaurant?category_code=DG0000001&usercode=1010000116081503235537701&user_session=10100001-9d7aa9c5-e588-4d01-8afc-b3f2bc93e096&websitecode=&backUrl=http%3A%2F%2F10.10.20.11%3A15010%2Findex%2Fshowpage%3Fusercode%3D1010000116081503235537701%26user_session%3D10100001-9d7aa9c5-e588-4d01-8afc-b3f2bc93e096%26websitecode%3D%26navcode%3DCM20160815003%26focusid%3Dtd6%26backUrl%3Dhttp%253A%252F%252F10.10.20.11%253A15008%252F%253Fexit%253D1&_v=88953
INFO: [ app_init ] --START--
INFO: Run Behavior\BuildLiteBehavior [ RunTime:0.000000s ]
INFO: [ app_init ] --END-- [ RunTime:0.000000s ]
INFO: [ app_begin ] --START--
INFO: Run Behavior\ReadHtmlCacheBehavior [ RunTime:0.000000s ]
INFO: [ app_begin ] --END-- [ RunTime:0.000000s ]
INFO: BaseController->formatResolution :: user_session - 【10100001-9d7aa9c5-e588-4d01-8afc-b3f2bc93e096】 $areacode - 【10100001】
INFO: function->initConfig :: $areacode - 【10100001】
INFO: [ view_parse ] --START--
INFO: [ template_filter ] --START--
INFO: Run Behavior\ContentReplaceBehavior [ RunTime:0.000000s ]
INFO: [ template_filter ] --END-- [ RunTime:0.000000s ]
INFO: Run Behavior\ParseTemplateBehavior [ RunTime:0.000000s ]
INFO: [ view_parse ] --END-- [ RunTime:0.000000s ]
INFO: [ view_filter ] --START--
INFO: Run Behavior\WriteHtmlCacheBehavior [ RunTime:0.000000s ]
INFO: [ view_filter ] --END-- [ RunTime:0.000000s ]
INFO: [ app_end ] --START--
INFO: Run Behavior\ShowPageTraceBehavior [ RunTime:0.000000s ]
INFO: [ app_end ] --END-- [ RunTime:0.000000s ]

[ 2016-08-25T12:27:57+08:00 ] 10.10.20.103 /list/restaurant?category_code=DG0000001&usercode=1010000116081503235537701&user_session=10100001-9d7aa9c5-e588-4d01-8afc-b3f2bc93e096&websitecode=&backUrl=http%3A%2F%2F10.10.20.11%3A15010%2Findex%2Fshowpage%3Fusercode%3D1010000116081503235537701%26user_session%3D10100001-9d7aa9c5-e588-4d01-8afc-b3f2bc93e096%26websitecode%3D%26navcode%3DCM20160815003%26focusid%3Dtd6%26backUrl%3Dhttp%253A%252F%252F10.10.20.11%253A15008%252F%253Fexit%253D1&_v=88953
INFO: [ app_init ] --START--
INFO: Run Behavior\BuildLiteBehavior [ RunTime:0.000000s ]
INFO: [ app_init ] --END-- [ RunTime:0.000000s ]
INFO: [ app_begin ] --START--
INFO: Run Behavior\ReadHtmlCacheBehavior [ RunTime:0.000000s ]
INFO: [ app_begin ] --END-- [ RunTime:0.000000s ]
INFO: BaseController->formatResolution :: user_session - 【10100001-9d7aa9c5-e588-4d01-8afc-b3f2bc93e096】 $areacode - 【10100001】
INFO: function->initConfig :: $areacode - 【10100001】
INFO: [ view_parse ] --START--
INFO: [ template_filter ] --START--
INFO: Run Behavior\ContentReplaceBehavior [ RunTime:0.000000s ]
INFO: [ template_filter ] --END-- [ RunTime:0.000000s ]
INFO: Run Behavior\ParseTemplateBehavior [ RunTime:0.015600s ]
INFO: [ view_parse ] --END-- [ RunTime:0.015600s ]
INFO: [ view_filter ] --START--
INFO: Run Behavior\WriteHtmlCacheBehavior [ RunTime:0.000000s ]
INFO: [ view_filter ] --END-- [ RunTime:0.000000s ]
INFO: [ app_end ] --START--
INFO: Run Behavior\ShowPageTraceBehavior [ RunTime:0.000000s ]
INFO: [ app_end ] --END-- [ RunTime:0.000000s ]

[ 2016-08-25T12:27:58+08:00 ] 10.10.20.103 /list/restaurant?category_code=DG0000001&usercode=1010000116081503235537701&user_session=10100001-9d7aa9c5-e588-4d01-8afc-b3f2bc93e096&websitecode=&backUrl=http%3A%2F%2F10.10.20.11%3A15010%2Findex%2Fshowpage%3Fusercode%3D1010000116081503235537701%26user_session%3D10100001-9d7aa9c5-e588-4d01-8afc-b3f2bc93e096%26websitecode%3D%26navcode%3DCM20160815003%26focusid%3Dtd6%26backUrl%3Dhttp%253A%252F%252F10.10.20.11%253A15008%252F%253Fexit%253D1&_v=88953
INFO: [ app_init ] --START--
INFO: Run Behavior\BuildLiteBehavior [ RunTime:0.000000s ]
INFO: [ app_init ] --END-- [ RunTime:0.000000s ]
INFO: [ app_begin ] --START--
INFO: Run Behavior\ReadHtmlCacheBehavior [ RunTime:0.000000s ]
INFO: [ app_begin ] --END-- [ RunTime:0.000000s ]
INFO: BaseController->formatResolution :: user_session - 【10100001-9d7aa9c5-e588-4d01-8afc-b3f2bc93e096】 $areacode - 【10100001】
INFO: function->initConfig :: $areacode - 【10100001】
INFO: [ view_parse ] --START--
INFO: [ template_filter ] --START--
INFO: Run Behavior\ContentReplaceBehavior [ RunTime:0.000000s ]
INFO: [ template_filter ] --END-- [ RunTime:0.000000s ]
INFO: Run Behavior\ParseTemplateBehavior [ RunTime:0.015600s ]
INFO: [ view_parse ] --END-- [ RunTime:0.015600s ]
INFO: [ view_filter ] --START--
INFO: Run Behavior\WriteHtmlCacheBehavior [ RunTime:0.000000s ]
INFO: [ view_filter ] --END-- [ RunTime:0.000000s ]
INFO: [ app_end ] --START--
INFO: Run Behavior\ShowPageTraceBehavior [ RunTime:0.000000s ]
INFO: [ app_end ] --END-- [ RunTime:0.000000s ]

[ 2016-08-25T12:28:17+08:00 ] 10.10.20.103 /list/restaurant?category_code=DG0000001&usercode=1010000116081503235537701&user_session=10100001-9d7aa9c5-e588-4d01-8afc-b3f2bc93e096&websitecode=&backUrl=http%3A%2F%2F10.10.20.11%3A15010%2Findex%2Fshowpage%3Fusercode%3D1010000116081503235537701%26user_session%3D10100001-9d7aa9c5-e588-4d01-8afc-b3f2bc93e096%26websitecode%3D%26navcode%3DCM20160815003%26focusid%3Dtd6%26backUrl%3Dhttp%253A%252F%252F10.10.20.11%253A15008%252F%253Fexit%253D1&_v=88953
INFO: [ app_init ] --START--
INFO: Run Behavior\BuildLiteBehavior [ RunTime:0.000000s ]
INFO: [ app_init ] --END-- [ RunTime:0.000000s ]
INFO: [ app_begin ] --START--
INFO: Run Behavior\ReadHtmlCacheBehavior [ RunTime:0.015601s ]
INFO: [ app_begin ] --END-- [ RunTime:0.015601s ]
INFO: BaseController->formatResolution :: user_session - 【10100001-9d7aa9c5-e588-4d01-8afc-b3f2bc93e096】 $areacode - 【10100001】
INFO: function->initConfig :: $areacode - 【10100001】
INFO: [ view_parse ] --START--
INFO: [ template_filter ] --START--
INFO: Run Behavior\ContentReplaceBehavior [ RunTime:0.000000s ]
INFO: [ template_filter ] --END-- [ RunTime:0.000000s ]
INFO: Run Behavior\ParseTemplateBehavior [ RunTime:0.015600s ]
INFO: [ view_parse ] --END-- [ RunTime:0.015600s ]
INFO: [ view_filter ] --START--
INFO: Run Behavior\WriteHtmlCacheBehavior [ RunTime:0.000000s ]
INFO: [ view_filter ] --END-- [ RunTime:0.000000s ]
INFO: [ app_end ] --START--
INFO: Run Behavior\ShowPageTraceBehavior [ RunTime:0.000000s ]
INFO: [ app_end ] --END-- [ RunTime:0.000000s ]

[ 2016-08-25T12:28:17+08:00 ] 10.10.20.103 /list/restaurant?category_code=DG0000001&usercode=1010000116081503235537701&user_session=10100001-9d7aa9c5-e588-4d01-8afc-b3f2bc93e096&websitecode=&backUrl=http%3A%2F%2F10.10.20.11%3A15010%2Findex%2Fshowpage%3Fusercode%3D1010000116081503235537701%26user_session%3D10100001-9d7aa9c5-e588-4d01-8afc-b3f2bc93e096%26websitecode%3D%26navcode%3DCM20160815003%26focusid%3Dtd6%26backUrl%3Dhttp%253A%252F%252F10.10.20.11%253A15008%252F%253Fexit%253D1&_v=88953
INFO: [ app_init ] --START--
INFO: Run Behavior\BuildLiteBehavior [ RunTime:0.000000s ]
INFO: [ app_init ] --END-- [ RunTime:0.000000s ]
INFO: [ app_begin ] --START--
INFO: Run Behavior\ReadHtmlCacheBehavior [ RunTime:0.000000s ]
INFO: [ app_begin ] --END-- [ RunTime:0.000000s ]
INFO: BaseController->formatResolution :: user_session - 【10100001-9d7aa9c5-e588-4d01-8afc-b3f2bc93e096】 $areacode - 【10100001】
INFO: function->initConfig :: $areacode - 【10100001】
INFO: [ view_parse ] --START--
INFO: [ template_filter ] --START--
INFO: Run Behavior\ContentReplaceBehavior [ RunTime:0.000000s ]
INFO: [ template_filter ] --END-- [ RunTime:0.000000s ]
INFO: Run Behavior\ParseTemplateBehavior [ RunTime:0.015600s ]
INFO: [ view_parse ] --END-- [ RunTime:0.015600s ]
INFO: [ view_filter ] --START--
INFO: Run Behavior\WriteHtmlCacheBehavior [ RunTime:0.000000s ]
INFO: [ view_filter ] --END-- [ RunTime:0.000000s ]
INFO: [ app_end ] --START--
INFO: Run Behavior\ShowPageTraceBehavior [ RunTime:0.000000s ]
INFO: [ app_end ] --END-- [ RunTime:0.000000s ]

[ 2016-08-25T12:28:18+08:00 ] 10.10.20.103 /list/restaurant?category_code=DG0000001&usercode=1010000116081503235537701&user_session=10100001-9d7aa9c5-e588-4d01-8afc-b3f2bc93e096&websitecode=&backUrl=http%3A%2F%2F10.10.20.11%3A15010%2Findex%2Fshowpage%3Fusercode%3D1010000116081503235537701%26user_session%3D10100001-9d7aa9c5-e588-4d01-8afc-b3f2bc93e096%26websitecode%3D%26navcode%3DCM20160815003%26focusid%3Dtd6%26backUrl%3Dhttp%253A%252F%252F10.10.20.11%253A15008%252F%253Fexit%253D1&_v=88953
INFO: [ app_init ] --START--
INFO: Run Behavior\BuildLiteBehavior [ RunTime:0.000000s ]
INFO: [ app_init ] --END-- [ RunTime:0.000000s ]
INFO: [ app_begin ] --START--
INFO: Run Behavior\ReadHtmlCacheBehavior [ RunTime:0.000000s ]
INFO: [ app_begin ] --END-- [ RunTime:0.000000s ]
INFO: BaseController->formatResolution :: user_session - 【10100001-9d7aa9c5-e588-4d01-8afc-b3f2bc93e096】 $areacode - 【10100001】
INFO: function->initConfig :: $areacode - 【10100001】
INFO: [ view_parse ] --START--
INFO: [ template_filter ] --START--
INFO: Run Behavior\ContentReplaceBehavior [ RunTime:0.000000s ]
INFO: [ template_filter ] --END-- [ RunTime:0.000000s ]
INFO: Run Behavior\ParseTemplateBehavior [ RunTime:0.015600s ]
INFO: [ view_parse ] --END-- [ RunTime:0.015600s ]
INFO: [ view_filter ] --START--
INFO: Run Behavior\WriteHtmlCacheBehavior [ RunTime:0.000000s ]
INFO: [ view_filter ] --END-- [ RunTime:0.000000s ]
INFO: [ app_end ] --START--
INFO: Run Behavior\ShowPageTraceBehavior [ RunTime:0.000000s ]
INFO: [ app_end ] --END-- [ RunTime:0.000000s ]

[ 2016-08-25T12:28:18+08:00 ] 10.10.20.103 /list/restaurant?category_code=DG0000001&usercode=1010000116081503235537701&user_session=10100001-9d7aa9c5-e588-4d01-8afc-b3f2bc93e096&websitecode=&backUrl=http%3A%2F%2F10.10.20.11%3A15010%2Findex%2Fshowpage%3Fusercode%3D1010000116081503235537701%26user_session%3D10100001-9d7aa9c5-e588-4d01-8afc-b3f2bc93e096%26websitecode%3D%26navcode%3DCM20160815003%26focusid%3Dtd6%26backUrl%3Dhttp%253A%252F%252F10.10.20.11%253A15008%252F%253Fexit%253D1&_v=88953
INFO: [ app_init ] --START--
INFO: Run Behavior\BuildLiteBehavior [ RunTime:0.000000s ]
INFO: [ app_init ] --END-- [ RunTime:0.000000s ]
INFO: [ app_begin ] --START--
INFO: Run Behavior\ReadHtmlCacheBehavior [ RunTime:0.000000s ]
INFO: [ app_begin ] --END-- [ RunTime:0.000000s ]
INFO: BaseController->formatResolution :: user_session - 【10100001-9d7aa9c5-e588-4d01-8afc-b3f2bc93e096】 $areacode - 【10100001】
INFO: function->initConfig :: $areacode - 【10100001】
INFO: [ view_parse ] --START--
INFO: [ template_filter ] --START--
INFO: Run Behavior\ContentReplaceBehavior [ RunTime:0.000000s ]
INFO: [ template_filter ] --END-- [ RunTime:0.000000s ]
INFO: Run Behavior\ParseTemplateBehavior [ RunTime:0.015600s ]
INFO: [ view_parse ] --END-- [ RunTime:0.015600s ]
INFO: [ view_filter ] --START--
INFO: Run Behavior\WriteHtmlCacheBehavior [ RunTime:0.000000s ]
INFO: [ view_filter ] --END-- [ RunTime:0.000000s ]
INFO: [ app_end ] --START--
INFO: Run Behavior\ShowPageTraceBehavior [ RunTime:0.000000s ]
INFO: [ app_end ] --END-- [ RunTime:0.000000s ]

[ 2016-08-25T12:28:19+08:00 ] 10.10.20.103 /list/restaurant?category_code=DG0000001&usercode=1010000116081503235537701&user_session=10100001-9d7aa9c5-e588-4d01-8afc-b3f2bc93e096&websitecode=&backUrl=http%3A%2F%2F10.10.20.11%3A15010%2Findex%2Fshowpage%3Fusercode%3D1010000116081503235537701%26user_session%3D10100001-9d7aa9c5-e588-4d01-8afc-b3f2bc93e096%26websitecode%3D%26navcode%3DCM20160815003%26focusid%3Dtd6%26backUrl%3Dhttp%253A%252F%252F10.10.20.11%253A15008%252F%253Fexit%253D1&_v=88953
INFO: [ app_init ] --START--
INFO: Run Behavior\BuildLiteBehavior [ RunTime:0.000000s ]
INFO: [ app_init ] --END-- [ RunTime:0.000000s ]
INFO: [ app_begin ] --START--
INFO: Run Behavior\ReadHtmlCacheBehavior [ RunTime:0.000000s ]
INFO: [ app_begin ] --END-- [ RunTime:0.000000s ]
INFO: BaseController->formatResolution :: user_session - 【10100001-9d7aa9c5-e588-4d01-8afc-b3f2bc93e096】 $areacode - 【10100001】
INFO: function->initConfig :: $areacode - 【10100001】
INFO: [ view_parse ] --START--
INFO: [ template_filter ] --START--
INFO: Run Behavior\ContentReplaceBehavior [ RunTime:0.000000s ]
INFO: [ template_filter ] --END-- [ RunTime:0.000000s ]
INFO: Run Behavior\ParseTemplateBehavior [ RunTime:0.015600s ]
INFO: [ view_parse ] --END-- [ RunTime:0.015600s ]
INFO: [ view_filter ] --START--
INFO: Run Behavior\WriteHtmlCacheBehavior [ RunTime:0.000000s ]
INFO: [ view_filter ] --END-- [ RunTime:0.000000s ]
INFO: [ app_end ] --START--
INFO: Run Behavior\ShowPageTraceBehavior [ RunTime:0.000000s ]
INFO: [ app_end ] --END-- [ RunTime:0.000000s ]

[ 2016-08-25T12:29:29+08:00 ] 10.10.20.103 /list/restaurant?category_code=DG0000001&usercode=1010000116081503235537701&user_session=10100001-9d7aa9c5-e588-4d01-8afc-b3f2bc93e096&websitecode=&backUrl=http%3A%2F%2F10.10.20.11%3A15010%2Findex%2Fshowpage%3Fusercode%3D1010000116081503235537701%26user_session%3D10100001-9d7aa9c5-e588-4d01-8afc-b3f2bc93e096%26websitecode%3D%26navcode%3DCM20160815003%26focusid%3Dtd6%26backUrl%3Dhttp%253A%252F%252F10.10.20.11%253A15008%252F%253Fexit%253D1&_v=88953
INFO: [ app_init ] --START--
INFO: Run Behavior\BuildLiteBehavior [ RunTime:0.000000s ]
INFO: [ app_init ] --END-- [ RunTime:0.015600s ]
INFO: [ app_begin ] --START--
INFO: Run Behavior\ReadHtmlCacheBehavior [ RunTime:0.000000s ]
INFO: [ app_begin ] --END-- [ RunTime:0.000000s ]
INFO: BaseController->formatResolution :: user_session - 【10100001-9d7aa9c5-e588-4d01-8afc-b3f2bc93e096】 $areacode - 【10100001】
INFO: function->initConfig :: $areacode - 【10100001】
INFO: [ view_parse ] --START--
INFO: [ template_filter ] --START--
INFO: Run Behavior\ContentReplaceBehavior [ RunTime:0.000000s ]
INFO: [ template_filter ] --END-- [ RunTime:0.000000s ]
INFO: Run Behavior\ParseTemplateBehavior [ RunTime:0.000000s ]
INFO: [ view_parse ] --END-- [ RunTime:0.000000s ]
INFO: [ view_filter ] --START--
INFO: Run Behavior\WriteHtmlCacheBehavior [ RunTime:0.000000s ]
INFO: [ view_filter ] --END-- [ RunTime:0.000000s ]
INFO: [ app_end ] --START--
INFO: Run Behavior\ShowPageTraceBehavior [ RunTime:0.000000s ]
INFO: [ app_end ] --END-- [ RunTime:0.000000s ]

[ 2016-08-25T12:29:30+08:00 ] 10.10.20.103 /list/restaurant?category_code=DG0000001&usercode=1010000116081503235537701&user_session=10100001-9d7aa9c5-e588-4d01-8afc-b3f2bc93e096&websitecode=&backUrl=http%3A%2F%2F10.10.20.11%3A15010%2Findex%2Fshowpage%3Fusercode%3D1010000116081503235537701%26user_session%3D10100001-9d7aa9c5-e588-4d01-8afc-b3f2bc93e096%26websitecode%3D%26navcode%3DCM20160815003%26focusid%3Dtd6%26backUrl%3Dhttp%253A%252F%252F10.10.20.11%253A15008%252F%253Fexit%253D1&_v=88953
INFO: [ app_init ] --START--
INFO: Run Behavior\BuildLiteBehavior [ RunTime:0.000000s ]
INFO: [ app_init ] --END-- [ RunTime:0.000000s ]
INFO: [ app_begin ] --START--
INFO: Run Behavior\ReadHtmlCacheBehavior [ RunTime:0.000000s ]
INFO: [ app_begin ] --END-- [ RunTime:0.000000s ]
INFO: BaseController->formatResolution :: user_session - 【10100001-9d7aa9c5-e588-4d01-8afc-b3f2bc93e096】 $areacode - 【10100001】
INFO: function->initConfig :: $areacode - 【10100001】
INFO: [ view_parse ] --START--
INFO: [ template_filter ] --START--
INFO: Run Behavior\ContentReplaceBehavior [ RunTime:0.000000s ]
INFO: [ template_filter ] --END-- [ RunTime:0.000000s ]
INFO: Run Behavior\ParseTemplateBehavior [ RunTime:0.015600s ]
INFO: [ view_parse ] --END-- [ RunTime:0.015600s ]
INFO: [ view_filter ] --START--
INFO: Run Behavior\WriteHtmlCacheBehavior [ RunTime:0.000000s ]
INFO: [ view_filter ] --END-- [ RunTime:0.000000s ]
INFO: [ app_end ] --START--
INFO: Run Behavior\ShowPageTraceBehavior [ RunTime:0.000000s ]
INFO: [ app_end ] --END-- [ RunTime:0.000000s ]

[ 2016-08-25T12:29:30+08:00 ] 10.10.20.103 /list/restaurant?category_code=DG0000001&usercode=1010000116081503235537701&user_session=10100001-9d7aa9c5-e588-4d01-8afc-b3f2bc93e096&websitecode=&backUrl=http%3A%2F%2F10.10.20.11%3A15010%2Findex%2Fshowpage%3Fusercode%3D1010000116081503235537701%26user_session%3D10100001-9d7aa9c5-e588-4d01-8afc-b3f2bc93e096%26websitecode%3D%26navcode%3DCM20160815003%26focusid%3Dtd6%26backUrl%3Dhttp%253A%252F%252F10.10.20.11%253A15008%252F%253Fexit%253D1&_v=88953
INFO: [ app_init ] --START--
INFO: Run Behavior\BuildLiteBehavior [ RunTime:0.000000s ]
INFO: [ app_init ] --END-- [ RunTime:0.015600s ]
INFO: [ app_begin ] --START--
INFO: Run Behavior\ReadHtmlCacheBehavior [ RunTime:0.000000s ]
INFO: [ app_begin ] --END-- [ RunTime:0.000000s ]
INFO: BaseController->formatResolution :: user_session - 【10100001-9d7aa9c5-e588-4d01-8afc-b3f2bc93e096】 $areacode - 【10100001】
INFO: function->initConfig :: $areacode - 【10100001】
INFO: [ view_parse ] --START--
INFO: [ template_filter ] --START--
INFO: Run Behavior\ContentReplaceBehavior [ RunTime:0.000000s ]
INFO: [ template_filter ] --END-- [ RunTime:0.000000s ]
INFO: Run Behavior\ParseTemplateBehavior [ RunTime:0.015600s ]
INFO: [ view_parse ] --END-- [ RunTime:0.015600s ]
INFO: [ view_filter ] --START--
INFO: Run Behavior\WriteHtmlCacheBehavior [ RunTime:0.000000s ]
INFO: [ view_filter ] --END-- [ RunTime:0.000000s ]
INFO: [ app_end ] --START--
INFO: Run Behavior\ShowPageTraceBehavior [ RunTime:0.000000s ]
INFO: [ app_end ] --END-- [ RunTime:0.000000s ]

[ 2016-08-25T12:32:03+08:00 ] 10.10.20.103 /list/restaurant?category_code=DG0000001&usercode=1010000116081503235537701&user_session=10100001-9d7aa9c5-e588-4d01-8afc-b3f2bc93e096&websitecode=&backUrl=http%3A%2F%2F10.10.20.11%3A15010%2Findex%2Fshowpage%3Fusercode%3D1010000116081503235537701%26user_session%3D10100001-9d7aa9c5-e588-4d01-8afc-b3f2bc93e096%26websitecode%3D%26navcode%3DCM20160815003%26focusid%3Dtd6%26backUrl%3Dhttp%253A%252F%252F10.10.20.11%253A15008%252F%253Fexit%253D1&_v=88953
INFO: [ app_init ] --START--
INFO: Run Behavior\BuildLiteBehavior [ RunTime:0.000000s ]
INFO: [ app_init ] --END-- [ RunTime:0.000000s ]
INFO: [ app_begin ] --START--
INFO: Run Behavior\ReadHtmlCacheBehavior [ RunTime:0.000000s ]
INFO: [ app_begin ] --END-- [ RunTime:0.000000s ]
INFO: BaseController->formatResolution :: user_session - 【10100001-9d7aa9c5-e588-4d01-8afc-b3f2bc93e096】 $areacode - 【10100001】
INFO: function->initConfig :: $areacode - 【10100001】
INFO: [ view_parse ] --START--
INFO: [ template_filter ] --START--
INFO: Run Behavior\ContentReplaceBehavior [ RunTime:0.000000s ]
INFO: [ template_filter ] --END-- [ RunTime:0.000000s ]
INFO: Run Behavior\ParseTemplateBehavior [ RunTime:0.015600s ]
INFO: [ view_parse ] --END-- [ RunTime:0.015600s ]
INFO: [ view_filter ] --START--
INFO: Run Behavior\WriteHtmlCacheBehavior [ RunTime:0.000000s ]
INFO: [ view_filter ] --END-- [ RunTime:0.000000s ]
INFO: [ app_end ] --START--
INFO: Run Behavior\ShowPageTraceBehavior [ RunTime:0.000000s ]
INFO: [ app_end ] --END-- [ RunTime:0.000000s ]

[ 2016-08-25T12:34:52+08:00 ] 10.10.20.103 /list/restaurant?category_code=DG0000001&usercode=1010000116081503235537701&user_session=10100001-9d7aa9c5-e588-4d01-8afc-b3f2bc93e096&websitecode=&backUrl=http%3A%2F%2F10.10.20.11%3A15010%2Findex%2Fshowpage%3Fusercode%3D1010000116081503235537701%26user_session%3D10100001-9d7aa9c5-e588-4d01-8afc-b3f2bc93e096%26websitecode%3D%26navcode%3DCM20160815003%26focusid%3Dtd6%26backUrl%3Dhttp%253A%252F%252F10.10.20.11%253A15008%252F%253Fexit%253D1&_v=88953
INFO: [ app_init ] --START--
INFO: Run Behavior\BuildLiteBehavior [ RunTime:0.000000s ]
INFO: [ app_init ] --END-- [ RunTime:0.000000s ]
INFO: [ app_begin ] --START--
INFO: Run Behavior\ReadHtmlCacheBehavior [ RunTime:0.000000s ]
INFO: [ app_begin ] --END-- [ RunTime:0.000000s ]
INFO: BaseController->formatResolution :: user_session - 【10100001-9d7aa9c5-e588-4d01-8afc-b3f2bc93e096】 $areacode - 【10100001】
INFO: function->initConfig :: $areacode - 【10100001】
INFO: [ view_parse ] --START--
INFO: [ template_filter ] --START--
INFO: Run Behavior\ContentReplaceBehavior [ RunTime:0.000000s ]
INFO: [ template_filter ] --END-- [ RunTime:0.000000s ]
INFO: Run Behavior\ParseTemplateBehavior [ RunTime:0.015600s ]
INFO: [ view_parse ] --END-- [ RunTime:0.015600s ]
INFO: [ view_filter ] --START--
INFO: Run Behavior\WriteHtmlCacheBehavior [ RunTime:0.000000s ]
INFO: [ view_filter ] --END-- [ RunTime:0.000000s ]
INFO: [ app_end ] --START--
INFO: Run Behavior\ShowPageTraceBehavior [ RunTime:0.000000s ]
INFO: [ app_end ] --END-- [ RunTime:0.000000s ]

[ 2016-08-25T12:36:15+08:00 ] 10.10.20.103 /list/restaurant?category_code=DG0000001&usercode=1010000116081503235537701&user_session=10100001-9d7aa9c5-e588-4d01-8afc-b3f2bc93e096&websitecode=&backUrl=http%3A%2F%2F10.10.20.11%3A15010%2Findex%2Fshowpage%3Fusercode%3D1010000116081503235537701%26user_session%3D10100001-9d7aa9c5-e588-4d01-8afc-b3f2bc93e096%26websitecode%3D%26navcode%3DCM20160815003%26focusid%3Dtd6%26backUrl%3Dhttp%253A%252F%252F10.10.20.11%253A15008%252F%253Fexit%253D1&_v=88953
INFO: [ app_init ] --START--
INFO: Run Behavior\BuildLiteBehavior [ RunTime:0.000000s ]
INFO: [ app_init ] --END-- [ RunTime:0.000000s ]
INFO: [ app_begin ] --START--
INFO: Run Behavior\ReadHtmlCacheBehavior [ RunTime:0.000000s ]
INFO: [ app_begin ] --END-- [ RunTime:0.000000s ]
INFO: BaseController->formatResolution :: user_session - 【10100001-9d7aa9c5-e588-4d01-8afc-b3f2bc93e096】 $areacode - 【10100001】
INFO: function->initConfig :: $areacode - 【10100001】
INFO: [ view_parse ] --START--
INFO: [ template_filter ] --START--
INFO: Run Behavior\ContentReplaceBehavior [ RunTime:0.000000s ]
INFO: [ template_filter ] --END-- [ RunTime:0.000000s ]
INFO: Run Behavior\ParseTemplateBehavior [ RunTime:0.015600s ]
INFO: [ view_parse ] --END-- [ RunTime:0.015600s ]
INFO: [ view_filter ] --START--
INFO: Run Behavior\WriteHtmlCacheBehavior [ RunTime:0.000000s ]
INFO: [ view_filter ] --END-- [ RunTime:0.000000s ]
INFO: [ app_end ] --START--
INFO: Run Behavior\ShowPageTraceBehavior [ RunTime:0.000000s ]
INFO: [ app_end ] --END-- [ RunTime:0.000000s ]

[ 2016-08-25T12:37:19+08:00 ] 10.10.20.103 /list/restaurant?category_code=DG0000001&usercode=1010000116081503235537701&user_session=10100001-9d7aa9c5-e588-4d01-8afc-b3f2bc93e096&websitecode=&backUrl=http%3A%2F%2F10.10.20.11%3A15010%2Findex%2Fshowpage%3Fusercode%3D1010000116081503235537701%26user_session%3D10100001-9d7aa9c5-e588-4d01-8afc-b3f2bc93e096%26websitecode%3D%26navcode%3DCM20160815003%26focusid%3Dtd6%26backUrl%3Dhttp%253A%252F%252F10.10.20.11%253A15008%252F%253Fexit%253D1&_v=88953
INFO: [ app_init ] --START--
INFO: Run Behavior\BuildLiteBehavior [ RunTime:0.000000s ]
INFO: [ app_init ] --END-- [ RunTime:0.000000s ]
INFO: [ app_begin ] --START--
INFO: Run Behavior\ReadHtmlCacheBehavior [ RunTime:0.000000s ]
INFO: [ app_begin ] --END-- [ RunTime:0.000000s ]
INFO: BaseController->formatResolution :: user_session - 【10100001-9d7aa9c5-e588-4d01-8afc-b3f2bc93e096】 $areacode - 【10100001】
INFO: function->initConfig :: $areacode - 【10100001】
INFO: [ view_parse ] --START--
INFO: [ template_filter ] --START--
INFO: Run Behavior\ContentReplaceBehavior [ RunTime:0.000000s ]
INFO: [ template_filter ] --END-- [ RunTime:0.000000s ]
INFO: Run Behavior\ParseTemplateBehavior [ RunTime:0.015600s ]
INFO: [ view_parse ] --END-- [ RunTime:0.015600s ]
INFO: [ view_filter ] --START--
INFO: Run Behavior\WriteHtmlCacheBehavior [ RunTime:0.000000s ]
INFO: [ view_filter ] --END-- [ RunTime:0.000000s ]
INFO: [ app_end ] --START--
INFO: Run Behavior\ShowPageTraceBehavior [ RunTime:0.000000s ]
INFO: [ app_end ] --END-- [ RunTime:0.000000s ]

[ 2016-08-25T12:37:45+08:00 ] 10.10.20.103 /list/restaurant?category_code=DG0000001&usercode=1010000116081503235537701&user_session=10100001-9d7aa9c5-e588-4d01-8afc-b3f2bc93e096&websitecode=&backUrl=http%3A%2F%2F10.10.20.11%3A15010%2Findex%2Fshowpage%3Fusercode%3D1010000116081503235537701%26user_session%3D10100001-9d7aa9c5-e588-4d01-8afc-b3f2bc93e096%26websitecode%3D%26navcode%3DCM20160815003%26focusid%3Dtd6%26backUrl%3Dhttp%253A%252F%252F10.10.20.11%253A15008%252F%253Fexit%253D1&_v=88953
INFO: [ app_init ] --START--
INFO: Run Behavior\BuildLiteBehavior [ RunTime:0.000000s ]
INFO: [ app_init ] --END-- [ RunTime:0.000000s ]
INFO: [ app_begin ] --START--
INFO: Run Behavior\ReadHtmlCacheBehavior [ RunTime:0.000000s ]
INFO: [ app_begin ] --END-- [ RunTime:0.000000s ]
INFO: BaseController->formatResolution :: user_session - 【10100001-9d7aa9c5-e588-4d01-8afc-b3f2bc93e096】 $areacode - 【10100001】
INFO: function->initConfig :: $areacode - 【10100001】
INFO: [ view_parse ] --START--
INFO: [ template_filter ] --START--
INFO: Run Behavior\ContentReplaceBehavior [ RunTime:0.000000s ]
INFO: [ template_filter ] --END-- [ RunTime:0.000000s ]
INFO: Run Behavior\ParseTemplateBehavior [ RunTime:0.015600s ]
INFO: [ view_parse ] --END-- [ RunTime:0.015600s ]
INFO: [ view_filter ] --START--
INFO: Run Behavior\WriteHtmlCacheBehavior [ RunTime:0.000000s ]
INFO: [ view_filter ] --END-- [ RunTime:0.000000s ]
INFO: [ app_end ] --START--
INFO: Run Behavior\ShowPageTraceBehavior [ RunTime:0.000000s ]
INFO: [ app_end ] --END-- [ RunTime:0.000000s ]

[ 2016-08-25T12:38:02+08:00 ] 10.10.20.103 /video?content_code=CT032016081600136&usercode=1010000116081503235537701&user_session=10100001-9d7aa9c5-e588-4d01-8afc-b3f2bc93e096&websitecode=&backUrl=http%3A%2F%2F10.10.20.11%3A15010%2Flist%3Fusercode%3D1010000116081503235537701%26user_session%3D10100001-9d7aa9c5-e588-4d01-8afc-b3f2bc93e096%26websitecode%3D%26category_code%3DDG0000001%26pageIndex%3D0%26focusid%3Dtd4%26backUrl%3Dhttp%253A%252F%252F10.10.20.11%253A15010%252Findex%252Fshowpage%253Fusercode%253D1010000116081503235537701%2526user_session%253D10100001-9d7aa9c5-e588-4d01-8afc-b3f2bc93e096%2526websitecode%253D%2526navcode%253DCM20160815003%2526focusid%253Dtd6%2526backUrl%253Dhttp%25253A%25252F%25252F10.10.20.11%25253A15008%25252F%25253Fexit%25253D1&_v=96807
INFO: [ app_init ] --START--
INFO: Run Behavior\BuildLiteBehavior [ RunTime:0.000000s ]
INFO: [ app_init ] --END-- [ RunTime:0.000000s ]
INFO: [ app_begin ] --START--
INFO: Run Behavior\ReadHtmlCacheBehavior [ RunTime:0.000000s ]
INFO: [ app_begin ] --END-- [ RunTime:0.000000s ]
INFO: BaseController->formatResolution :: user_session - 【10100001-9d7aa9c5-e588-4d01-8afc-b3f2bc93e096】 $areacode - 【10100001】
INFO: function->initConfig :: $areacode - 【10100001】
INFO: [ view_parse ] --START--
INFO: [ template_filter ] --START--
INFO: Run Behavior\ContentReplaceBehavior [ RunTime:0.000000s ]
INFO: [ template_filter ] --END-- [ RunTime:0.000000s ]
INFO: Run Behavior\ParseTemplateBehavior [ RunTime:0.000000s ]
INFO: [ view_parse ] --END-- [ RunTime:0.000000s ]
INFO: [ view_filter ] --START--
INFO: Run Behavior\WriteHtmlCacheBehavior [ RunTime:0.000000s ]
INFO: [ view_filter ] --END-- [ RunTime:0.000000s ]
INFO: [ app_end ] --START--
INFO: Run Behavior\ShowPageTraceBehavior [ RunTime:0.000000s ]
INFO: [ app_end ] --END-- [ RunTime:0.000000s ]

[ 2016-08-25T12:38:04+08:00 ] 10.10.20.103 /list?usercode=1010000116081503235537701&user_session=10100001-9d7aa9c5-e588-4d01-8afc-b3f2bc93e096&websitecode=&category_code=DG0000001&pageIndex=0&focusid=td4&backUrl=http%3A%2F%2F10.10.20.11%3A15010%2Findex%2Fshowpage%3Fusercode%3D1010000116081503235537701%26user_session%3D10100001-9d7aa9c5-e588-4d01-8afc-b3f2bc93e096%26websitecode%3D%26navcode%3DCM20160815003%26focusid%3Dtd6%26backUrl%3Dhttp%253A%252F%252F10.10.20.11%253A15008%252F%253Fexit%253D1&_v=54686
INFO: [ app_init ] --START--
INFO: Run Behavior\BuildLiteBehavior [ RunTime:0.000000s ]
INFO: [ app_init ] --END-- [ RunTime:0.000000s ]
INFO: [ app_begin ] --START--
INFO: Run Behavior\ReadHtmlCacheBehavior [ RunTime:0.000000s ]
INFO: [ app_begin ] --END-- [ RunTime:0.000000s ]
INFO: BaseController->formatResolution :: user_session - 【10100001-9d7aa9c5-e588-4d01-8afc-b3f2bc93e096】 $areacode - 【10100001】
INFO: function->initConfig :: $areacode - 【10100001】
INFO: [ view_parse ] --START--
INFO: [ template_filter ] --START--
INFO: Run Behavior\ContentReplaceBehavior [ RunTime:0.000000s ]
INFO: [ template_filter ] --END-- [ RunTime:0.000000s ]
INFO: Run Behavior\ParseTemplateBehavior [ RunTime:0.000000s ]
INFO: [ view_parse ] --END-- [ RunTime:0.000000s ]
INFO: [ view_filter ] --START--
INFO: Run Behavior\WriteHtmlCacheBehavior [ RunTime:0.000000s ]
INFO: [ view_filter ] --END-- [ RunTime:0.000000s ]
INFO: [ app_end ] --START--
INFO: Run Behavior\ShowPageTraceBehavior [ RunTime:0.000000s ]
INFO: [ app_end ] --END-- [ RunTime:0.000000s ]

[ 2016-08-25T12:38:04+08:00 ] 10.10.20.103 /null
INFO: [ app_init ] --START--
INFO: Run Behavior\BuildLiteBehavior [ RunTime:0.000000s ]
INFO: [ app_init ] --END-- [ RunTime:0.000000s ]
INFO: [ app_begin ] --START--
INFO: Run Behavior\ReadHtmlCacheBehavior [ RunTime:0.000000s ]
INFO: [ app_begin ] --END-- [ RunTime:0.000000s ]
ERR: 无法加载控制器:Null

[ 2016-08-25T12:38:17+08:00 ] 10.10.20.103 /list/restaurant?category_code=DG0000001&usercode=1010000116081503235537701&user_session=10100001-9d7aa9c5-e588-4d01-8afc-b3f2bc93e096&websitecode=&backUrl=http%3A%2F%2F10.10.20.11%3A15010%2Findex%2Fshowpage%3Fusercode%3D1010000116081503235537701%26user_session%3D10100001-9d7aa9c5-e588-4d01-8afc-b3f2bc93e096%26websitecode%3D%26navcode%3DCM20160815003%26focusid%3Dtd6%26backUrl%3Dhttp%253A%252F%252F10.10.20.11%253A15008%252F%253Fexit%253D1&_v=88953
INFO: [ app_init ] --START--
INFO: Run Behavior\BuildLiteBehavior [ RunTime:0.000000s ]
INFO: [ app_init ] --END-- [ RunTime:0.000000s ]
INFO: [ app_begin ] --START--
INFO: Run Behavior\ReadHtmlCacheBehavior [ RunTime:0.000000s ]
INFO: [ app_begin ] --END-- [ RunTime:0.000000s ]
INFO: BaseController->formatResolution :: user_session - 【10100001-9d7aa9c5-e588-4d01-8afc-b3f2bc93e096】 $areacode - 【10100001】
INFO: function->initConfig :: $areacode - 【10100001】
INFO: [ view_parse ] --START--
INFO: [ template_filter ] --START--
INFO: Run Behavior\ContentReplaceBehavior [ RunTime:0.000000s ]
INFO: [ template_filter ] --END-- [ RunTime:0.000000s ]
INFO: Run Behavior\ParseTemplateBehavior [ RunTime:0.015600s ]
INFO: [ view_parse ] --END-- [ RunTime:0.015600s ]
INFO: [ view_filter ] --START--
INFO: Run Behavior\WriteHtmlCacheBehavior [ RunTime:0.000000s ]
INFO: [ view_filter ] --END-- [ RunTime:0.000000s ]
INFO: [ app_end ] --START--
INFO: Run Behavior\ShowPageTraceBehavior [ RunTime:0.000000s ]
INFO: [ app_end ] --END-- [ RunTime:0.000000s ]

