[ 2016-08-22T14:35:43+08:00 ] 10.10.20.103 /index/index?action=login&areacode=10100001&usercode=1010000116081503235537701&user_session=10100001-d873109b-fddb-4366-8035-608e75f8bc86&websitecode=&backUrl=http%3A%2F%2F10.10.20.11%3A15008%2F%3Fexit%3D1
INFO: [ app_init ] --START--
INFO: Run Behavior\BuildLiteBehavior [ RunTime:0.000000s ]
INFO: [ app_init ] --END-- [ RunTime:0.000000s ]
INFO: [ app_begin ] --START--
INFO: Run Behavior\ReadHtmlCacheBehavior [ RunTime:0.000000s ]
INFO: [ app_begin ] --END-- [ RunTime:0.000000s ]
INFO: BaseController->formatResolution :: user_session - 【10100001-d873109b-fddb-4366-8035-608e75f8bc86】 $areacode - 【10100001】
INFO: function->initConfig :: $areacode - 【10100001】
NOTIC: [8] Undefined index: header D:\tpcloud\tvportal\app\Home\Common\function.php 第 68 行.
NOTIC: [2] http_build_query(): Parameter 1 expected to be Array or Object.  Incorrect value given D:\tpcloud\tvportal\app\Home\Common\function.php 第 78 行.
NOTIC: [8] Undefined property: stdClass::$recode D:\tpcloud\tvportal\app\Home\Controller\IndexController.class.php 第 43 行.
DEBUG: before urlencode - backUrl :: 【http://10.10.20.11:15008/?exit=1】
DEBUG: after urlencode - backUrl :: 【http%3A%2F%2F10.10.20.11%3A15008%2F%3Fexit%3D1】
DEBUG: redirecturl - [http://10.10.20.11:15010/index/showpage?usercode=1010000116081503235537701&user_session=10100001-d873109b-fddb-4366-8035-608e75f8bc86&websitecode=&backUrl=http%3A%2F%2F10.10.20.11%3A15008%2F%3Fexit%3D1]

[ 2016-08-22T14:35:43+08:00 ] 10.10.20.103 /index/showpage?usercode=1010000116081503235537701&user_session=10100001-d873109b-fddb-4366-8035-608e75f8bc86&websitecode=&backUrl=http%3A%2F%2F10.10.20.11%3A15008%2F%3Fexit%3D1
INFO: [ app_init ] --START--
INFO: Run Behavior\BuildLiteBehavior [ RunTime:0.000000s ]
INFO: [ app_init ] --END-- [ RunTime:0.000000s ]
INFO: [ app_begin ] --START--
INFO: Run Behavior\ReadHtmlCacheBehavior [ RunTime:0.000000s ]
INFO: [ app_begin ] --END-- [ RunTime:0.000000s ]
INFO: BaseController->formatResolution :: user_session - 【10100001-d873109b-fddb-4366-8035-608e75f8bc86】 $areacode - 【10100001】
INFO: function->initConfig :: $areacode - 【10100001】
INFO: [ view_parse ] --START--
INFO: [ template_filter ] --START--
INFO: Run Behavior\ContentReplaceBehavior [ RunTime:0.000000s ]
INFO: [ template_filter ] --END-- [ RunTime:0.000000s ]
INFO: Run Behavior\ParseTemplateBehavior [ RunTime:0.015600s ]
INFO: [ view_parse ] --END-- [ RunTime:0.015600s ]
INFO: [ view_filter ] --START--
INFO: Run Behavior\WriteHtmlCacheBehavior [ RunTime:0.000000s ]
INFO: [ view_filter ] --END-- [ RunTime:0.000000s ]
INFO: [ app_end ] --START--
INFO: Run Behavior\ShowPageTraceBehavior [ RunTime:0.000000s ]
INFO: [ app_end ] --END-- [ RunTime:0.000000s ]

[ 2016-08-22T14:35:44+08:00 ] 10.10.20.103 /favicon.ico
INFO: [ app_init ] --START--
INFO: Run Behavior\BuildLiteBehavior [ RunTime:0.000000s ]
INFO: [ app_init ] --END-- [ RunTime:0.000000s ]

[ 2016-08-22T14:49:42+08:00 ] 10.10.20.103 /index/showpage?usercode=1010000116081503235537701&user_session=10100001-d873109b-fddb-4366-8035-608e75f8bc86&websitecode=&backUrl=http%3A%2F%2F10.10.20.11%3A15008%2F%3Fexit%3D1&_v=94983
INFO: [ app_init ] --START--
INFO: Run Behavior\BuildLiteBehavior [ RunTime:0.000000s ]
INFO: [ app_init ] --END-- [ RunTime:0.000000s ]
INFO: [ app_begin ] --START--
INFO: Run Behavior\ReadHtmlCacheBehavior [ RunTime:0.000000s ]
INFO: [ app_begin ] --END-- [ RunTime:0.000000s ]
INFO: BaseController->formatResolution :: user_session - 【10100001-d873109b-fddb-4366-8035-608e75f8bc86】 $areacode - 【10100001】
INFO: function->initConfig :: $areacode - 【10100001】
INFO: [ view_parse ] --START--
INFO: [ template_filter ] --START--
INFO: Run Behavior\ContentReplaceBehavior [ RunTime:0.000000s ]
INFO: [ template_filter ] --END-- [ RunTime:0.000000s ]
INFO: Run Behavior\ParseTemplateBehavior [ RunTime:0.000000s ]
INFO: [ view_parse ] --END-- [ RunTime:0.000000s ]
INFO: [ view_filter ] --START--
INFO: Run Behavior\WriteHtmlCacheBehavior [ RunTime:0.000000s ]
INFO: [ view_filter ] --END-- [ RunTime:0.000000s ]
INFO: [ app_end ] --START--
INFO: Run Behavior\ShowPageTraceBehavior [ RunTime:0.000000s ]
INFO: [ app_end ] --END-- [ RunTime:0.000000s ]

[ 2016-08-22T14:51:18+08:00 ] 10.10.20.103 /list/album?usercode=1010000116081503235537701&user_session=10100001-d873109b-fddb-4366-8035-608e75f8bc86&websitecode=&album_code=CT032016082201003&from_play_msg=1&backUrl=http%3A%2F%2F10.10.20.11%3A15010%2Findex%2Fshowpage%3Fusercode%3D1010000116081503235537701%26user_session%3D10100001-d873109b-fddb-4366-8035-608e75f8bc86%26websitecode%3D%26backUrl%3Dhttp%253A%252F%252F10.10.20.11%253A15008%252F%253Fexit%253D1%26_v%3D94983&_v=6752
INFO: [ app_init ] --START--
INFO: Run Behavior\BuildLiteBehavior [ RunTime:0.000000s ]
INFO: [ app_init ] --END-- [ RunTime:0.000000s ]
INFO: [ app_begin ] --START--
INFO: Run Behavior\ReadHtmlCacheBehavior [ RunTime:0.000000s ]
INFO: [ app_begin ] --END-- [ RunTime:0.000000s ]
ERR: syntax error, unexpected '{', expecting '('

[ 2016-08-22T14:51:25+08:00 ] 10.10.20.103 /list/album?usercode=1010000116081503235537701&user_session=10100001-d873109b-fddb-4366-8035-608e75f8bc86&websitecode=&album_code=CT032016082201003&from_play_msg=1&backUrl=http%3A%2F%2F10.10.20.11%3A15010%2Findex%2Fshowpage%3Fusercode%3D1010000116081503235537701%26user_session%3D10100001-d873109b-fddb-4366-8035-608e75f8bc86%26websitecode%3D%26backUrl%3Dhttp%253A%252F%252F10.10.20.11%253A15008%252F%253Fexit%253D1%26_v%3D94983&_v=6752
INFO: [ app_init ] --START--
INFO: Run Behavior\BuildLiteBehavior [ RunTime:0.000000s ]
INFO: [ app_init ] --END-- [ RunTime:0.000000s ]
INFO: [ app_begin ] --START--
INFO: Run Behavior\ReadHtmlCacheBehavior [ RunTime:0.015600s ]
INFO: [ app_begin ] --END-- [ RunTime:0.015600s ]
ERR: syntax error, unexpected '{', expecting '('

[ 2016-08-22T14:52:00+08:00 ] 10.10.20.103 /list/album?usercode=1010000116081503235537701&user_session=10100001-d873109b-fddb-4366-8035-608e75f8bc86&websitecode=&album_code=CT032016082201003&from_play_msg=1&backUrl=http%3A%2F%2F10.10.20.11%3A15010%2Findex%2Fshowpage%3Fusercode%3D1010000116081503235537701%26user_session%3D10100001-d873109b-fddb-4366-8035-608e75f8bc86%26websitecode%3D%26backUrl%3Dhttp%253A%252F%252F10.10.20.11%253A15008%252F%253Fexit%253D1%26_v%3D94983&_v=6752
INFO: [ app_init ] --START--
INFO: Run Behavior\BuildLiteBehavior [ RunTime:0.000000s ]
INFO: [ app_init ] --END-- [ RunTime:0.000000s ]
INFO: [ app_begin ] --START--
INFO: Run Behavior\ReadHtmlCacheBehavior [ RunTime:0.000000s ]
INFO: [ app_begin ] --END-- [ RunTime:0.000000s ]
INFO: BaseController->formatResolution :: user_session - 【10100001-d873109b-fddb-4366-8035-608e75f8bc86】 $areacode - 【10100001】
INFO: function->initConfig :: $areacode - 【10100001】
INFO: [ view_parse ] --START--
INFO: [ template_filter ] --START--
INFO: Run Behavior\ContentReplaceBehavior [ RunTime:0.000000s ]
INFO: [ template_filter ] --END-- [ RunTime:0.000000s ]
INFO: Run Behavior\ParseTemplateBehavior [ RunTime:0.000000s ]
INFO: [ view_parse ] --END-- [ RunTime:0.000000s ]
INFO: [ view_filter ] --START--
INFO: Run Behavior\WriteHtmlCacheBehavior [ RunTime:0.015600s ]
INFO: [ view_filter ] --END-- [ RunTime:0.015600s ]
INFO: [ app_end ] --START--
INFO: Run Behavior\ShowPageTraceBehavior [ RunTime:0.000000s ]
INFO: [ app_end ] --END-- [ RunTime:0.000000s ]

[ 2016-08-22T14:52:00+08:00 ] 10.10.20.103 /list/null
INFO: [ app_init ] --START--
INFO: Run Behavior\BuildLiteBehavior [ RunTime:0.000000s ]
INFO: [ app_init ] --END-- [ RunTime:0.000000s ]
INFO: [ app_begin ] --START--
INFO: Run Behavior\ReadHtmlCacheBehavior [ RunTime:0.000000s ]
INFO: [ app_begin ] --END-- [ RunTime:0.000000s ]
ERR: 非法操作:null

[ 2016-08-22T14:52:24+08:00 ] 10.10.20.103 /list/album?usercode=1010000116081503235537701&user_session=10100001-d873109b-fddb-4366-8035-608e75f8bc86&websitecode=&album_code=CT032016082201003&from_play_msg=1&backUrl=http%3A%2F%2F10.10.20.11%3A15010%2Findex%2Fshowpage%3Fusercode%3D1010000116081503235537701%26user_session%3D10100001-d873109b-fddb-4366-8035-608e75f8bc86%26websitecode%3D%26backUrl%3Dhttp%253A%252F%252F10.10.20.11%253A15008%252F%253Fexit%253D1%26_v%3D94983&_v=6752
INFO: [ app_init ] --START--
INFO: Run Behavior\BuildLiteBehavior [ RunTime:0.000000s ]
INFO: [ app_init ] --END-- [ RunTime:0.000000s ]
INFO: [ app_begin ] --START--
INFO: Run Behavior\ReadHtmlCacheBehavior [ RunTime:0.015600s ]
INFO: [ app_begin ] --END-- [ RunTime:0.015600s ]
INFO: BaseController->formatResolution :: user_session - 【10100001-d873109b-fddb-4366-8035-608e75f8bc86】 $areacode - 【10100001】
INFO: function->initConfig :: $areacode - 【10100001】
INFO: [ view_parse ] --START--
INFO: [ template_filter ] --START--
INFO: Run Behavior\ContentReplaceBehavior [ RunTime:0.000000s ]
INFO: [ template_filter ] --END-- [ RunTime:0.000000s ]
INFO: Run Behavior\ParseTemplateBehavior [ RunTime:0.000000s ]
INFO: [ view_parse ] --END-- [ RunTime:0.000000s ]
INFO: [ view_filter ] --START--
INFO: Run Behavior\WriteHtmlCacheBehavior [ RunTime:0.000000s ]
INFO: [ view_filter ] --END-- [ RunTime:0.000000s ]
INFO: [ app_end ] --START--
INFO: Run Behavior\ShowPageTraceBehavior [ RunTime:0.015600s ]
INFO: [ app_end ] --END-- [ RunTime:0.015600s ]

[ 2016-08-22T15:06:55+08:00 ] 10.10.20.103 /list/null
INFO: [ app_init ] --START--
INFO: Run Behavior\BuildLiteBehavior [ RunTime:0.000000s ]
INFO: [ app_init ] --END-- [ RunTime:0.000000s ]
INFO: [ app_begin ] --START--
INFO: Run Behavior\ReadHtmlCacheBehavior [ RunTime:0.000000s ]
INFO: [ app_begin ] --END-- [ RunTime:0.000000s ]
ERR: 非法操作:null

[ 2016-08-22T15:06:59+08:00 ] 10.10.20.103 /index/showpage?usercode=1010000116081503235537701&user_session=10100001-d873109b-fddb-4366-8035-608e75f8bc86&websitecode=&backUrl=http%3A%2F%2F10.10.20.11%3A15008%2F%3Fexit%3D1&_v=94983&_v=54173
INFO: [ app_init ] --START--
INFO: Run Behavior\BuildLiteBehavior [ RunTime:0.000000s ]
INFO: [ app_init ] --END-- [ RunTime:0.000000s ]
INFO: [ app_begin ] --START--
INFO: Run Behavior\ReadHtmlCacheBehavior [ RunTime:0.000000s ]
INFO: [ app_begin ] --END-- [ RunTime:0.000000s ]
INFO: BaseController->formatResolution :: user_session - 【10100001-d873109b-fddb-4366-8035-608e75f8bc86】 $areacode - 【10100001】
INFO: function->initConfig :: $areacode - 【10100001】
INFO: [ view_parse ] --START--
INFO: [ template_filter ] --START--
INFO: Run Behavior\ContentReplaceBehavior [ RunTime:0.000000s ]
INFO: [ template_filter ] --END-- [ RunTime:0.000000s ]
INFO: Run Behavior\ParseTemplateBehavior [ RunTime:0.000000s ]
INFO: [ view_parse ] --END-- [ RunTime:0.000000s ]
INFO: [ view_filter ] --START--
INFO: Run Behavior\WriteHtmlCacheBehavior [ RunTime:0.015600s ]
INFO: [ view_filter ] --END-- [ RunTime:0.015600s ]
INFO: [ app_end ] --START--
INFO: Run Behavior\ShowPageTraceBehavior [ RunTime:0.000000s ]
INFO: [ app_end ] --END-- [ RunTime:0.000000s ]

[ 2016-08-22T15:07:26+08:00 ] 10.10.20.103 /list/album?usercode=1010000116081503235537701&user_session=10100001-d873109b-fddb-4366-8035-608e75f8bc86&websitecode=&album_code=CT032016082201003&from_play_msg=1&backUrl=http%3A%2F%2F10.10.20.11%3A15010%2Findex%2Fshowpage%3Fusercode%3D1010000116081503235537701%26user_session%3D10100001-d873109b-fddb-4366-8035-608e75f8bc86%26websitecode%3D%26backUrl%3Dhttp%253A%252F%252F10.10.20.11%253A15008%252F%253Fexit%253D1%26_v%3D94983%26_v%3D54173&_v=54774
INFO: [ app_init ] --START--
INFO: Run Behavior\BuildLiteBehavior [ RunTime:0.000000s ]
INFO: [ app_init ] --END-- [ RunTime:0.000000s ]
INFO: [ app_begin ] --START--
INFO: Run Behavior\ReadHtmlCacheBehavior [ RunTime:0.000000s ]
INFO: [ app_begin ] --END-- [ RunTime:0.000000s ]
INFO: BaseController->formatResolution :: user_session - 【10100001-d873109b-fddb-4366-8035-608e75f8bc86】 $areacode - 【10100001】
INFO: function->initConfig :: $areacode - 【10100001】
INFO: [ view_parse ] --START--
INFO: [ template_filter ] --START--
INFO: Run Behavior\ContentReplaceBehavior [ RunTime:0.000000s ]
INFO: [ template_filter ] --END-- [ RunTime:0.000000s ]
INFO: Run Behavior\ParseTemplateBehavior [ RunTime:0.000000s ]
INFO: [ view_parse ] --END-- [ RunTime:0.000000s ]
INFO: [ view_filter ] --START--
INFO: Run Behavior\WriteHtmlCacheBehavior [ RunTime:0.000000s ]
INFO: [ view_filter ] --END-- [ RunTime:0.000000s ]
INFO: [ app_end ] --START--
INFO: Run Behavior\ShowPageTraceBehavior [ RunTime:0.000000s ]
INFO: [ app_end ] --END-- [ RunTime:0.000000s ]

[ 2016-08-22T15:07:29+08:00 ] 10.10.20.103 /list/null
INFO: [ app_init ] --START--
INFO: Run Behavior\BuildLiteBehavior [ RunTime:0.000000s ]
INFO: [ app_init ] --END-- [ RunTime:0.000000s ]
INFO: [ app_begin ] --START--
INFO: Run Behavior\ReadHtmlCacheBehavior [ RunTime:0.000000s ]
INFO: [ app_begin ] --END-- [ RunTime:0.000000s ]
ERR: 非法操作:null

[ 2016-08-22T15:07:46+08:00 ] 10.10.20.103 /list/album?usercode=1010000116081503235537701&user_session=10100001-d873109b-fddb-4366-8035-608e75f8bc86&websitecode=&album_code=CT032016082201003&from_play_msg=1&backUrl=http%3A%2F%2F10.10.20.11%3A15010%2Findex%2Fshowpage%3Fusercode%3D1010000116081503235537701%26user_session%3D10100001-d873109b-fddb-4366-8035-608e75f8bc86%26websitecode%3D%26backUrl%3Dhttp%253A%252F%252F10.10.20.11%253A15008%252F%253Fexit%253D1%26_v%3D94983%26_v%3D54173&_v=54774
INFO: [ app_init ] --START--
INFO: Run Behavior\BuildLiteBehavior [ RunTime:0.000000s ]
INFO: [ app_init ] --END-- [ RunTime:0.000000s ]
INFO: [ app_begin ] --START--
INFO: Run Behavior\ReadHtmlCacheBehavior [ RunTime:0.000000s ]
INFO: [ app_begin ] --END-- [ RunTime:0.000000s ]
INFO: BaseController->formatResolution :: user_session - 【10100001-d873109b-fddb-4366-8035-608e75f8bc86】 $areacode - 【10100001】
INFO: function->initConfig :: $areacode - 【10100001】
INFO: [ view_parse ] --START--
INFO: [ template_filter ] --START--
INFO: Run Behavior\ContentReplaceBehavior [ RunTime:0.000000s ]
INFO: [ template_filter ] --END-- [ RunTime:0.000000s ]
INFO: Run Behavior\ParseTemplateBehavior [ RunTime:0.000000s ]
INFO: [ view_parse ] --END-- [ RunTime:0.000000s ]
INFO: [ view_filter ] --START--
INFO: Run Behavior\WriteHtmlCacheBehavior [ RunTime:0.000000s ]
INFO: [ view_filter ] --END-- [ RunTime:0.000000s ]
INFO: [ app_end ] --START--
INFO: Run Behavior\ShowPageTraceBehavior [ RunTime:0.000000s ]
INFO: [ app_end ] --END-- [ RunTime:0.000000s ]

[ 2016-08-22T15:12:03+08:00 ] 10.10.20.103 /list/null
INFO: [ app_init ] --START--
INFO: Run Behavior\BuildLiteBehavior [ RunTime:0.000000s ]
INFO: [ app_init ] --END-- [ RunTime:0.000000s ]
INFO: [ app_begin ] --START--
INFO: Run Behavior\ReadHtmlCacheBehavior [ RunTime:0.000000s ]
INFO: [ app_begin ] --END-- [ RunTime:0.000000s ]
ERR: 非法操作:null

[ 2016-08-22T15:12:04+08:00 ] 10.10.20.103 /index/showpage?usercode=1010000116081503235537701&user_session=10100001-d873109b-fddb-4366-8035-608e75f8bc86&websitecode=&backUrl=http%3A%2F%2F10.10.20.11%3A15008%2F%3Fexit%3D1&_v=94983&_v=54173&_v=98707
INFO: [ app_init ] --START--
INFO: Run Behavior\BuildLiteBehavior [ RunTime:0.000000s ]
INFO: [ app_init ] --END-- [ RunTime:0.000000s ]
INFO: [ app_begin ] --START--
INFO: Run Behavior\ReadHtmlCacheBehavior [ RunTime:0.000000s ]
INFO: [ app_begin ] --END-- [ RunTime:0.000000s ]
INFO: BaseController->formatResolution :: user_session - 【10100001-d873109b-fddb-4366-8035-608e75f8bc86】 $areacode - 【10100001】
INFO: function->initConfig :: $areacode - 【10100001】
INFO: [ view_parse ] --START--
INFO: [ template_filter ] --START--
INFO: Run Behavior\ContentReplaceBehavior [ RunTime:0.000000s ]
INFO: [ template_filter ] --END-- [ RunTime:0.000000s ]
INFO: Run Behavior\ParseTemplateBehavior [ RunTime:0.000000s ]
INFO: [ view_parse ] --END-- [ RunTime:0.000000s ]
INFO: [ view_filter ] --START--
INFO: Run Behavior\WriteHtmlCacheBehavior [ RunTime:0.000000s ]
INFO: [ view_filter ] --END-- [ RunTime:0.000000s ]
INFO: [ app_end ] --START--
INFO: Run Behavior\ShowPageTraceBehavior [ RunTime:0.000000s ]
INFO: [ app_end ] --END-- [ RunTime:0.000000s ]

[ 2016-08-22T15:12:09+08:00 ] 10.10.20.103 /my?usercode=1010000116081503235537701&user_session=10100001-d873109b-fddb-4366-8035-608e75f8bc86&websitecode=&backUrl=http%3A%2F%2F10.10.20.11%3A15010%2Findex%2Fshowpage%3Fusercode%3D1010000116081503235537701%26user_session%3D10100001-d873109b-fddb-4366-8035-608e75f8bc86%26websitecode%3D%26navcode%3DCM20160815002%26focusid%3Dtd1%26backUrl%3Dhttp%253A%252F%252F10.10.20.11%253A15008%252F%253Fexit%253D1&_v=79156
INFO: [ app_init ] --START--
INFO: Run Behavior\BuildLiteBehavior [ RunTime:0.000000s ]
INFO: [ app_init ] --END-- [ RunTime:0.000000s ]
INFO: [ app_begin ] --START--
INFO: Run Behavior\ReadHtmlCacheBehavior [ RunTime:0.000000s ]
INFO: [ app_begin ] --END-- [ RunTime:0.000000s ]
INFO: BaseController->formatResolution :: user_session - 【10100001-d873109b-fddb-4366-8035-608e75f8bc86】 $areacode - 【10100001】
INFO: function->initConfig :: $areacode - 【10100001】
INFO: [ view_parse ] --START--
INFO: [ template_filter ] --START--
INFO: Run Behavior\ContentReplaceBehavior [ RunTime:0.000000s ]
INFO: [ template_filter ] --END-- [ RunTime:0.000000s ]
INFO: Run Behavior\ParseTemplateBehavior [ RunTime:0.015600s ]
INFO: [ view_parse ] --END-- [ RunTime:0.015600s ]
INFO: [ view_filter ] --START--
INFO: Run Behavior\WriteHtmlCacheBehavior [ RunTime:0.000000s ]
INFO: [ view_filter ] --END-- [ RunTime:0.000000s ]
INFO: [ app_end ] --START--
INFO: Run Behavior\ShowPageTraceBehavior [ RunTime:0.000000s ]
INFO: [ app_end ] --END-- [ RunTime:0.000000s ]

[ 2016-08-22T15:12:14+08:00 ] 10.10.20.103 /list/album?usercode=1010000116081503235537701&user_session=10100001-d873109b-fddb-4366-8035-608e75f8bc86&websitecode=&album_code=CT032016082201003&from_play_msg=1&backUrl=http%3A%2F%2F10.10.20.11%3A15010%2Fmy%3Fusercode%3D1010000116081503235537701%26user_session%3D10100001-d873109b-fddb-4366-8035-608e75f8bc86%26websitecode%3D%26backUrl%3Dhttp%253A%252F%252F10.10.20.11%253A15010%252Findex%252Fshowpage%253Fusercode%253D1010000116081503235537701%2526user_session%253D10100001-d873109b-fddb-4366-8035-608e75f8bc86%2526websitecode%253D%2526navcode%253DCM20160815002%2526focusid%253Dtd1%2526backUrl%253Dhttp%25253A%25252F%25252F10.10.20.11%25253A15008%25252F%25253Fexit%25253D1%26_v%3D79156&_v=39250
INFO: [ app_init ] --START--
INFO: Run Behavior\BuildLiteBehavior [ RunTime:0.000000s ]
INFO: [ app_init ] --END-- [ RunTime:0.000000s ]
INFO: [ app_begin ] --START--
INFO: Run Behavior\ReadHtmlCacheBehavior [ RunTime:0.000000s ]
INFO: [ app_begin ] --END-- [ RunTime:0.000000s ]
INFO: BaseController->formatResolution :: user_session - 【10100001-d873109b-fddb-4366-8035-608e75f8bc86】 $areacode - 【10100001】
INFO: function->initConfig :: $areacode - 【10100001】
INFO: [ view_parse ] --START--
INFO: [ template_filter ] --START--
INFO: Run Behavior\ContentReplaceBehavior [ RunTime:0.000000s ]
INFO: [ template_filter ] --END-- [ RunTime:0.000000s ]
INFO: Run Behavior\ParseTemplateBehavior [ RunTime:0.015600s ]
INFO: [ view_parse ] --END-- [ RunTime:0.015600s ]
INFO: [ view_filter ] --START--
INFO: Run Behavior\WriteHtmlCacheBehavior [ RunTime:0.000000s ]
INFO: [ view_filter ] --END-- [ RunTime:0.000000s ]
INFO: [ app_end ] --START--
INFO: Run Behavior\ShowPageTraceBehavior [ RunTime:0.000000s ]
INFO: [ app_end ] --END-- [ RunTime:0.000000s ]

[ 2016-08-22T15:12:31+08:00 ] 10.10.20.103 /list/null
INFO: [ app_init ] --START--
INFO: Run Behavior\BuildLiteBehavior [ RunTime:0.000000s ]
INFO: [ app_init ] --END-- [ RunTime:0.000000s ]
INFO: [ app_begin ] --START--
INFO: Run Behavior\ReadHtmlCacheBehavior [ RunTime:0.000000s ]
INFO: [ app_begin ] --END-- [ RunTime:0.000000s ]
ERR: 非法操作:null

[ 2016-08-22T15:12:48+08:00 ] 10.10.20.103 /list/album?usercode=1010000116081503235537701&user_session=10100001-d873109b-fddb-4366-8035-608e75f8bc86&websitecode=&album_code=CT032016082201003&from_play_msg=1&backUrl=http%3A%2F%2F10.10.20.11%3A15010%2Fmy%3Fusercode%3D1010000116081503235537701%26user_session%3D10100001-d873109b-fddb-4366-8035-608e75f8bc86%26websitecode%3D%26backUrl%3Dhttp%253A%252F%252F10.10.20.11%253A15010%252Findex%252Fshowpage%253Fusercode%253D1010000116081503235537701%2526user_session%253D10100001-d873109b-fddb-4366-8035-608e75f8bc86%2526websitecode%253D%2526navcode%253DCM20160815002%2526focusid%253Dtd1%2526backUrl%253Dhttp%25253A%25252F%25252F10.10.20.11%25253A15008%25252F%25253Fexit%25253D1%26_v%3D79156&_v=39250
INFO: [ app_init ] --START--
INFO: Run Behavior\BuildLiteBehavior [ RunTime:0.000000s ]
INFO: [ app_init ] --END-- [ RunTime:0.000000s ]
INFO: [ app_begin ] --START--
INFO: Run Behavior\ReadHtmlCacheBehavior [ RunTime:0.000000s ]
INFO: [ app_begin ] --END-- [ RunTime:0.000000s ]
INFO: BaseController->formatResolution :: user_session - 【10100001-d873109b-fddb-4366-8035-608e75f8bc86】 $areacode - 【10100001】
INFO: function->initConfig :: $areacode - 【10100001】
INFO: [ view_parse ] --START--
INFO: [ template_filter ] --START--
INFO: Run Behavior\ContentReplaceBehavior [ RunTime:0.000000s ]
INFO: [ template_filter ] --END-- [ RunTime:0.000000s ]
INFO: Run Behavior\ParseTemplateBehavior [ RunTime:0.015600s ]
INFO: [ view_parse ] --END-- [ RunTime:0.015600s ]
INFO: [ view_filter ] --START--
INFO: Run Behavior\WriteHtmlCacheBehavior [ RunTime:0.000000s ]
INFO: [ view_filter ] --END-- [ RunTime:0.000000s ]
INFO: [ app_end ] --START--
INFO: Run Behavior\ShowPageTraceBehavior [ RunTime:0.000000s ]
INFO: [ app_end ] --END-- [ RunTime:0.000000s ]

[ 2016-08-22T15:12:48+08:00 ] 10.10.20.103 /list/null
INFO: [ app_init ] --START--
INFO: Run Behavior\BuildLiteBehavior [ RunTime:0.000000s ]
INFO: [ app_init ] --END-- [ RunTime:0.000000s ]
INFO: [ app_begin ] --START--
INFO: Run Behavior\ReadHtmlCacheBehavior [ RunTime:0.015600s ]
INFO: [ app_begin ] --END-- [ RunTime:0.015600s ]
ERR: 非法操作:null

[ 2016-08-22T15:13:17+08:00 ] 10.10.20.103 /list/album?usercode=1010000116081503235537701&user_session=10100001-d873109b-fddb-4366-8035-608e75f8bc86&websitecode=&album_code=CT032016082201003&from_play_msg=1&backUrl=http%3A%2F%2F10.10.20.11%3A15010%2Fmy%3Fusercode%3D1010000116081503235537701%26user_session%3D10100001-d873109b-fddb-4366-8035-608e75f8bc86%26websitecode%3D%26backUrl%3Dhttp%253A%252F%252F10.10.20.11%253A15010%252Findex%252Fshowpage%253Fusercode%253D1010000116081503235537701%2526user_session%253D10100001-d873109b-fddb-4366-8035-608e75f8bc86%2526websitecode%253D%2526navcode%253DCM20160815002%2526focusid%253Dtd1%2526backUrl%253Dhttp%25253A%25252F%25252F10.10.20.11%25253A15008%25252F%25253Fexit%25253D1%26_v%3D79156&_v=39250
INFO: [ app_init ] --START--
INFO: Run Behavior\BuildLiteBehavior [ RunTime:0.000000s ]
INFO: [ app_init ] --END-- [ RunTime:0.000000s ]
INFO: [ app_begin ] --START--
INFO: Run Behavior\ReadHtmlCacheBehavior [ RunTime:0.000000s ]
INFO: [ app_begin ] --END-- [ RunTime:0.000000s ]
INFO: BaseController->formatResolution :: user_session - 【10100001-d873109b-fddb-4366-8035-608e75f8bc86】 $areacode - 【10100001】
INFO: function->initConfig :: $areacode - 【10100001】
INFO: [ view_parse ] --START--
INFO: [ template_filter ] --START--
INFO: Run Behavior\ContentReplaceBehavior [ RunTime:0.000000s ]
INFO: [ template_filter ] --END-- [ RunTime:0.000000s ]
INFO: Run Behavior\ParseTemplateBehavior [ RunTime:0.015600s ]
INFO: [ view_parse ] --END-- [ RunTime:0.015600s ]
INFO: [ view_filter ] --START--
INFO: Run Behavior\WriteHtmlCacheBehavior [ RunTime:0.000000s ]
INFO: [ view_filter ] --END-- [ RunTime:0.000000s ]
INFO: [ app_end ] --START--
INFO: Run Behavior\ShowPageTraceBehavior [ RunTime:0.000000s ]
INFO: [ app_end ] --END-- [ RunTime:0.000000s ]

[ 2016-08-22T15:14:23+08:00 ] 10.10.20.103 /list/null
INFO: [ app_init ] --START--
INFO: Run Behavior\BuildLiteBehavior [ RunTime:0.000000s ]
INFO: [ app_init ] --END-- [ RunTime:0.000000s ]
INFO: [ app_begin ] --START--
INFO: Run Behavior\ReadHtmlCacheBehavior [ RunTime:0.015600s ]
INFO: [ app_begin ] --END-- [ RunTime:0.015600s ]
ERR: 非法操作:null

[ 2016-08-22T15:21:18+08:00 ] 10.10.20.103 /list/album?usercode=1010000116081503235537701&user_session=10100001-d873109b-fddb-4366-8035-608e75f8bc86&websitecode=&album_code=CT032016082201003&from_play_msg=1&backUrl=http%3A%2F%2F10.10.20.11%3A15010%2Fmy%3Fusercode%3D1010000116081503235537701%26user_session%3D10100001-d873109b-fddb-4366-8035-608e75f8bc86%26websitecode%3D%26backUrl%3Dhttp%253A%252F%252F10.10.20.11%253A15010%252Findex%252Fshowpage%253Fusercode%253D1010000116081503235537701%2526user_session%253D10100001-d873109b-fddb-4366-8035-608e75f8bc86%2526websitecode%253D%2526navcode%253DCM20160815002%2526focusid%253Dtd1%2526backUrl%253Dhttp%25253A%25252F%25252F10.10.20.11%25253A15008%25252F%25253Fexit%25253D1%26_v%3D79156&_v=39250
INFO: [ app_init ] --START--
INFO: Run Behavior\BuildLiteBehavior [ RunTime:0.000000s ]
INFO: [ app_init ] --END-- [ RunTime:0.000000s ]
INFO: [ app_begin ] --START--
INFO: Run Behavior\ReadHtmlCacheBehavior [ RunTime:0.000000s ]
INFO: [ app_begin ] --END-- [ RunTime:0.000000s ]
INFO: BaseController->formatResolution :: user_session - 【10100001-d873109b-fddb-4366-8035-608e75f8bc86】 $areacode - 【10100001】
INFO: function->initConfig :: $areacode - 【10100001】
INFO: [ view_parse ] --START--
INFO: [ template_filter ] --START--
INFO: Run Behavior\ContentReplaceBehavior [ RunTime:0.000000s ]
INFO: [ template_filter ] --END-- [ RunTime:0.000000s ]
INFO: Run Behavior\ParseTemplateBehavior [ RunTime:0.000000s ]
INFO: [ view_parse ] --END-- [ RunTime:0.000000s ]
INFO: [ view_filter ] --START--
INFO: Run Behavior\WriteHtmlCacheBehavior [ RunTime:0.000000s ]
INFO: [ view_filter ] --END-- [ RunTime:0.000000s ]
INFO: [ app_end ] --START--
INFO: Run Behavior\ShowPageTraceBehavior [ RunTime:0.000000s ]
INFO: [ app_end ] --END-- [ RunTime:0.000000s ]

[ 2016-08-22T15:21:22+08:00 ] 10.10.20.103 /list/null
INFO: [ app_init ] --START--
INFO: Run Behavior\BuildLiteBehavior [ RunTime:0.000000s ]
INFO: [ app_init ] --END-- [ RunTime:0.000000s ]
INFO: [ app_begin ] --START--
INFO: Run Behavior\ReadHtmlCacheBehavior [ RunTime:0.000000s ]
INFO: [ app_begin ] --END-- [ RunTime:0.000000s ]
ERR: 非法操作:null

[ 2016-08-22T15:21:35+08:00 ] 10.10.20.103 /video?content_code=CT03201608100042&usercode=1010000116081503235537701&user_session=10100001-d873109b-fddb-4366-8035-608e75f8bc86&websitecode=&backUrl=http%3A%2F%2F10.10.20.11%3A15010%2Flist%2Falbum%3Fusercode%3D1010000116081503235537701%26user_session%3D10100001-d873109b-fddb-4366-8035-608e75f8bc86%26websitecode%3D%26album_code%3DCT032016082201003%26pageIndex%3D1%26focusid%3Dtd2%26backUrl%3Dhttp%253A%252F%252F10.10.20.11%253A15010%252Fmy%253Fusercode%253D1010000116081503235537701%2526user_session%253D10100001-d873109b-fddb-4366-8035-608e75f8bc86%2526websitecode%253D%2526backUrl%253Dhttp%25253A%25252F%25252F10.10.20.11%25253A15010%25252Findex%25252Fshowpage%25253Fusercode%25253D1010000116081503235537701%252526user_session%25253D10100001-d873109b-fddb-4366-8035-608e75f8bc86%252526websitecode%25253D%252526navcode%25253DCM20160815002%252526focusid%25253Dtd1%252526backUrl%25253Dhttp%2525253A%2525252F%2525252F10.10.20.11%2525253A15008%2525252F%2525253Fexit%2525253D1%2526_v%253D79156&_v=52630
INFO: [ app_init ] --START--
INFO: Run Behavior\BuildLiteBehavior [ RunTime:0.000000s ]
INFO: [ app_init ] --END-- [ RunTime:0.000000s ]
INFO: [ app_begin ] --START--
INFO: Run Behavior\ReadHtmlCacheBehavior [ RunTime:0.000000s ]
INFO: [ app_begin ] --END-- [ RunTime:0.000000s ]
INFO: BaseController->formatResolution :: user_session - 【10100001-d873109b-fddb-4366-8035-608e75f8bc86】 $areacode - 【10100001】
INFO: function->initConfig :: $areacode - 【10100001】
INFO: [ view_parse ] --START--
INFO: [ template_filter ] --START--
INFO: Run Behavior\ContentReplaceBehavior [ RunTime:0.000000s ]
INFO: [ template_filter ] --END-- [ RunTime:0.000000s ]
INFO: Run Behavior\ParseTemplateBehavior [ RunTime:0.015600s ]
INFO: [ view_parse ] --END-- [ RunTime:0.015600s ]
INFO: [ view_filter ] --START--
INFO: Run Behavior\WriteHtmlCacheBehavior [ RunTime:0.000000s ]
INFO: [ view_filter ] --END-- [ RunTime:0.000000s ]
INFO: [ app_end ] --START--
INFO: Run Behavior\ShowPageTraceBehavior [ RunTime:0.000000s ]
INFO: [ app_end ] --END-- [ RunTime:0.000000s ]

[ 2016-08-22T15:21:44+08:00 ] 10.10.20.103 /list/album?usercode=1010000116081503235537701&user_session=10100001-d873109b-fddb-4366-8035-608e75f8bc86&websitecode=&album_code=CT032016082201003&from_play_msg=1&backUrl=http%3A%2F%2F10.10.20.11%3A15010%2Fvideo%3Fcontent_code%3DCT03201608100042%26usercode%3D1010000116081503235537701%26user_session%3D10100001-d873109b-fddb-4366-8035-608e75f8bc86%26websitecode%3D%26backUrl%3Dhttp%253A%252F%252F10.10.20.11%253A15010%252Flist%252Falbum%253Fusercode%253D1010000116081503235537701%2526user_session%253D10100001-d873109b-fddb-4366-8035-608e75f8bc86%2526websitecode%253D%2526album_code%253DCT032016082201003%2526pageIndex%253D1%2526focusid%253Dtd2%2526backUrl%253Dhttp%25253A%25252F%25252F10.10.20.11%25253A15010%25252Fmy%25253Fusercode%25253D1010000116081503235537701%252526user_session%25253D10100001-d873109b-fddb-4366-8035-608e75f8bc86%252526websitecode%25253D%252526backUrl%25253Dhttp%2525253A%2525252F%2525252F10.10.20.11%2525253A15010%2525252Findex%2525252Fshowpage%2525253Fusercode%2525253D1010000116081503235537701%25252526user_session%2525253D10100001-d873109b-fddb-4366-8035-608e75f8bc86%25252526websitecode%2525253D%25252526navcode%2525253DCM20160815002%25252526focusid%2525253Dtd1%25252526backUrl%2525253Dhttp%252525253A%252525252F%252525252F10.10.20.11%252525253A15008%252525252F%252525253Fexit%252525253D1%252526_v%25253D79156%26_v%3D52630&_v=10660
INFO: [ app_init ] --START--
INFO: Run Behavior\BuildLiteBehavior [ RunTime:0.000000s ]
INFO: [ app_init ] --END-- [ RunTime:0.000000s ]
INFO: [ app_begin ] --START--
INFO: Run Behavior\ReadHtmlCacheBehavior [ RunTime:0.000000s ]
INFO: [ app_begin ] --END-- [ RunTime:0.000000s ]
INFO: BaseController->formatResolution :: user_session - 【10100001-d873109b-fddb-4366-8035-608e75f8bc86】 $areacode - 【10100001】
INFO: function->initConfig :: $areacode - 【10100001】
INFO: [ view_parse ] --START--
INFO: [ template_filter ] --START--
INFO: Run Behavior\ContentReplaceBehavior [ RunTime:0.000000s ]
INFO: [ template_filter ] --END-- [ RunTime:0.000000s ]
INFO: Run Behavior\ParseTemplateBehavior [ RunTime:0.015600s ]
INFO: [ view_parse ] --END-- [ RunTime:0.015600s ]
INFO: [ view_filter ] --START--
INFO: Run Behavior\WriteHtmlCacheBehavior [ RunTime:0.000000s ]
INFO: [ view_filter ] --END-- [ RunTime:0.000000s ]
INFO: [ app_end ] --START--
INFO: Run Behavior\ShowPageTraceBehavior [ RunTime:0.000000s ]
INFO: [ app_end ] --END-- [ RunTime:0.000000s ]

[ 2016-08-22T15:21:44+08:00 ] 10.10.20.103 /list/null
INFO: [ app_init ] --START--
INFO: Run Behavior\BuildLiteBehavior [ RunTime:0.000000s ]
INFO: [ app_init ] --END-- [ RunTime:0.000000s ]
INFO: [ app_begin ] --START--
INFO: Run Behavior\ReadHtmlCacheBehavior [ RunTime:0.000000s ]
INFO: [ app_begin ] --END-- [ RunTime:0.000000s ]
ERR: 非法操作:null

[ 2016-08-22T15:21:48+08:00 ] 10.10.20.103 /video?content_code=CT03201608100042&usercode=1010000116081503235537701&user_session=10100001-d873109b-fddb-4366-8035-608e75f8bc86&websitecode=&backUrl=http%3A%2F%2F10.10.20.11%3A15010%2Flist%2Falbum%3Fusercode%3D1010000116081503235537701%26user_session%3D10100001-d873109b-fddb-4366-8035-608e75f8bc86%26websitecode%3D%26album_code%3DCT032016082201003%26pageIndex%3D1%26focusid%3Dtd2%26backUrl%3Dhttp%253A%252F%252F10.10.20.11%253A15010%252Fmy%253Fusercode%253D1010000116081503235537701%2526user_session%253D10100001-d873109b-fddb-4366-8035-608e75f8bc86%2526websitecode%253D%2526backUrl%253Dhttp%25253A%25252F%25252F10.10.20.11%25253A15010%25252Findex%25252Fshowpage%25253Fusercode%25253D1010000116081503235537701%252526user_session%25253D10100001-d873109b-fddb-4366-8035-608e75f8bc86%252526websitecode%25253D%252526navcode%25253DCM20160815002%252526focusid%25253Dtd1%252526backUrl%25253Dhttp%2525253A%2525252F%2525252F10.10.20.11%2525253A15008%2525252F%2525253Fexit%2525253D1%2526_v%253D79156&_v=52630&_v=43063
INFO: [ app_init ] --START--
INFO: Run Behavior\BuildLiteBehavior [ RunTime:0.000000s ]
INFO: [ app_init ] --END-- [ RunTime:0.000000s ]
INFO: [ app_begin ] --START--
INFO: Run Behavior\ReadHtmlCacheBehavior [ RunTime:0.000000s ]
INFO: [ app_begin ] --END-- [ RunTime:0.000000s ]
INFO: BaseController->formatResolution :: user_session - 【10100001-d873109b-fddb-4366-8035-608e75f8bc86】 $areacode - 【10100001】
INFO: function->initConfig :: $areacode - 【10100001】
INFO: [ view_parse ] --START--
INFO: [ template_filter ] --START--
INFO: Run Behavior\ContentReplaceBehavior [ RunTime:0.000000s ]
INFO: [ template_filter ] --END-- [ RunTime:0.000000s ]
INFO: Run Behavior\ParseTemplateBehavior [ RunTime:0.015600s ]
INFO: [ view_parse ] --END-- [ RunTime:0.015600s ]
INFO: [ view_filter ] --START--
INFO: Run Behavior\WriteHtmlCacheBehavior [ RunTime:0.000000s ]
INFO: [ view_filter ] --END-- [ RunTime:0.000000s ]
INFO: [ app_end ] --START--
INFO: Run Behavior\ShowPageTraceBehavior [ RunTime:0.000000s ]
INFO: [ app_end ] --END-- [ RunTime:0.000000s ]

[ 2016-08-22T15:21:50+08:00 ] 10.10.20.103 /list/album?usercode=1010000116081503235537701&user_session=10100001-d873109b-fddb-4366-8035-608e75f8bc86&websitecode=&album_code=CT032016082201003&pageIndex=1&focusid=td2&backUrl=http%3A%2F%2F10.10.20.11%3A15010%2Fmy%3Fusercode%3D1010000116081503235537701%26user_session%3D10100001-d873109b-fddb-4366-8035-608e75f8bc86%26websitecode%3D%26backUrl%3Dhttp%253A%252F%252F10.10.20.11%253A15010%252Findex%252Fshowpage%253Fusercode%253D1010000116081503235537701%2526user_session%253D10100001-d873109b-fddb-4366-8035-608e75f8bc86%2526websitecode%253D%2526navcode%253DCM20160815002%2526focusid%253Dtd1%2526backUrl%253Dhttp%25253A%25252F%25252F10.10.20.11%25253A15008%25252F%25253Fexit%25253D1%26_v%3D79156&_v=51457
INFO: [ app_init ] --START--
INFO: Run Behavior\BuildLiteBehavior [ RunTime:0.000000s ]
INFO: [ app_init ] --END-- [ RunTime:0.000000s ]
INFO: [ app_begin ] --START--
INFO: Run Behavior\ReadHtmlCacheBehavior [ RunTime:0.000000s ]
INFO: [ app_begin ] --END-- [ RunTime:0.000000s ]
INFO: BaseController->formatResolution :: user_session - 【10100001-d873109b-fddb-4366-8035-608e75f8bc86】 $areacode - 【10100001】
INFO: function->initConfig :: $areacode - 【10100001】
INFO: [ view_parse ] --START--
INFO: [ template_filter ] --START--
INFO: Run Behavior\ContentReplaceBehavior [ RunTime:0.000000s ]
INFO: [ template_filter ] --END-- [ RunTime:0.000000s ]
INFO: Run Behavior\ParseTemplateBehavior [ RunTime:0.015600s ]
INFO: [ view_parse ] --END-- [ RunTime:0.015600s ]
INFO: [ view_filter ] --START--
INFO: Run Behavior\WriteHtmlCacheBehavior [ RunTime:0.000000s ]
INFO: [ view_filter ] --END-- [ RunTime:0.000000s ]
INFO: [ app_end ] --START--
INFO: Run Behavior\ShowPageTraceBehavior [ RunTime:0.000000s ]
INFO: [ app_end ] --END-- [ RunTime:0.000000s ]

[ 2016-08-22T15:21:50+08:00 ] 10.10.20.103 /list/null
INFO: [ app_init ] --START--
INFO: Run Behavior\BuildLiteBehavior [ RunTime:0.000000s ]
INFO: [ app_init ] --END-- [ RunTime:0.000000s ]
INFO: [ app_begin ] --START--
INFO: Run Behavior\ReadHtmlCacheBehavior [ RunTime:0.000000s ]
INFO: [ app_begin ] --END-- [ RunTime:0.000000s ]
ERR: 非法操作:null

[ 2016-08-22T15:21:51+08:00 ] 10.10.20.103 /my?usercode=1010000116081503235537701&user_session=10100001-d873109b-fddb-4366-8035-608e75f8bc86&websitecode=&backUrl=http%3A%2F%2F10.10.20.11%3A15010%2Findex%2Fshowpage%3Fusercode%3D1010000116081503235537701%26user_session%3D10100001-d873109b-fddb-4366-8035-608e75f8bc86%26websitecode%3D%26navcode%3DCM20160815002%26focusid%3Dtd1%26backUrl%3Dhttp%253A%252F%252F10.10.20.11%253A15008%252F%253Fexit%253D1&_v=79156&_v=62468
INFO: [ app_init ] --START--
INFO: Run Behavior\BuildLiteBehavior [ RunTime:0.000000s ]
INFO: [ app_init ] --END-- [ RunTime:0.000000s ]
INFO: [ app_begin ] --START--
INFO: Run Behavior\ReadHtmlCacheBehavior [ RunTime:0.000000s ]
INFO: [ app_begin ] --END-- [ RunTime:0.000000s ]
INFO: BaseController->formatResolution :: user_session - 【10100001-d873109b-fddb-4366-8035-608e75f8bc86】 $areacode - 【10100001】
INFO: function->initConfig :: $areacode - 【10100001】
INFO: [ view_parse ] --START--
INFO: [ template_filter ] --START--
INFO: Run Behavior\ContentReplaceBehavior [ RunTime:0.000000s ]
INFO: [ template_filter ] --END-- [ RunTime:0.000000s ]
INFO: Run Behavior\ParseTemplateBehavior [ RunTime:0.000000s ]
INFO: [ view_parse ] --END-- [ RunTime:0.000000s ]
INFO: [ view_filter ] --START--
INFO: Run Behavior\WriteHtmlCacheBehavior [ RunTime:0.000000s ]
INFO: [ view_filter ] --END-- [ RunTime:0.000000s ]
INFO: [ app_end ] --START--
INFO: Run Behavior\ShowPageTraceBehavior [ RunTime:0.000000s ]
INFO: [ app_end ] --END-- [ RunTime:0.000000s ]

[ 2016-08-22T15:26:08+08:00 ] 10.10.20.103 /index/showpage?usercode=1010000116081503235537701&user_session=10100001-d873109b-fddb-4366-8035-608e75f8bc86&websitecode=&navcode=CM20160815002&focusid=td1&backUrl=http%3A%2F%2F10.10.20.11%3A15008%2F%3Fexit%3D1&_v=36111
INFO: [ app_init ] --START--
INFO: Run Behavior\BuildLiteBehavior [ RunTime:0.000000s ]
INFO: [ app_init ] --END-- [ RunTime:0.000000s ]
INFO: [ app_begin ] --START--
INFO: Run Behavior\ReadHtmlCacheBehavior [ RunTime:0.000000s ]
INFO: [ app_begin ] --END-- [ RunTime:0.000000s ]
INFO: BaseController->formatResolution :: user_session - 【10100001-d873109b-fddb-4366-8035-608e75f8bc86】 $areacode - 【10100001】
INFO: function->initConfig :: $areacode - 【10100001】
INFO: [ view_parse ] --START--
INFO: [ template_filter ] --START--
INFO: Run Behavior\ContentReplaceBehavior [ RunTime:0.000000s ]
INFO: [ template_filter ] --END-- [ RunTime:0.000000s ]
INFO: Run Behavior\ParseTemplateBehavior [ RunTime:0.000000s ]
INFO: [ view_parse ] --END-- [ RunTime:0.000000s ]
INFO: [ view_filter ] --START--
INFO: Run Behavior\WriteHtmlCacheBehavior [ RunTime:0.000000s ]
INFO: [ view_filter ] --END-- [ RunTime:0.000000s ]
INFO: [ app_end ] --START--
INFO: Run Behavior\ShowPageTraceBehavior [ RunTime:0.000000s ]
INFO: [ app_end ] --END-- [ RunTime:0.000000s ]

[ 2016-08-22T15:26:13+08:00 ] 10.10.20.103 /list?category_code=DG0000001&usercode=1010000116081503235537701&user_session=10100001-d873109b-fddb-4366-8035-608e75f8bc86&websitecode=&backUrl=http%3A%2F%2F10.10.20.11%3A15010%2Findex%2Fshowpage%3Fusercode%3D1010000116081503235537701%26user_session%3D10100001-d873109b-fddb-4366-8035-608e75f8bc86%26websitecode%3D%26navcode%3DCM20160815003%26focusid%3Dtd6%26backUrl%3Dhttp%253A%252F%252F10.10.20.11%253A15008%252F%253Fexit%253D1&_v=73475
INFO: [ app_init ] --START--
INFO: Run Behavior\BuildLiteBehavior [ RunTime:0.000000s ]
INFO: [ app_init ] --END-- [ RunTime:0.000000s ]
INFO: [ app_begin ] --START--
INFO: Run Behavior\ReadHtmlCacheBehavior [ RunTime:0.000000s ]
INFO: [ app_begin ] --END-- [ RunTime:0.000000s ]
INFO: BaseController->formatResolution :: user_session - 【10100001-d873109b-fddb-4366-8035-608e75f8bc86】 $areacode - 【10100001】
INFO: function->initConfig :: $areacode - 【10100001】
INFO: [ view_parse ] --START--
INFO: [ template_filter ] --START--
INFO: Run Behavior\ContentReplaceBehavior [ RunTime:0.000000s ]
INFO: [ template_filter ] --END-- [ RunTime:0.000000s ]
INFO: Run Behavior\ParseTemplateBehavior [ RunTime:0.000000s ]
INFO: [ view_parse ] --END-- [ RunTime:0.000000s ]
INFO: [ view_filter ] --START--
INFO: Run Behavior\WriteHtmlCacheBehavior [ RunTime:0.000000s ]
INFO: [ view_filter ] --END-- [ RunTime:0.000000s ]
INFO: [ app_end ] --START--
INFO: Run Behavior\ShowPageTraceBehavior [ RunTime:0.000000s ]
INFO: [ app_end ] --END-- [ RunTime:0.000000s ]

[ 2016-08-22T15:26:13+08:00 ] 10.10.20.103 /null
INFO: [ app_init ] --START--
INFO: Run Behavior\BuildLiteBehavior [ RunTime:0.000000s ]
INFO: [ app_init ] --END-- [ RunTime:0.000000s ]
INFO: [ app_begin ] --START--
INFO: Run Behavior\ReadHtmlCacheBehavior [ RunTime:0.000000s ]
INFO: [ app_begin ] --END-- [ RunTime:0.000000s ]
ERR: 无法加载控制器:Null

[ 2016-08-22T15:26:28+08:00 ] 10.10.20.103 /list/album?usercode=1010000116081503235537701&user_session=10100001-d873109b-fddb-4366-8035-608e75f8bc86&websitecode=&album_code=CT032016082201003&from_play_msg=1&backUrl=http%3A%2F%2F10.10.20.11%3A15010%2Findex%2Fshowpage%3Fusercode%3D1010000116081503235537701%26user_session%3D10100001-d873109b-fddb-4366-8035-608e75f8bc86%26websitecode%3D&_v=28570
INFO: [ app_init ] --START--
INFO: Run Behavior\BuildLiteBehavior [ RunTime:0.000000s ]
INFO: [ app_init ] --END-- [ RunTime:0.000000s ]
INFO: [ app_begin ] --START--
INFO: Run Behavior\ReadHtmlCacheBehavior [ RunTime:0.000000s ]
INFO: [ app_begin ] --END-- [ RunTime:0.000000s ]
INFO: BaseController->formatResolution :: user_session - 【10100001-d873109b-fddb-4366-8035-608e75f8bc86】 $areacode - 【10100001】
INFO: function->initConfig :: $areacode - 【10100001】
INFO: [ view_parse ] --START--
INFO: [ template_filter ] --START--
INFO: Run Behavior\ContentReplaceBehavior [ RunTime:0.000000s ]
INFO: [ template_filter ] --END-- [ RunTime:0.000000s ]
INFO: Run Behavior\ParseTemplateBehavior [ RunTime:0.000000s ]
INFO: [ view_parse ] --END-- [ RunTime:0.000000s ]
INFO: [ view_filter ] --START--
INFO: Run Behavior\WriteHtmlCacheBehavior [ RunTime:0.000000s ]
INFO: [ view_filter ] --END-- [ RunTime:0.000000s ]
INFO: [ app_end ] --START--
INFO: Run Behavior\ShowPageTraceBehavior [ RunTime:0.000000s ]
INFO: [ app_end ] --END-- [ RunTime:0.000000s ]

[ 2016-08-22T15:26:28+08:00 ] 10.10.20.103 /list/null
INFO: [ app_init ] --START--
INFO: Run Behavior\BuildLiteBehavior [ RunTime:0.000000s ]
INFO: [ app_init ] --END-- [ RunTime:0.015600s ]
INFO: [ app_begin ] --START--
INFO: Run Behavior\ReadHtmlCacheBehavior [ RunTime:0.000000s ]
INFO: [ app_begin ] --END-- [ RunTime:0.000000s ]
ERR: 非法操作:null

[ 2016-08-22T15:26:32+08:00 ] 10.10.20.103 /video?content_code=CT03201608100040&usercode=1010000116081503235537701&user_session=10100001-d873109b-fddb-4366-8035-608e75f8bc86&websitecode=&backUrl=http%3A%2F%2F10.10.20.11%3A15010%2Flist%2Falbum%3Fusercode%3D1010000116081503235537701%26user_session%3D10100001-d873109b-fddb-4366-8035-608e75f8bc86%26websitecode%3D%26album_code%3DCT032016082201003%26pageIndex%3D1%26focusid%3Dtd4%26backUrl%3Dhttp%253A%252F%252F10.10.20.11%253A15010%252Findex%252Fshowpage%253Fusercode%253D1010000116081503235537701%2526user_session%253D10100001-d873109b-fddb-4366-8035-608e75f8bc86%2526websitecode%253D&_v=50366
INFO: [ app_init ] --START--
INFO: Run Behavior\BuildLiteBehavior [ RunTime:0.000000s ]
INFO: [ app_init ] --END-- [ RunTime:0.000000s ]
INFO: [ app_begin ] --START--
INFO: Run Behavior\ReadHtmlCacheBehavior [ RunTime:0.000000s ]
INFO: [ app_begin ] --END-- [ RunTime:0.000000s ]
INFO: BaseController->formatResolution :: user_session - 【10100001-d873109b-fddb-4366-8035-608e75f8bc86】 $areacode - 【10100001】
INFO: function->initConfig :: $areacode - 【10100001】
INFO: [ view_parse ] --START--
INFO: [ template_filter ] --START--
INFO: Run Behavior\ContentReplaceBehavior [ RunTime:0.000000s ]
INFO: [ template_filter ] --END-- [ RunTime:0.000000s ]
INFO: Run Behavior\ParseTemplateBehavior [ RunTime:0.000000s ]
INFO: [ view_parse ] --END-- [ RunTime:0.000000s ]
INFO: [ view_filter ] --START--
INFO: Run Behavior\WriteHtmlCacheBehavior [ RunTime:0.000000s ]
INFO: [ view_filter ] --END-- [ RunTime:0.000000s ]
INFO: [ app_end ] --START--
INFO: Run Behavior\ShowPageTraceBehavior [ RunTime:0.000000s ]
INFO: [ app_end ] --END-- [ RunTime:0.000000s ]

[ 2016-08-22T15:26:33+08:00 ] 10.10.20.103 /list/album?usercode=1010000116081503235537701&user_session=10100001-d873109b-fddb-4366-8035-608e75f8bc86&websitecode=&album_code=CT032016082201003&pageIndex=1&focusid=td4&backUrl=http%3A%2F%2F10.10.20.11%3A15010%2Findex%2Fshowpage%3Fusercode%3D1010000116081503235537701%26user_session%3D10100001-d873109b-fddb-4366-8035-608e75f8bc86%26websitecode%3D&_v=38407
INFO: [ app_init ] --START--
INFO: Run Behavior\BuildLiteBehavior [ RunTime:0.000000s ]
INFO: [ app_init ] --END-- [ RunTime:0.000000s ]
INFO: [ app_begin ] --START--
INFO: Run Behavior\ReadHtmlCacheBehavior [ RunTime:0.000000s ]
INFO: [ app_begin ] --END-- [ RunTime:0.000000s ]
INFO: BaseController->formatResolution :: user_session - 【10100001-d873109b-fddb-4366-8035-608e75f8bc86】 $areacode - 【10100001】
INFO: function->initConfig :: $areacode - 【10100001】
INFO: [ view_parse ] --START--
INFO: [ template_filter ] --START--
INFO: Run Behavior\ContentReplaceBehavior [ RunTime:0.000000s ]
INFO: [ template_filter ] --END-- [ RunTime:0.000000s ]
INFO: Run Behavior\ParseTemplateBehavior [ RunTime:0.000000s ]
INFO: [ view_parse ] --END-- [ RunTime:0.000000s ]
INFO: [ view_filter ] --START--
INFO: Run Behavior\WriteHtmlCacheBehavior [ RunTime:0.000000s ]
INFO: [ view_filter ] --END-- [ RunTime:0.000000s ]
INFO: [ app_end ] --START--
INFO: Run Behavior\ShowPageTraceBehavior [ RunTime:0.000000s ]
INFO: [ app_end ] --END-- [ RunTime:0.000000s ]

[ 2016-08-22T15:26:33+08:00 ] 10.10.20.103 /list/null
INFO: [ app_init ] --START--
INFO: Run Behavior\BuildLiteBehavior [ RunTime:0.000000s ]
INFO: [ app_init ] --END-- [ RunTime:0.000000s ]
INFO: [ app_begin ] --START--
INFO: Run Behavior\ReadHtmlCacheBehavior [ RunTime:0.000000s ]
INFO: [ app_begin ] --END-- [ RunTime:0.000000s ]
ERR: 非法操作:null

[ 2016-08-22T15:26:34+08:00 ] 10.10.20.103 /index/showpage?usercode=1010000116081503235537701&user_session=10100001-d873109b-fddb-4366-8035-608e75f8bc86&websitecode=&_v=16318
INFO: [ app_init ] --START--
INFO: Run Behavior\BuildLiteBehavior [ RunTime:0.000000s ]
INFO: [ app_init ] --END-- [ RunTime:0.000000s ]
INFO: [ app_begin ] --START--
INFO: Run Behavior\ReadHtmlCacheBehavior [ RunTime:0.000000s ]
INFO: [ app_begin ] --END-- [ RunTime:0.000000s ]
INFO: BaseController->formatResolution :: user_session - 【10100001-d873109b-fddb-4366-8035-608e75f8bc86】 $areacode - 【10100001】
INFO: function->initConfig :: $areacode - 【10100001】
INFO: [ view_parse ] --START--
INFO: [ template_filter ] --START--
INFO: Run Behavior\ContentReplaceBehavior [ RunTime:0.000000s ]
INFO: [ template_filter ] --END-- [ RunTime:0.000000s ]
INFO: Run Behavior\ParseTemplateBehavior [ RunTime:0.000000s ]
INFO: [ view_parse ] --END-- [ RunTime:0.000000s ]
INFO: [ view_filter ] --START--
INFO: Run Behavior\WriteHtmlCacheBehavior [ RunTime:0.015600s ]
INFO: [ view_filter ] --END-- [ RunTime:0.015600s ]
INFO: [ app_end ] --START--
INFO: Run Behavior\ShowPageTraceBehavior [ RunTime:0.000000s ]
INFO: [ app_end ] --END-- [ RunTime:0.000000s ]

[ 2016-08-22T15:27:38+08:00 ] 10.10.20.103 /list/album?usercode=1010000116081503235537701&user_session=10100001-d873109b-fddb-4366-8035-608e75f8bc86&websitecode=&album_code=CT032016082201002&from_play_msg=1&backUrl=http%3A%2F%2F10.10.20.11%3A15010%2Findex%2Fshowpage%3Fusercode%3D1010000116081503235537701%26user_session%3D10100001-d873109b-fddb-4366-8035-608e75f8bc86%26websitecode%3D&_v=90092
INFO: [ app_init ] --START--
INFO: Run Behavior\BuildLiteBehavior [ RunTime:0.000000s ]
INFO: [ app_init ] --END-- [ RunTime:0.000000s ]
INFO: [ app_begin ] --START--
INFO: Run Behavior\ReadHtmlCacheBehavior [ RunTime:0.000000s ]
INFO: [ app_begin ] --END-- [ RunTime:0.000000s ]
INFO: BaseController->formatResolution :: user_session - 【10100001-d873109b-fddb-4366-8035-608e75f8bc86】 $areacode - 【10100001】
INFO: function->initConfig :: $areacode - 【10100001】
INFO: [ view_parse ] --START--
INFO: [ template_filter ] --START--
INFO: Run Behavior\ContentReplaceBehavior [ RunTime:0.000000s ]
INFO: [ template_filter ] --END-- [ RunTime:0.000000s ]
INFO: Run Behavior\ParseTemplateBehavior [ RunTime:0.015600s ]
INFO: [ view_parse ] --END-- [ RunTime:0.015600s ]
INFO: [ view_filter ] --START--
INFO: Run Behavior\WriteHtmlCacheBehavior [ RunTime:0.000000s ]
INFO: [ view_filter ] --END-- [ RunTime:0.000000s ]
INFO: [ app_end ] --START--
INFO: Run Behavior\ShowPageTraceBehavior [ RunTime:0.000000s ]
INFO: [ app_end ] --END-- [ RunTime:0.000000s ]

[ 2016-08-22T15:27:38+08:00 ] 10.10.20.103 /list/null
INFO: [ app_init ] --START--
INFO: Run Behavior\BuildLiteBehavior [ RunTime:0.000000s ]
INFO: [ app_init ] --END-- [ RunTime:0.000000s ]
INFO: [ app_begin ] --START--
INFO: Run Behavior\ReadHtmlCacheBehavior [ RunTime:0.000000s ]
INFO: [ app_begin ] --END-- [ RunTime:0.000000s ]
ERR: 非法操作:null

[ 2016-08-22T15:27:43+08:00 ] 10.10.20.103 /list/null
INFO: [ app_init ] --START--
INFO: Run Behavior\BuildLiteBehavior [ RunTime:0.000000s ]
INFO: [ app_init ] --END-- [ RunTime:0.000000s ]
INFO: [ app_begin ] --START--
INFO: Run Behavior\ReadHtmlCacheBehavior [ RunTime:0.000000s ]
INFO: [ app_begin ] --END-- [ RunTime:0.000000s ]
ERR: 非法操作:null

[ 2016-08-22T15:27:44+08:00 ] 10.10.20.103 /list/null
INFO: [ app_init ] --START--
INFO: Run Behavior\BuildLiteBehavior [ RunTime:0.000000s ]
INFO: [ app_init ] --END-- [ RunTime:0.000000s ]
INFO: [ app_begin ] --START--
INFO: Run Behavior\ReadHtmlCacheBehavior [ RunTime:0.000000s ]
INFO: [ app_begin ] --END-- [ RunTime:0.000000s ]
ERR: 非法操作:null

[ 2016-08-22T15:27:47+08:00 ] 10.10.20.103 /list/null
INFO: [ app_init ] --START--
INFO: Run Behavior\BuildLiteBehavior [ RunTime:0.000000s ]
INFO: [ app_init ] --END-- [ RunTime:0.000000s ]
INFO: [ app_begin ] --START--
INFO: Run Behavior\ReadHtmlCacheBehavior [ RunTime:0.000000s ]
INFO: [ app_begin ] --END-- [ RunTime:0.000000s ]
ERR: 非法操作:null

[ 2016-08-22T15:27:48+08:00 ] 10.10.20.103 /list/null
INFO: [ app_init ] --START--
INFO: Run Behavior\BuildLiteBehavior [ RunTime:0.000000s ]
INFO: [ app_init ] --END-- [ RunTime:0.000000s ]
INFO: [ app_begin ] --START--
INFO: Run Behavior\ReadHtmlCacheBehavior [ RunTime:0.000000s ]
INFO: [ app_begin ] --END-- [ RunTime:0.000000s ]
ERR: 非法操作:null

[ 2016-08-22T15:27:51+08:00 ] 10.10.20.103 /index/showpage?usercode=1010000116081503235537701&user_session=10100001-d873109b-fddb-4366-8035-608e75f8bc86&websitecode=&_v=72109
INFO: [ app_init ] --START--
INFO: Run Behavior\BuildLiteBehavior [ RunTime:0.000000s ]
INFO: [ app_init ] --END-- [ RunTime:0.000000s ]
INFO: [ app_begin ] --START--
INFO: Run Behavior\ReadHtmlCacheBehavior [ RunTime:0.000000s ]
INFO: [ app_begin ] --END-- [ RunTime:0.000000s ]
INFO: BaseController->formatResolution :: user_session - 【10100001-d873109b-fddb-4366-8035-608e75f8bc86】 $areacode - 【10100001】
INFO: function->initConfig :: $areacode - 【10100001】
INFO: [ view_parse ] --START--
INFO: [ template_filter ] --START--
INFO: Run Behavior\ContentReplaceBehavior [ RunTime:0.000000s ]
INFO: [ template_filter ] --END-- [ RunTime:0.000000s ]
INFO: Run Behavior\ParseTemplateBehavior [ RunTime:0.015600s ]
INFO: [ view_parse ] --END-- [ RunTime:0.015600s ]
INFO: [ view_filter ] --START--
INFO: Run Behavior\WriteHtmlCacheBehavior [ RunTime:0.000000s ]
INFO: [ view_filter ] --END-- [ RunTime:0.000000s ]
INFO: [ app_end ] --START--
INFO: Run Behavior\ShowPageTraceBehavior [ RunTime:0.000000s ]
INFO: [ app_end ] --END-- [ RunTime:0.000000s ]

