[ 2016-08-29T11:25:24+08:00 ] 10.10.20.101 /index/index?action=login&areacode=10100001&usercode=1010000101160829112523853&user_session=10100001-094595b4-b148-44d5-9b0b-f6667dd641b8&websitecode=&backUrl=http%3A%2F%2F10.10.20.11%3A15008%2F%3Fexit%3D1
INFO: [ app_init ] --START--
INFO: Run Behavior\BuildLiteBehavior [ RunTime:0.000000s ]
INFO: [ app_init ] --END-- [ RunTime:0.000000s ]
INFO: [ app_begin ] --START--
INFO: Run Behavior\ReadHtmlCacheBehavior [ RunTime:0.000000s ]
INFO: [ app_begin ] --END-- [ RunTime:0.000000s ]
INFO: BaseController->formatResolution :: user_session - 【10100001-094595b4-b148-44d5-9b0b-f6667dd641b8】 $areacode - 【10100001】
INFO: function->initConfig :: $areacode - 【10100001】
NOTIC: [8] Undefined index: header D:\tpcloud\tvportal\app\Home\Common\function.php 第 68 行.
NOTIC: [2] http_build_query(): Parameter 1 expected to be Array or Object.  Incorrect value given D:\tpcloud\tvportal\app\Home\Common\function.php 第 78 行.
NOTIC: [8] Undefined property: stdClass::$recode D:\tpcloud\tvportal\app\Home\Controller\IndexController.class.php 第 43 行.
DEBUG: before urlencode - backUrl :: 【http://10.10.20.11:15008/?exit=1】
DEBUG: after urlencode - backUrl :: 【http%3A%2F%2F10.10.20.11%3A15008%2F%3Fexit%3D1】
DEBUG: redirecturl - [http://10.10.20.11:15010/index/showpage?usercode=1010000101160829112523853&user_session=10100001-094595b4-b148-44d5-9b0b-f6667dd641b8&websitecode=&backUrl=http%3A%2F%2F10.10.20.11%3A15008%2F%3Fexit%3D1]

[ 2016-08-29T11:25:24+08:00 ] 10.10.20.101 /index/showpage?usercode=1010000101160829112523853&user_session=10100001-094595b4-b148-44d5-9b0b-f6667dd641b8&websitecode=&backUrl=http%3A%2F%2F10.10.20.11%3A15008%2F%3Fexit%3D1
INFO: [ app_init ] --START--
INFO: Run Behavior\BuildLiteBehavior [ RunTime:0.000000s ]
INFO: [ app_init ] --END-- [ RunTime:0.000000s ]
INFO: [ app_begin ] --START--
INFO: Run Behavior\ReadHtmlCacheBehavior [ RunTime:0.000000s ]
INFO: [ app_begin ] --END-- [ RunTime:0.000000s ]
INFO: BaseController->formatResolution :: user_session - 【10100001-094595b4-b148-44d5-9b0b-f6667dd641b8】 $areacode - 【10100001】
INFO: function->initConfig :: $areacode - 【10100001】
INFO: [ view_parse ] --START--
INFO: [ template_filter ] --START--
INFO: Run Behavior\ContentReplaceBehavior [ RunTime:0.000000s ]
INFO: [ template_filter ] --END-- [ RunTime:0.000000s ]
INFO: Run Behavior\ParseTemplateBehavior [ RunTime:0.015600s ]
INFO: [ view_parse ] --END-- [ RunTime:0.015600s ]
INFO: [ view_filter ] --START--
INFO: Run Behavior\WriteHtmlCacheBehavior [ RunTime:0.000000s ]
INFO: [ view_filter ] --END-- [ RunTime:0.000000s ]
INFO: [ app_end ] --START--
INFO: Run Behavior\ShowPageTraceBehavior [ RunTime:0.000000s ]
INFO: [ app_end ] --END-- [ RunTime:0.000000s ]

[ 2016-08-29T11:25:24+08:00 ] 10.10.20.101 /favicon.ico
INFO: [ app_init ] --START--
INFO: Run Behavior\BuildLiteBehavior [ RunTime:0.000000s ]
INFO: [ app_init ] --END-- [ RunTime:0.000000s ]

[ 2016-08-29T11:26:05+08:00 ] 10.10.20.101 /list?category_code=DG0000001002&usercode=1010000101160829112523853&user_session=10100001-094595b4-b148-44d5-9b0b-f6667dd641b8&websitecode=&backUrl=http%3A%2F%2F10.10.20.11%3A15010%2Findex%2Fshowpage%3Fusercode%3D1010000101160829112523853%26user_session%3D10100001-094595b4-b148-44d5-9b0b-f6667dd641b8%26websitecode%3D%26navcode%3DCM20160815002%26focusid%3Dtd4%26backUrl%3Dhttp%253A%252F%252F10.10.20.11%253A15008%252F%253Fexit%253D1&_v=56198
INFO: [ app_init ] --START--
INFO: Run Behavior\BuildLiteBehavior [ RunTime:0.000000s ]
INFO: [ app_init ] --END-- [ RunTime:0.000000s ]
INFO: [ app_begin ] --START--
INFO: Run Behavior\ReadHtmlCacheBehavior [ RunTime:0.000000s ]
INFO: [ app_begin ] --END-- [ RunTime:0.000000s ]
INFO: BaseController->formatResolution :: user_session - 【10100001-094595b4-b148-44d5-9b0b-f6667dd641b8】 $areacode - 【10100001】
INFO: function->initConfig :: $areacode - 【10100001】
INFO: [ view_parse ] --START--
INFO: [ template_filter ] --START--
INFO: Run Behavior\ContentReplaceBehavior [ RunTime:0.000000s ]
INFO: [ template_filter ] --END-- [ RunTime:0.000000s ]
INFO: Run Behavior\ParseTemplateBehavior [ RunTime:0.015600s ]
INFO: [ view_parse ] --END-- [ RunTime:0.015600s ]
INFO: [ view_filter ] --START--
INFO: Run Behavior\WriteHtmlCacheBehavior [ RunTime:0.000000s ]
INFO: [ view_filter ] --END-- [ RunTime:0.000000s ]
INFO: [ app_end ] --START--
INFO: Run Behavior\ShowPageTraceBehavior [ RunTime:0.000000s ]
INFO: [ app_end ] --END-- [ RunTime:0.000000s ]

[ 2016-08-29T11:26:06+08:00 ] 10.10.20.101 /null
INFO: [ app_init ] --START--
INFO: Run Behavior\BuildLiteBehavior [ RunTime:0.000000s ]
INFO: [ app_init ] --END-- [ RunTime:0.000000s ]
INFO: [ app_begin ] --START--
INFO: Run Behavior\ReadHtmlCacheBehavior [ RunTime:0.000000s ]
INFO: [ app_begin ] --END-- [ RunTime:0.000000s ]
ERR: 无法加载控制器:Null

[ 2016-08-29T11:26:07+08:00 ] 10.10.20.101 /index/showpage?usercode=1010000101160829112523853&user_session=10100001-094595b4-b148-44d5-9b0b-f6667dd641b8&websitecode=&navcode=CM20160815002&focusid=td4&backUrl=http%3A%2F%2F10.10.20.11%3A15008%2F%3Fexit%3D1&_v=8554
INFO: [ app_init ] --START--
INFO: Run Behavior\BuildLiteBehavior [ RunTime:0.000000s ]
INFO: [ app_init ] --END-- [ RunTime:0.000000s ]
INFO: [ app_begin ] --START--
INFO: Run Behavior\ReadHtmlCacheBehavior [ RunTime:0.000000s ]
INFO: [ app_begin ] --END-- [ RunTime:0.000000s ]
INFO: BaseController->formatResolution :: user_session - 【10100001-094595b4-b148-44d5-9b0b-f6667dd641b8】 $areacode - 【10100001】
INFO: function->initConfig :: $areacode - 【10100001】
INFO: [ view_parse ] --START--
INFO: [ template_filter ] --START--
INFO: Run Behavior\ContentReplaceBehavior [ RunTime:0.000000s ]
INFO: [ template_filter ] --END-- [ RunTime:0.000000s ]
INFO: Run Behavior\ParseTemplateBehavior [ RunTime:0.015600s ]
INFO: [ view_parse ] --END-- [ RunTime:0.015600s ]
INFO: [ view_filter ] --START--
INFO: Run Behavior\WriteHtmlCacheBehavior [ RunTime:0.000000s ]
INFO: [ view_filter ] --END-- [ RunTime:0.000000s ]
INFO: [ app_end ] --START--
INFO: Run Behavior\ShowPageTraceBehavior [ RunTime:0.000000s ]
INFO: [ app_end ] --END-- [ RunTime:0.000000s ]

[ 2016-08-29T11:26:08+08:00 ] 10.10.20.101 /my?usercode=1010000101160829112523853&user_session=10100001-094595b4-b148-44d5-9b0b-f6667dd641b8&websitecode=&backUrl=http%3A%2F%2F10.10.20.11%3A15010%2Findex%2Fshowpage%3Fusercode%3D1010000101160829112523853%26user_session%3D10100001-094595b4-b148-44d5-9b0b-f6667dd641b8%26websitecode%3D%26navcode%3DCM20160815002%26focusid%3Dtd7%26backUrl%3Dhttp%253A%252F%252F10.10.20.11%253A15008%252F%253Fexit%253D1&_v=30669
INFO: [ app_init ] --START--
INFO: Run Behavior\BuildLiteBehavior [ RunTime:0.000000s ]
INFO: [ app_init ] --END-- [ RunTime:0.000000s ]
INFO: [ app_begin ] --START--
INFO: Run Behavior\ReadHtmlCacheBehavior [ RunTime:0.000000s ]
INFO: [ app_begin ] --END-- [ RunTime:0.000000s ]
INFO: BaseController->formatResolution :: user_session - 【10100001-094595b4-b148-44d5-9b0b-f6667dd641b8】 $areacode - 【10100001】
INFO: function->initConfig :: $areacode - 【10100001】
INFO: [ view_parse ] --START--
INFO: [ template_filter ] --START--
INFO: Run Behavior\ContentReplaceBehavior [ RunTime:0.000000s ]
INFO: [ template_filter ] --END-- [ RunTime:0.000000s ]
INFO: Run Behavior\ParseTemplateBehavior [ RunTime:0.015600s ]
INFO: [ view_parse ] --END-- [ RunTime:0.015600s ]
INFO: [ view_filter ] --START--
INFO: Run Behavior\WriteHtmlCacheBehavior [ RunTime:0.000000s ]
INFO: [ view_filter ] --END-- [ RunTime:0.000000s ]
INFO: [ app_end ] --START--
INFO: Run Behavior\ShowPageTraceBehavior [ RunTime:0.000000s ]
INFO: [ app_end ] --END-- [ RunTime:0.000000s ]

[ 2016-08-29T11:26:09+08:00 ] 10.10.20.101 /index/showpage?usercode=1010000101160829112523853&user_session=10100001-094595b4-b148-44d5-9b0b-f6667dd641b8&websitecode=&navcode=CM20160815002&focusid=td7&backUrl=http%3A%2F%2F10.10.20.11%3A15008%2F%3Fexit%3D1&_v=75465
INFO: [ app_init ] --START--
INFO: Run Behavior\BuildLiteBehavior [ RunTime:0.000000s ]
INFO: [ app_init ] --END-- [ RunTime:0.000000s ]
INFO: [ app_begin ] --START--
INFO: Run Behavior\ReadHtmlCacheBehavior [ RunTime:0.000000s ]
INFO: [ app_begin ] --END-- [ RunTime:0.000000s ]
INFO: BaseController->formatResolution :: user_session - 【10100001-094595b4-b148-44d5-9b0b-f6667dd641b8】 $areacode - 【10100001】
INFO: function->initConfig :: $areacode - 【10100001】
INFO: [ view_parse ] --START--
INFO: [ template_filter ] --START--
INFO: Run Behavior\ContentReplaceBehavior [ RunTime:0.000000s ]
INFO: [ template_filter ] --END-- [ RunTime:0.000000s ]
INFO: Run Behavior\ParseTemplateBehavior [ RunTime:0.015600s ]
INFO: [ view_parse ] --END-- [ RunTime:0.015600s ]
INFO: [ view_filter ] --START--
INFO: Run Behavior\WriteHtmlCacheBehavior [ RunTime:0.000000s ]
INFO: [ view_filter ] --END-- [ RunTime:0.000000s ]
INFO: [ app_end ] --START--
INFO: Run Behavior\ShowPageTraceBehavior [ RunTime:0.000000s ]
INFO: [ app_end ] --END-- [ RunTime:0.000000s ]

[ 2016-08-29T11:26:10+08:00 ] 10.10.20.101 /my?usercode=1010000101160829112523853&user_session=10100001-094595b4-b148-44d5-9b0b-f6667dd641b8&websitecode=&backUrl=http%3A%2F%2F10.10.20.11%3A15010%2Findex%2Fshowpage%3Fusercode%3D1010000101160829112523853%26user_session%3D10100001-094595b4-b148-44d5-9b0b-f6667dd641b8%26websitecode%3D%26navcode%3DCM20160815002%26focusid%3Dtd2%26backUrl%3Dhttp%253A%252F%252F10.10.20.11%253A15008%252F%253Fexit%253D1&_v=55384
INFO: [ app_init ] --START--
INFO: Run Behavior\BuildLiteBehavior [ RunTime:0.000000s ]
INFO: [ app_init ] --END-- [ RunTime:0.000000s ]
INFO: [ app_begin ] --START--
INFO: Run Behavior\ReadHtmlCacheBehavior [ RunTime:0.000000s ]
INFO: [ app_begin ] --END-- [ RunTime:0.000000s ]
INFO: BaseController->formatResolution :: user_session - 【10100001-094595b4-b148-44d5-9b0b-f6667dd641b8】 $areacode - 【10100001】
INFO: function->initConfig :: $areacode - 【10100001】
INFO: [ view_parse ] --START--
INFO: [ template_filter ] --START--
INFO: Run Behavior\ContentReplaceBehavior [ RunTime:0.000000s ]
INFO: [ template_filter ] --END-- [ RunTime:0.000000s ]
INFO: Run Behavior\ParseTemplateBehavior [ RunTime:0.000000s ]
INFO: [ view_parse ] --END-- [ RunTime:0.000000s ]
INFO: [ view_filter ] --START--
INFO: Run Behavior\WriteHtmlCacheBehavior [ RunTime:0.000000s ]
INFO: [ view_filter ] --END-- [ RunTime:0.000000s ]
INFO: [ app_end ] --START--
INFO: Run Behavior\ShowPageTraceBehavior [ RunTime:0.000000s ]
INFO: [ app_end ] --END-- [ RunTime:0.000000s ]

[ 2016-08-29T11:26:10+08:00 ] 10.10.20.101 /index/showpage?usercode=1010000101160829112523853&user_session=10100001-094595b4-b148-44d5-9b0b-f6667dd641b8&websitecode=&navcode=CM20160815002&focusid=td2&backUrl=http%3A%2F%2F10.10.20.11%3A15008%2F%3Fexit%3D1&_v=92540
INFO: [ app_init ] --START--
INFO: Run Behavior\BuildLiteBehavior [ RunTime:0.000000s ]
INFO: [ app_init ] --END-- [ RunTime:0.000000s ]
INFO: [ app_begin ] --START--
INFO: Run Behavior\ReadHtmlCacheBehavior [ RunTime:0.000000s ]
INFO: [ app_begin ] --END-- [ RunTime:0.000000s ]
INFO: BaseController->formatResolution :: user_session - 【10100001-094595b4-b148-44d5-9b0b-f6667dd641b8】 $areacode - 【10100001】
INFO: function->initConfig :: $areacode - 【10100001】
INFO: [ view_parse ] --START--
INFO: [ template_filter ] --START--
INFO: Run Behavior\ContentReplaceBehavior [ RunTime:0.000000s ]
INFO: [ template_filter ] --END-- [ RunTime:0.000000s ]
INFO: Run Behavior\ParseTemplateBehavior [ RunTime:0.000000s ]
INFO: [ view_parse ] --END-- [ RunTime:0.000000s ]
INFO: [ view_filter ] --START--
INFO: Run Behavior\WriteHtmlCacheBehavior [ RunTime:0.000000s ]
INFO: [ view_filter ] --END-- [ RunTime:0.000000s ]
INFO: [ app_end ] --START--
INFO: Run Behavior\ShowPageTraceBehavior [ RunTime:0.000000s ]
INFO: [ app_end ] --END-- [ RunTime:0.000000s ]

[ 2016-08-29T11:26:11+08:00 ] 10.10.20.101 /my?usercode=1010000101160829112523853&user_session=10100001-094595b4-b148-44d5-9b0b-f6667dd641b8&websitecode=&backUrl=http%3A%2F%2F10.10.20.11%3A15010%2Findex%2Fshowpage%3Fusercode%3D1010000101160829112523853%26user_session%3D10100001-094595b4-b148-44d5-9b0b-f6667dd641b8%26websitecode%3D%26navcode%3DCM20160815002%26focusid%3Dtd2%26backUrl%3Dhttp%253A%252F%252F10.10.20.11%253A15008%252F%253Fexit%253D1&_v=36244
INFO: [ app_init ] --START--
INFO: Run Behavior\BuildLiteBehavior [ RunTime:0.000000s ]
INFO: [ app_init ] --END-- [ RunTime:0.000000s ]
INFO: [ app_begin ] --START--
INFO: Run Behavior\ReadHtmlCacheBehavior [ RunTime:0.000000s ]
INFO: [ app_begin ] --END-- [ RunTime:0.000000s ]
INFO: BaseController->formatResolution :: user_session - 【10100001-094595b4-b148-44d5-9b0b-f6667dd641b8】 $areacode - 【10100001】
INFO: function->initConfig :: $areacode - 【10100001】
INFO: [ view_parse ] --START--
INFO: [ template_filter ] --START--
INFO: Run Behavior\ContentReplaceBehavior [ RunTime:0.000000s ]
INFO: [ template_filter ] --END-- [ RunTime:0.000000s ]
INFO: Run Behavior\ParseTemplateBehavior [ RunTime:0.015600s ]
INFO: [ view_parse ] --END-- [ RunTime:0.015600s ]
INFO: [ view_filter ] --START--
INFO: Run Behavior\WriteHtmlCacheBehavior [ RunTime:0.000000s ]
INFO: [ view_filter ] --END-- [ RunTime:0.000000s ]
INFO: [ app_end ] --START--
INFO: Run Behavior\ShowPageTraceBehavior [ RunTime:0.000000s ]
INFO: [ app_end ] --END-- [ RunTime:0.000000s ]

[ 2016-08-29T11:26:11+08:00 ] 10.10.20.101 /index/showpage?usercode=1010000101160829112523853&user_session=10100001-094595b4-b148-44d5-9b0b-f6667dd641b8&websitecode=&navcode=CM20160815002&focusid=td2&backUrl=http%3A%2F%2F10.10.20.11%3A15008%2F%3Fexit%3D1&_v=7280
INFO: [ app_init ] --START--
INFO: Run Behavior\BuildLiteBehavior [ RunTime:0.000000s ]
INFO: [ app_init ] --END-- [ RunTime:0.000000s ]
INFO: [ app_begin ] --START--
INFO: Run Behavior\ReadHtmlCacheBehavior [ RunTime:0.000000s ]
INFO: [ app_begin ] --END-- [ RunTime:0.000000s ]
INFO: BaseController->formatResolution :: user_session - 【10100001-094595b4-b148-44d5-9b0b-f6667dd641b8】 $areacode - 【10100001】
INFO: function->initConfig :: $areacode - 【10100001】
INFO: [ view_parse ] --START--
INFO: [ template_filter ] --START--
INFO: Run Behavior\ContentReplaceBehavior [ RunTime:0.000000s ]
INFO: [ template_filter ] --END-- [ RunTime:0.000000s ]
INFO: Run Behavior\ParseTemplateBehavior [ RunTime:0.015600s ]
INFO: [ view_parse ] --END-- [ RunTime:0.015600s ]
INFO: [ view_filter ] --START--
INFO: Run Behavior\WriteHtmlCacheBehavior [ RunTime:0.000000s ]
INFO: [ view_filter ] --END-- [ RunTime:0.000000s ]
INFO: [ app_end ] --START--
INFO: Run Behavior\ShowPageTraceBehavior [ RunTime:0.000000s ]
INFO: [ app_end ] --END-- [ RunTime:0.000000s ]

[ 2016-08-29T11:26:13+08:00 ] 10.10.20.101 /video?content_code=CT032016082400021&usercode=1010000101160829112523853&user_session=10100001-094595b4-b148-44d5-9b0b-f6667dd641b8&websitecode=&backUrl=http%3A%2F%2F10.10.20.11%3A15010%2Findex%2Fshowpage%3Fusercode%3D1010000101160829112523853%26user_session%3D10100001-094595b4-b148-44d5-9b0b-f6667dd641b8%26websitecode%3D%26navcode%3DCM20160815002%26focusid%3Dtd3%26backUrl%3Dhttp%253A%252F%252F10.10.20.11%253A15008%252F%253Fexit%253D1&_v=1204
INFO: [ app_init ] --START--
INFO: Run Behavior\BuildLiteBehavior [ RunTime:0.000000s ]
INFO: [ app_init ] --END-- [ RunTime:0.000000s ]
INFO: [ app_begin ] --START--
INFO: Run Behavior\ReadHtmlCacheBehavior [ RunTime:0.000000s ]
INFO: [ app_begin ] --END-- [ RunTime:0.000000s ]
INFO: BaseController->formatResolution :: user_session - 【10100001-094595b4-b148-44d5-9b0b-f6667dd641b8】 $areacode - 【10100001】
INFO: function->initConfig :: $areacode - 【10100001】
INFO: [ view_parse ] --START--
INFO: [ template_filter ] --START--
INFO: Run Behavior\ContentReplaceBehavior [ RunTime:0.000000s ]
INFO: [ template_filter ] --END-- [ RunTime:0.000000s ]
INFO: Run Behavior\ParseTemplateBehavior [ RunTime:0.000000s ]
INFO: [ view_parse ] --END-- [ RunTime:0.000000s ]
INFO: [ view_filter ] --START--
INFO: Run Behavior\WriteHtmlCacheBehavior [ RunTime:0.000000s ]
INFO: [ view_filter ] --END-- [ RunTime:0.000000s ]
INFO: [ app_end ] --START--
INFO: Run Behavior\ShowPageTraceBehavior [ RunTime:0.000000s ]
INFO: [ app_end ] --END-- [ RunTime:0.000000s ]

[ 2016-08-29T11:26:13+08:00 ] 10.10.20.101 /index/showpage?usercode=1010000101160829112523853&user_session=10100001-094595b4-b148-44d5-9b0b-f6667dd641b8&websitecode=&navcode=CM20160815002&focusid=td3&backUrl=http%3A%2F%2F10.10.20.11%3A15008%2F%3Fexit%3D1&_v=21709
INFO: [ app_init ] --START--
INFO: Run Behavior\BuildLiteBehavior [ RunTime:0.000000s ]
INFO: [ app_init ] --END-- [ RunTime:0.000000s ]
INFO: [ app_begin ] --START--
INFO: Run Behavior\ReadHtmlCacheBehavior [ RunTime:0.000000s ]
INFO: [ app_begin ] --END-- [ RunTime:0.000000s ]
INFO: BaseController->formatResolution :: user_session - 【10100001-094595b4-b148-44d5-9b0b-f6667dd641b8】 $areacode - 【10100001】
INFO: function->initConfig :: $areacode - 【10100001】
INFO: [ view_parse ] --START--
INFO: [ template_filter ] --START--
INFO: Run Behavior\ContentReplaceBehavior [ RunTime:0.000000s ]
INFO: [ template_filter ] --END-- [ RunTime:0.000000s ]
INFO: Run Behavior\ParseTemplateBehavior [ RunTime:0.000000s ]
INFO: [ view_parse ] --END-- [ RunTime:0.000000s ]
INFO: [ view_filter ] --START--
INFO: Run Behavior\WriteHtmlCacheBehavior [ RunTime:0.000000s ]
INFO: [ view_filter ] --END-- [ RunTime:0.000000s ]
INFO: [ app_end ] --START--
INFO: Run Behavior\ShowPageTraceBehavior [ RunTime:0.000000s ]
INFO: [ app_end ] --END-- [ RunTime:0.000000s ]

[ 2016-08-29T11:26:15+08:00 ] 10.10.20.101 /my?usercode=1010000101160829112523853&user_session=10100001-094595b4-b148-44d5-9b0b-f6667dd641b8&websitecode=&backUrl=http%3A%2F%2F10.10.20.11%3A15010%2Findex%2Fshowpage%3Fusercode%3D1010000101160829112523853%26user_session%3D10100001-094595b4-b148-44d5-9b0b-f6667dd641b8%26websitecode%3D%26navcode%3DCM20160815002%26focusid%3Dtd5%26backUrl%3Dhttp%253A%252F%252F10.10.20.11%253A15008%252F%253Fexit%253D1&_v=66221
INFO: [ app_init ] --START--
INFO: Run Behavior\BuildLiteBehavior [ RunTime:0.000000s ]
INFO: [ app_init ] --END-- [ RunTime:0.000000s ]
INFO: [ app_begin ] --START--
INFO: Run Behavior\ReadHtmlCacheBehavior [ RunTime:0.000000s ]
INFO: [ app_begin ] --END-- [ RunTime:0.000000s ]
INFO: BaseController->formatResolution :: user_session - 【10100001-094595b4-b148-44d5-9b0b-f6667dd641b8】 $areacode - 【10100001】
INFO: function->initConfig :: $areacode - 【10100001】
INFO: [ view_parse ] --START--
INFO: [ template_filter ] --START--
INFO: Run Behavior\ContentReplaceBehavior [ RunTime:0.000000s ]
INFO: [ template_filter ] --END-- [ RunTime:0.000000s ]
INFO: Run Behavior\ParseTemplateBehavior [ RunTime:0.015600s ]
INFO: [ view_parse ] --END-- [ RunTime:0.015600s ]
INFO: [ view_filter ] --START--
INFO: Run Behavior\WriteHtmlCacheBehavior [ RunTime:0.000000s ]
INFO: [ view_filter ] --END-- [ RunTime:0.000000s ]
INFO: [ app_end ] --START--
INFO: Run Behavior\ShowPageTraceBehavior [ RunTime:0.000000s ]
INFO: [ app_end ] --END-- [ RunTime:0.000000s ]

[ 2016-08-29T11:26:16+08:00 ] 10.10.20.101 /index/showpage?usercode=1010000101160829112523853&user_session=10100001-094595b4-b148-44d5-9b0b-f6667dd641b8&websitecode=&navcode=CM20160815002&focusid=td5&backUrl=http%3A%2F%2F10.10.20.11%3A15008%2F%3Fexit%3D1&_v=38635
INFO: [ app_init ] --START--
INFO: Run Behavior\BuildLiteBehavior [ RunTime:0.000000s ]
INFO: [ app_init ] --END-- [ RunTime:0.000000s ]
INFO: [ app_begin ] --START--
INFO: Run Behavior\ReadHtmlCacheBehavior [ RunTime:0.000000s ]
INFO: [ app_begin ] --END-- [ RunTime:0.000000s ]
INFO: BaseController->formatResolution :: user_session - 【10100001-094595b4-b148-44d5-9b0b-f6667dd641b8】 $areacode - 【10100001】
INFO: function->initConfig :: $areacode - 【10100001】
INFO: [ view_parse ] --START--
INFO: [ template_filter ] --START--
INFO: Run Behavior\ContentReplaceBehavior [ RunTime:0.000000s ]
INFO: [ template_filter ] --END-- [ RunTime:0.000000s ]
INFO: Run Behavior\ParseTemplateBehavior [ RunTime:0.015600s ]
INFO: [ view_parse ] --END-- [ RunTime:0.015600s ]
INFO: [ view_filter ] --START--
INFO: Run Behavior\WriteHtmlCacheBehavior [ RunTime:0.000000s ]
INFO: [ view_filter ] --END-- [ RunTime:0.000000s ]
INFO: [ app_end ] --START--
INFO: Run Behavior\ShowPageTraceBehavior [ RunTime:0.000000s ]
INFO: [ app_end ] --END-- [ RunTime:0.000000s ]

[ 2016-08-29T11:26:17+08:00 ] 10.10.20.101 /my?usercode=1010000101160829112523853&user_session=10100001-094595b4-b148-44d5-9b0b-f6667dd641b8&websitecode=&backUrl=http%3A%2F%2F10.10.20.11%3A15010%2Findex%2Fshowpage%3Fusercode%3D1010000101160829112523853%26user_session%3D10100001-094595b4-b148-44d5-9b0b-f6667dd641b8%26websitecode%3D%26navcode%3DCM20160815002%26focusid%3Dtd1%26backUrl%3Dhttp%253A%252F%252F10.10.20.11%253A15008%252F%253Fexit%253D1&_v=11760
INFO: [ app_init ] --START--
INFO: Run Behavior\BuildLiteBehavior [ RunTime:0.000000s ]
INFO: [ app_init ] --END-- [ RunTime:0.015600s ]
INFO: [ app_begin ] --START--
INFO: Run Behavior\ReadHtmlCacheBehavior [ RunTime:0.000000s ]
INFO: [ app_begin ] --END-- [ RunTime:0.000000s ]
INFO: BaseController->formatResolution :: user_session - 【10100001-094595b4-b148-44d5-9b0b-f6667dd641b8】 $areacode - 【10100001】
INFO: function->initConfig :: $areacode - 【10100001】
INFO: [ view_parse ] --START--
INFO: [ template_filter ] --START--
INFO: Run Behavior\ContentReplaceBehavior [ RunTime:0.000000s ]
INFO: [ template_filter ] --END-- [ RunTime:0.000000s ]
INFO: Run Behavior\ParseTemplateBehavior [ RunTime:0.015600s ]
INFO: [ view_parse ] --END-- [ RunTime:0.015600s ]
INFO: [ view_filter ] --START--
INFO: Run Behavior\WriteHtmlCacheBehavior [ RunTime:0.000000s ]
INFO: [ view_filter ] --END-- [ RunTime:0.000000s ]
INFO: [ app_end ] --START--
INFO: Run Behavior\ShowPageTraceBehavior [ RunTime:0.000000s ]
INFO: [ app_end ] --END-- [ RunTime:0.000000s ]

[ 2016-08-29T11:26:17+08:00 ] 10.10.20.101 /index/showpage?usercode=1010000101160829112523853&user_session=10100001-094595b4-b148-44d5-9b0b-f6667dd641b8&websitecode=&navcode=CM20160815002&focusid=td1&backUrl=http%3A%2F%2F10.10.20.11%3A15008%2F%3Fexit%3D1&_v=46281
INFO: [ app_init ] --START--
INFO: Run Behavior\BuildLiteBehavior [ RunTime:0.000000s ]
INFO: [ app_init ] --END-- [ RunTime:0.000000s ]
INFO: [ app_begin ] --START--
INFO: Run Behavior\ReadHtmlCacheBehavior [ RunTime:0.000000s ]
INFO: [ app_begin ] --END-- [ RunTime:0.000000s ]
INFO: BaseController->formatResolution :: user_session - 【10100001-094595b4-b148-44d5-9b0b-f6667dd641b8】 $areacode - 【10100001】
INFO: function->initConfig :: $areacode - 【10100001】
INFO: [ view_parse ] --START--
INFO: [ template_filter ] --START--
INFO: Run Behavior\ContentReplaceBehavior [ RunTime:0.000000s ]
INFO: [ template_filter ] --END-- [ RunTime:0.000000s ]
INFO: Run Behavior\ParseTemplateBehavior [ RunTime:0.015601s ]
INFO: [ view_parse ] --END-- [ RunTime:0.015601s ]
INFO: [ view_filter ] --START--
INFO: Run Behavior\WriteHtmlCacheBehavior [ RunTime:0.000000s ]
INFO: [ view_filter ] --END-- [ RunTime:0.000000s ]
INFO: [ app_end ] --START--
INFO: Run Behavior\ShowPageTraceBehavior [ RunTime:0.000000s ]
INFO: [ app_end ] --END-- [ RunTime:0.000000s ]

[ 2016-08-29T11:26:18+08:00 ] 10.10.20.101 /oldcard/list?usercode=1010000101160829112523853&user_session=10100001-094595b4-b148-44d5-9b0b-f6667dd641b8&websitecode=&backUrl=http%3A%2F%2F10.10.20.11%3A15010%2Findex%2Fshowpage%3Fusercode%3D1010000101160829112523853%26user_session%3D10100001-094595b4-b148-44d5-9b0b-f6667dd641b8%26websitecode%3D%26navcode%3DCM20160815002%26focusid%3Dtd0%26backUrl%3Dhttp%253A%252F%252F10.10.20.11%253A15008%252F%253Fexit%253D1&_v=36179
INFO: [ app_init ] --START--
INFO: Run Behavior\BuildLiteBehavior [ RunTime:0.000000s ]
INFO: [ app_init ] --END-- [ RunTime:0.000000s ]
INFO: [ app_begin ] --START--
INFO: Run Behavior\ReadHtmlCacheBehavior [ RunTime:0.000000s ]
INFO: [ app_begin ] --END-- [ RunTime:0.000000s ]
INFO: BaseController->formatResolution :: user_session - 【10100001-094595b4-b148-44d5-9b0b-f6667dd641b8】 $areacode - 【10100001】
INFO: function->initConfig :: $areacode - 【10100001】
INFO: [ view_parse ] --START--
INFO: [ template_filter ] --START--
INFO: Run Behavior\ContentReplaceBehavior [ RunTime:0.000000s ]
INFO: [ template_filter ] --END-- [ RunTime:0.000000s ]
INFO: Run Behavior\ParseTemplateBehavior [ RunTime:0.015600s ]
INFO: [ view_parse ] --END-- [ RunTime:0.015600s ]
INFO: [ view_filter ] --START--
INFO: Run Behavior\WriteHtmlCacheBehavior [ RunTime:0.000000s ]
INFO: [ view_filter ] --END-- [ RunTime:0.000000s ]
INFO: [ app_end ] --START--
INFO: Run Behavior\ShowPageTraceBehavior [ RunTime:0.000000s ]
INFO: [ app_end ] --END-- [ RunTime:0.000000s ]

[ 2016-08-29T11:26:19+08:00 ] 10.10.20.101 /index/showpage?usercode=1010000101160829112523853&user_session=10100001-094595b4-b148-44d5-9b0b-f6667dd641b8&websitecode=&navcode=CM20160815002&focusid=td0&backUrl=http%3A%2F%2F10.10.20.11%3A15008%2F%3Fexit%3D1&_v=69659
INFO: [ app_init ] --START--
INFO: Run Behavior\BuildLiteBehavior [ RunTime:0.000000s ]
INFO: [ app_init ] --END-- [ RunTime:0.000000s ]
INFO: [ app_begin ] --START--
INFO: Run Behavior\ReadHtmlCacheBehavior [ RunTime:0.000000s ]
INFO: [ app_begin ] --END-- [ RunTime:0.000000s ]
INFO: BaseController->formatResolution :: user_session - 【10100001-094595b4-b148-44d5-9b0b-f6667dd641b8】 $areacode - 【10100001】
INFO: function->initConfig :: $areacode - 【10100001】
INFO: [ view_parse ] --START--
INFO: [ template_filter ] --START--
INFO: Run Behavior\ContentReplaceBehavior [ RunTime:0.000000s ]
INFO: [ template_filter ] --END-- [ RunTime:0.000000s ]
INFO: Run Behavior\ParseTemplateBehavior [ RunTime:0.000000s ]
INFO: [ view_parse ] --END-- [ RunTime:0.000000s ]
INFO: [ view_filter ] --START--
INFO: Run Behavior\WriteHtmlCacheBehavior [ RunTime:0.000000s ]
INFO: [ view_filter ] --END-- [ RunTime:0.000000s ]
INFO: [ app_end ] --START--
INFO: Run Behavior\ShowPageTraceBehavior [ RunTime:0.000000s ]
INFO: [ app_end ] --END-- [ RunTime:0.000000s ]

[ 2016-08-29T11:26:24+08:00 ] 10.10.20.101 /my?usercode=1010000101160829112523853&user_session=10100001-094595b4-b148-44d5-9b0b-f6667dd641b8&websitecode=&backUrl=http%3A%2F%2F10.10.20.11%3A15010%2Findex%2Fshowpage%3Fusercode%3D1010000101160829112523853%26user_session%3D10100001-094595b4-b148-44d5-9b0b-f6667dd641b8%26websitecode%3D%26navcode%3DCM20160815003%26focusid%3Dtd5%26backUrl%3Dhttp%253A%252F%252F10.10.20.11%253A15008%252F%253Fexit%253D1&_v=22203
INFO: [ app_init ] --START--
INFO: Run Behavior\BuildLiteBehavior [ RunTime:0.000000s ]
INFO: [ app_init ] --END-- [ RunTime:0.000000s ]
INFO: [ app_begin ] --START--
INFO: Run Behavior\ReadHtmlCacheBehavior [ RunTime:0.000000s ]
INFO: [ app_begin ] --END-- [ RunTime:0.000000s ]
INFO: BaseController->formatResolution :: user_session - 【10100001-094595b4-b148-44d5-9b0b-f6667dd641b8】 $areacode - 【10100001】
INFO: function->initConfig :: $areacode - 【10100001】
INFO: [ view_parse ] --START--
INFO: [ template_filter ] --START--
INFO: Run Behavior\ContentReplaceBehavior [ RunTime:0.000000s ]
INFO: [ template_filter ] --END-- [ RunTime:0.000000s ]
INFO: Run Behavior\ParseTemplateBehavior [ RunTime:0.015600s ]
INFO: [ view_parse ] --END-- [ RunTime:0.015600s ]
INFO: [ view_filter ] --START--
INFO: Run Behavior\WriteHtmlCacheBehavior [ RunTime:0.000000s ]
INFO: [ view_filter ] --END-- [ RunTime:0.000000s ]
INFO: [ app_end ] --START--
INFO: Run Behavior\ShowPageTraceBehavior [ RunTime:0.000000s ]
INFO: [ app_end ] --END-- [ RunTime:0.000000s ]

[ 2016-08-29T11:26:25+08:00 ] 10.10.20.101 /index/showpage?usercode=1010000101160829112523853&user_session=10100001-094595b4-b148-44d5-9b0b-f6667dd641b8&websitecode=&navcode=CM20160815003&focusid=td5&backUrl=http%3A%2F%2F10.10.20.11%3A15008%2F%3Fexit%3D1&_v=84392
INFO: [ app_init ] --START--
INFO: Run Behavior\BuildLiteBehavior [ RunTime:0.000000s ]
INFO: [ app_init ] --END-- [ RunTime:0.000000s ]
INFO: [ app_begin ] --START--
INFO: Run Behavior\ReadHtmlCacheBehavior [ RunTime:0.000000s ]
INFO: [ app_begin ] --END-- [ RunTime:0.000000s ]
INFO: BaseController->formatResolution :: user_session - 【10100001-094595b4-b148-44d5-9b0b-f6667dd641b8】 $areacode - 【10100001】
INFO: function->initConfig :: $areacode - 【10100001】
INFO: [ view_parse ] --START--
INFO: [ template_filter ] --START--
INFO: Run Behavior\ContentReplaceBehavior [ RunTime:0.015600s ]
INFO: [ template_filter ] --END-- [ RunTime:0.015600s ]
INFO: Run Behavior\ParseTemplateBehavior [ RunTime:0.015600s ]
INFO: [ view_parse ] --END-- [ RunTime:0.015600s ]
INFO: [ view_filter ] --START--
INFO: Run Behavior\WriteHtmlCacheBehavior [ RunTime:0.000000s ]
INFO: [ view_filter ] --END-- [ RunTime:0.000000s ]
INFO: [ app_end ] --START--
INFO: Run Behavior\ShowPageTraceBehavior [ RunTime:0.000000s ]
INFO: [ app_end ] --END-- [ RunTime:0.000000s ]

[ 2016-08-29T11:26:26+08:00 ] 10.10.20.101 /my?usercode=1010000101160829112523853&user_session=10100001-094595b4-b148-44d5-9b0b-f6667dd641b8&websitecode=&backUrl=http%3A%2F%2F10.10.20.11%3A15010%2Findex%2Fshowpage%3Fusercode%3D1010000101160829112523853%26user_session%3D10100001-094595b4-b148-44d5-9b0b-f6667dd641b8%26websitecode%3D%26navcode%3DCM20160815003%26focusid%3Dtd0%26backUrl%3Dhttp%253A%252F%252F10.10.20.11%253A15008%252F%253Fexit%253D1&_v=86102
INFO: [ app_init ] --START--
INFO: Run Behavior\BuildLiteBehavior [ RunTime:0.000000s ]
INFO: [ app_init ] --END-- [ RunTime:0.015600s ]
INFO: [ app_begin ] --START--
INFO: Run Behavior\ReadHtmlCacheBehavior [ RunTime:0.000000s ]
INFO: [ app_begin ] --END-- [ RunTime:0.000000s ]
INFO: BaseController->formatResolution :: user_session - 【10100001-094595b4-b148-44d5-9b0b-f6667dd641b8】 $areacode - 【10100001】
INFO: function->initConfig :: $areacode - 【10100001】
INFO: [ view_parse ] --START--
INFO: [ template_filter ] --START--
INFO: Run Behavior\ContentReplaceBehavior [ RunTime:0.000000s ]
INFO: [ template_filter ] --END-- [ RunTime:0.000000s ]
INFO: Run Behavior\ParseTemplateBehavior [ RunTime:0.000000s ]
INFO: [ view_parse ] --END-- [ RunTime:0.000000s ]
INFO: [ view_filter ] --START--
INFO: Run Behavior\WriteHtmlCacheBehavior [ RunTime:0.000000s ]
INFO: [ view_filter ] --END-- [ RunTime:0.000000s ]
INFO: [ app_end ] --START--
INFO: Run Behavior\ShowPageTraceBehavior [ RunTime:0.000000s ]
INFO: [ app_end ] --END-- [ RunTime:0.000000s ]

[ 2016-08-29T11:26:27+08:00 ] 10.10.20.101 /index/showpage?usercode=1010000101160829112523853&user_session=10100001-094595b4-b148-44d5-9b0b-f6667dd641b8&websitecode=&navcode=CM20160815003&focusid=td0&backUrl=http%3A%2F%2F10.10.20.11%3A15008%2F%3Fexit%3D1&_v=14764
INFO: [ app_init ] --START--
INFO: Run Behavior\BuildLiteBehavior [ RunTime:0.000000s ]
INFO: [ app_init ] --END-- [ RunTime:0.015600s ]
INFO: [ app_begin ] --START--
INFO: Run Behavior\ReadHtmlCacheBehavior [ RunTime:0.000000s ]
INFO: [ app_begin ] --END-- [ RunTime:0.000000s ]
INFO: BaseController->formatResolution :: user_session - 【10100001-094595b4-b148-44d5-9b0b-f6667dd641b8】 $areacode - 【10100001】
INFO: function->initConfig :: $areacode - 【10100001】
INFO: [ view_parse ] --START--
INFO: [ template_filter ] --START--
INFO: Run Behavior\ContentReplaceBehavior [ RunTime:0.000000s ]
INFO: [ template_filter ] --END-- [ RunTime:0.000000s ]
INFO: Run Behavior\ParseTemplateBehavior [ RunTime:0.000000s ]
INFO: [ view_parse ] --END-- [ RunTime:0.000000s ]
INFO: [ view_filter ] --START--
INFO: Run Behavior\WriteHtmlCacheBehavior [ RunTime:0.000000s ]
INFO: [ view_filter ] --END-- [ RunTime:0.000000s ]
INFO: [ app_end ] --START--
INFO: Run Behavior\ShowPageTraceBehavior [ RunTime:0.000000s ]
INFO: [ app_end ] --END-- [ RunTime:0.000000s ]

[ 2016-08-29T11:26:28+08:00 ] 10.10.20.101 /list/restaurant?usercode=1010000101160829112523853&user_session=10100001-094595b4-b148-44d5-9b0b-f6667dd641b8&websitecode=&backUrl=http%3A%2F%2F10.10.20.11%3A15010%2Findex%2Fshowpage%3Fusercode%3D1010000101160829112523853%26user_session%3D10100001-094595b4-b148-44d5-9b0b-f6667dd641b8%26websitecode%3D%26navcode%3DCM20160815003%26focusid%3Dtd7%26backUrl%3Dhttp%253A%252F%252F10.10.20.11%253A15008%252F%253Fexit%253D1&_v=46338
INFO: [ app_init ] --START--
INFO: Run Behavior\BuildLiteBehavior [ RunTime:0.000000s ]
INFO: [ app_init ] --END-- [ RunTime:0.000000s ]
INFO: [ app_begin ] --START--
INFO: Run Behavior\ReadHtmlCacheBehavior [ RunTime:0.000000s ]
INFO: [ app_begin ] --END-- [ RunTime:0.000000s ]
INFO: BaseController->formatResolution :: user_session - 【10100001-094595b4-b148-44d5-9b0b-f6667dd641b8】 $areacode - 【10100001】
INFO: function->initConfig :: $areacode - 【10100001】
INFO: [ view_parse ] --START--
INFO: [ template_filter ] --START--
INFO: Run Behavior\ContentReplaceBehavior [ RunTime:0.000000s ]
INFO: [ template_filter ] --END-- [ RunTime:0.000000s ]
INFO: Run Behavior\ParseTemplateBehavior [ RunTime:0.015600s ]
INFO: [ view_parse ] --END-- [ RunTime:0.015600s ]
INFO: [ view_filter ] --START--
INFO: Run Behavior\WriteHtmlCacheBehavior [ RunTime:0.000000s ]
INFO: [ view_filter ] --END-- [ RunTime:0.000000s ]
INFO: [ app_end ] --START--
INFO: Run Behavior\ShowPageTraceBehavior [ RunTime:0.000000s ]
INFO: [ app_end ] --END-- [ RunTime:0.000000s ]

[ 2016-08-29T11:26:30+08:00 ] 10.10.20.101 /index/showpage?usercode=1010000101160829112523853&user_session=10100001-094595b4-b148-44d5-9b0b-f6667dd641b8&websitecode=&navcode=CM20160815003&focusid=td7&backUrl=http%3A%2F%2F10.10.20.11%3A15008%2F%3Fexit%3D1&_v=25058
INFO: [ app_init ] --START--
INFO: Run Behavior\BuildLiteBehavior [ RunTime:0.000000s ]
INFO: [ app_init ] --END-- [ RunTime:0.000000s ]
INFO: [ app_begin ] --START--
INFO: Run Behavior\ReadHtmlCacheBehavior [ RunTime:0.000000s ]
INFO: [ app_begin ] --END-- [ RunTime:0.000000s ]
INFO: BaseController->formatResolution :: user_session - 【10100001-094595b4-b148-44d5-9b0b-f6667dd641b8】 $areacode - 【10100001】
INFO: function->initConfig :: $areacode - 【10100001】
INFO: [ view_parse ] --START--
INFO: [ template_filter ] --START--
INFO: Run Behavior\ContentReplaceBehavior [ RunTime:0.000000s ]
INFO: [ template_filter ] --END-- [ RunTime:0.000000s ]
INFO: Run Behavior\ParseTemplateBehavior [ RunTime:0.000000s ]
INFO: [ view_parse ] --END-- [ RunTime:0.000000s ]
INFO: [ view_filter ] --START--
INFO: Run Behavior\WriteHtmlCacheBehavior [ RunTime:0.000000s ]
INFO: [ view_filter ] --END-- [ RunTime:0.000000s ]
INFO: [ app_end ] --START--
INFO: Run Behavior\ShowPageTraceBehavior [ RunTime:0.000000s ]
INFO: [ app_end ] --END-- [ RunTime:0.000000s ]

[ 2016-08-29T12:02:22+08:00 ] 10.10.20.101 /list/restaurant?usercode=1010000101160829112523853&user_session=10100001-094595b4-b148-44d5-9b0b-f6667dd641b8&websitecode=&backUrl=http%3A%2F%2F10.10.20.11%3A15010%2Findex%2Fshowpage%3Fusercode%3D1010000101160829112523853%26user_session%3D10100001-094595b4-b148-44d5-9b0b-f6667dd641b8%26websitecode%3D%26navcode%3DCM20160815003%26focusid%3Dtd7%26backUrl%3Dhttp%253A%252F%252F10.10.20.11%253A15008%252F%253Fexit%253D1&_v=58081
INFO: [ app_init ] --START--
INFO: Run Behavior\BuildLiteBehavior [ RunTime:0.000000s ]
INFO: [ app_init ] --END-- [ RunTime:0.000000s ]
INFO: [ app_begin ] --START--
INFO: Run Behavior\ReadHtmlCacheBehavior [ RunTime:0.000000s ]
INFO: [ app_begin ] --END-- [ RunTime:0.000000s ]
INFO: BaseController->formatResolution :: user_session - 【10100001-094595b4-b148-44d5-9b0b-f6667dd641b8】 $areacode - 【10100001】
INFO: function->initConfig :: $areacode - 【10100001】
INFO: [ view_parse ] --START--
INFO: [ template_filter ] --START--
INFO: Run Behavior\ContentReplaceBehavior [ RunTime:0.000000s ]
INFO: [ template_filter ] --END-- [ RunTime:0.000000s ]
INFO: Run Behavior\ParseTemplateBehavior [ RunTime:0.015600s ]
INFO: [ view_parse ] --END-- [ RunTime:0.015600s ]
INFO: [ view_filter ] --START--
INFO: Run Behavior\WriteHtmlCacheBehavior [ RunTime:0.000000s ]
INFO: [ view_filter ] --END-- [ RunTime:0.000000s ]
INFO: [ app_end ] --START--
INFO: Run Behavior\ShowPageTraceBehavior [ RunTime:0.000000s ]
INFO: [ app_end ] --END-- [ RunTime:0.000000s ]

[ 2016-08-29T12:03:04+08:00 ] 10.10.20.101 /list/null
INFO: [ app_init ] --START--
INFO: Run Behavior\BuildLiteBehavior [ RunTime:0.000000s ]
INFO: [ app_init ] --END-- [ RunTime:0.000000s ]
INFO: [ app_begin ] --START--
INFO: Run Behavior\ReadHtmlCacheBehavior [ RunTime:0.000000s ]
INFO: [ app_begin ] --END-- [ RunTime:0.000000s ]
ERR: 非法操作:null

[ 2016-08-29T12:03:09+08:00 ] 10.10.20.101 /list/null
INFO: [ app_init ] --START--
INFO: Run Behavior\BuildLiteBehavior [ RunTime:0.000000s ]
INFO: [ app_init ] --END-- [ RunTime:0.000000s ]
INFO: [ app_begin ] --START--
INFO: Run Behavior\ReadHtmlCacheBehavior [ RunTime:0.000000s ]
INFO: [ app_begin ] --END-- [ RunTime:0.000000s ]
ERR: 非法操作:null

[ 2016-08-29T12:03:11+08:00 ] 10.10.20.101 /list/null
INFO: [ app_init ] --START--
INFO: Run Behavior\BuildLiteBehavior [ RunTime:0.000000s ]
INFO: [ app_init ] --END-- [ RunTime:0.000000s ]
INFO: [ app_begin ] --START--
INFO: Run Behavior\ReadHtmlCacheBehavior [ RunTime:0.000000s ]
INFO: [ app_begin ] --END-- [ RunTime:0.000000s ]
ERR: 非法操作:null

[ 2016-08-29T12:03:20+08:00 ] 10.10.20.101 /list/null
INFO: [ app_init ] --START--
INFO: Run Behavior\BuildLiteBehavior [ RunTime:0.000000s ]
INFO: [ app_init ] --END-- [ RunTime:0.000000s ]
INFO: [ app_begin ] --START--
INFO: Run Behavior\ReadHtmlCacheBehavior [ RunTime:0.000000s ]
INFO: [ app_begin ] --END-- [ RunTime:0.000000s ]
ERR: 非法操作:null

[ 2016-08-29T12:03:23+08:00 ] 10.10.20.101 /list/null
INFO: [ app_init ] --START--
INFO: Run Behavior\BuildLiteBehavior [ RunTime:0.000000s ]
INFO: [ app_init ] --END-- [ RunTime:0.000000s ]
INFO: [ app_begin ] --START--
INFO: Run Behavior\ReadHtmlCacheBehavior [ RunTime:0.000000s ]
INFO: [ app_begin ] --END-- [ RunTime:0.000000s ]
ERR: 非法操作:null

[ 2016-08-29T12:03:24+08:00 ] 10.10.20.101 /list/null
INFO: [ app_init ] --START--
INFO: Run Behavior\BuildLiteBehavior [ RunTime:0.000000s ]
INFO: [ app_init ] --END-- [ RunTime:0.000000s ]
INFO: [ app_begin ] --START--
INFO: Run Behavior\ReadHtmlCacheBehavior [ RunTime:0.000000s ]
INFO: [ app_begin ] --END-- [ RunTime:0.000000s ]
ERR: 非法操作:null

[ 2016-08-29T12:03:30+08:00 ] 10.10.20.101 /list/null
INFO: [ app_init ] --START--
INFO: Run Behavior\BuildLiteBehavior [ RunTime:0.000000s ]
INFO: [ app_init ] --END-- [ RunTime:0.000000s ]
INFO: [ app_begin ] --START--
INFO: Run Behavior\ReadHtmlCacheBehavior [ RunTime:0.000000s ]
INFO: [ app_begin ] --END-- [ RunTime:0.000000s ]
ERR: 非法操作:null

[ 2016-08-29T12:03:32+08:00 ] 10.10.20.101 /list/null
INFO: [ app_init ] --START--
INFO: Run Behavior\BuildLiteBehavior [ RunTime:0.000000s ]
INFO: [ app_init ] --END-- [ RunTime:0.000000s ]
INFO: [ app_begin ] --START--
INFO: Run Behavior\ReadHtmlCacheBehavior [ RunTime:0.000000s ]
INFO: [ app_begin ] --END-- [ RunTime:0.000000s ]
ERR: 非法操作:null

[ 2016-08-29T12:03:32+08:00 ] 10.10.20.101 /list/null
INFO: [ app_init ] --START--
INFO: Run Behavior\BuildLiteBehavior [ RunTime:0.000000s ]
INFO: [ app_init ] --END-- [ RunTime:0.000000s ]
INFO: [ app_begin ] --START--
INFO: Run Behavior\ReadHtmlCacheBehavior [ RunTime:0.000000s ]
INFO: [ app_begin ] --END-- [ RunTime:0.000000s ]
ERR: 非法操作:null

[ 2016-08-29T12:03:33+08:00 ] 10.10.20.101 /list/null
INFO: [ app_init ] --START--
INFO: Run Behavior\BuildLiteBehavior [ RunTime:0.000000s ]
INFO: [ app_init ] --END-- [ RunTime:0.000000s ]
INFO: [ app_begin ] --START--
INFO: Run Behavior\ReadHtmlCacheBehavior [ RunTime:0.000000s ]
INFO: [ app_begin ] --END-- [ RunTime:0.000000s ]
ERR: 非法操作:null

[ 2016-08-29T12:03:34+08:00 ] 10.10.20.101 /list/null
INFO: [ app_init ] --START--
INFO: Run Behavior\BuildLiteBehavior [ RunTime:0.000000s ]
INFO: [ app_init ] --END-- [ RunTime:0.000000s ]
INFO: [ app_begin ] --START--
INFO: Run Behavior\ReadHtmlCacheBehavior [ RunTime:0.000000s ]
INFO: [ app_begin ] --END-- [ RunTime:0.000000s ]
ERR: 非法操作:null

[ 2016-08-29T12:03:34+08:00 ] 10.10.20.101 /list/null
INFO: [ app_init ] --START--
INFO: Run Behavior\BuildLiteBehavior [ RunTime:0.000000s ]
INFO: [ app_init ] --END-- [ RunTime:0.000000s ]
INFO: [ app_begin ] --START--
INFO: Run Behavior\ReadHtmlCacheBehavior [ RunTime:0.000000s ]
INFO: [ app_begin ] --END-- [ RunTime:0.000000s ]
ERR: 非法操作:null

[ 2016-08-29T12:03:35+08:00 ] 10.10.20.101 /list/null
INFO: [ app_init ] --START--
INFO: Run Behavior\BuildLiteBehavior [ RunTime:0.000000s ]
INFO: [ app_init ] --END-- [ RunTime:0.000000s ]
INFO: [ app_begin ] --START--
INFO: Run Behavior\ReadHtmlCacheBehavior [ RunTime:0.000000s ]
INFO: [ app_begin ] --END-- [ RunTime:0.000000s ]
ERR: 非法操作:null

[ 2016-08-29T12:03:37+08:00 ] 10.10.20.101 /list/null
INFO: [ app_init ] --START--
INFO: Run Behavior\BuildLiteBehavior [ RunTime:0.000000s ]
INFO: [ app_init ] --END-- [ RunTime:0.000000s ]
INFO: [ app_begin ] --START--
INFO: Run Behavior\ReadHtmlCacheBehavior [ RunTime:0.000000s ]
INFO: [ app_begin ] --END-- [ RunTime:0.000000s ]
ERR: 非法操作:null

[ 2016-08-29T12:03:39+08:00 ] 10.10.20.101 /list/null
INFO: [ app_init ] --START--
INFO: Run Behavior\BuildLiteBehavior [ RunTime:0.000000s ]
INFO: [ app_init ] --END-- [ RunTime:0.000000s ]
INFO: [ app_begin ] --START--
INFO: Run Behavior\ReadHtmlCacheBehavior [ RunTime:0.000000s ]
INFO: [ app_begin ] --END-- [ RunTime:0.000000s ]
ERR: 非法操作:null

[ 2016-08-29T12:04:57+08:00 ] 10.10.20.101 /index/showpage?usercode=1010000101160829112523853&user_session=10100001-094595b4-b148-44d5-9b0b-f6667dd641b8&websitecode=&navcode=CM20160815003&focusid=td7&backUrl=http%3A%2F%2F10.10.20.11%3A15008%2F%3Fexit%3D1&_v=88221
INFO: [ app_init ] --START--
INFO: Run Behavior\BuildLiteBehavior [ RunTime:0.000000s ]
INFO: [ app_init ] --END-- [ RunTime:0.000000s ]
INFO: [ app_begin ] --START--
INFO: Run Behavior\ReadHtmlCacheBehavior [ RunTime:0.000000s ]
INFO: [ app_begin ] --END-- [ RunTime:0.000000s ]
INFO: BaseController->formatResolution :: user_session - 【10100001-094595b4-b148-44d5-9b0b-f6667dd641b8】 $areacode - 【10100001】
INFO: function->initConfig :: $areacode - 【10100001】
INFO: [ view_parse ] --START--
INFO: [ template_filter ] --START--
INFO: Run Behavior\ContentReplaceBehavior [ RunTime:0.000000s ]
INFO: [ template_filter ] --END-- [ RunTime:0.000000s ]
INFO: Run Behavior\ParseTemplateBehavior [ RunTime:0.015600s ]
INFO: [ view_parse ] --END-- [ RunTime:0.015600s ]
INFO: [ view_filter ] --START--
INFO: Run Behavior\WriteHtmlCacheBehavior [ RunTime:0.000000s ]
INFO: [ view_filter ] --END-- [ RunTime:0.000000s ]
INFO: [ app_end ] --START--
INFO: Run Behavior\ShowPageTraceBehavior [ RunTime:0.000000s ]
INFO: [ app_end ] --END-- [ RunTime:0.000000s ]

[ 2016-08-29T12:04:59+08:00 ] 10.10.20.101 /list?category_code=DG0000001&usercode=1010000101160829112523853&user_session=10100001-094595b4-b148-44d5-9b0b-f6667dd641b8&websitecode=&backUrl=http%3A%2F%2F10.10.20.11%3A15010%2Findex%2Fshowpage%3Fusercode%3D1010000101160829112523853%26user_session%3D10100001-094595b4-b148-44d5-9b0b-f6667dd641b8%26websitecode%3D%26navcode%3DCM20160815003%26focusid%3Dtd6%26backUrl%3Dhttp%253A%252F%252F10.10.20.11%253A15008%252F%253Fexit%253D1&_v=42261
INFO: [ app_init ] --START--
INFO: Run Behavior\BuildLiteBehavior [ RunTime:0.000000s ]
INFO: [ app_init ] --END-- [ RunTime:0.000000s ]
INFO: [ app_begin ] --START--
INFO: Run Behavior\ReadHtmlCacheBehavior [ RunTime:0.000000s ]
INFO: [ app_begin ] --END-- [ RunTime:0.000000s ]
INFO: BaseController->formatResolution :: user_session - 【10100001-094595b4-b148-44d5-9b0b-f6667dd641b8】 $areacode - 【10100001】
INFO: function->initConfig :: $areacode - 【10100001】
INFO: [ view_parse ] --START--
INFO: [ template_filter ] --START--
INFO: Run Behavior\ContentReplaceBehavior [ RunTime:0.000000s ]
INFO: [ template_filter ] --END-- [ RunTime:0.000000s ]
INFO: Run Behavior\ParseTemplateBehavior [ RunTime:0.015600s ]
INFO: [ view_parse ] --END-- [ RunTime:0.015600s ]
INFO: [ view_filter ] --START--
INFO: Run Behavior\WriteHtmlCacheBehavior [ RunTime:0.000000s ]
INFO: [ view_filter ] --END-- [ RunTime:0.000000s ]
INFO: [ app_end ] --START--
INFO: Run Behavior\ShowPageTraceBehavior [ RunTime:0.000000s ]
INFO: [ app_end ] --END-- [ RunTime:0.000000s ]

[ 2016-08-29T12:04:59+08:00 ] 10.10.20.101 /null
INFO: [ app_init ] --START--
INFO: Run Behavior\BuildLiteBehavior [ RunTime:0.000000s ]
INFO: [ app_init ] --END-- [ RunTime:0.000000s ]
INFO: [ app_begin ] --START--
INFO: Run Behavior\ReadHtmlCacheBehavior [ RunTime:0.000000s ]
INFO: [ app_begin ] --END-- [ RunTime:0.000000s ]
ERR: 无法加载控制器:Null

[ 2016-08-29T12:05:06+08:00 ] 10.10.20.101 /index/showpage?usercode=1010000101160829112523853&user_session=10100001-094595b4-b148-44d5-9b0b-f6667dd641b8&websitecode=&navcode=CM20160815003&focusid=td6&backUrl=http%3A%2F%2F10.10.20.11%3A15008%2F%3Fexit%3D1&_v=30668
INFO: [ app_init ] --START--
INFO: Run Behavior\BuildLiteBehavior [ RunTime:0.000000s ]
INFO: [ app_init ] --END-- [ RunTime:0.000000s ]
INFO: [ app_begin ] --START--
INFO: Run Behavior\ReadHtmlCacheBehavior [ RunTime:0.000000s ]
INFO: [ app_begin ] --END-- [ RunTime:0.000000s ]
INFO: BaseController->formatResolution :: user_session - 【10100001-094595b4-b148-44d5-9b0b-f6667dd641b8】 $areacode - 【10100001】
INFO: function->initConfig :: $areacode - 【10100001】
INFO: [ view_parse ] --START--
INFO: [ template_filter ] --START--
INFO: Run Behavior\ContentReplaceBehavior [ RunTime:0.000000s ]
INFO: [ template_filter ] --END-- [ RunTime:0.000000s ]
INFO: Run Behavior\ParseTemplateBehavior [ RunTime:0.000000s ]
INFO: [ view_parse ] --END-- [ RunTime:0.015600s ]
INFO: [ view_filter ] --START--
INFO: Run Behavior\WriteHtmlCacheBehavior [ RunTime:0.000000s ]
INFO: [ view_filter ] --END-- [ RunTime:0.000000s ]
INFO: [ app_end ] --START--
INFO: Run Behavior\ShowPageTraceBehavior [ RunTime:0.000000s ]
INFO: [ app_end ] --END-- [ RunTime:0.000000s ]

[ 2016-08-29T12:05:07+08:00 ] 10.10.20.101 /my?usercode=1010000101160829112523853&user_session=10100001-094595b4-b148-44d5-9b0b-f6667dd641b8&websitecode=&backUrl=http%3A%2F%2F10.10.20.11%3A15010%2Findex%2Fshowpage%3Fusercode%3D1010000101160829112523853%26user_session%3D10100001-094595b4-b148-44d5-9b0b-f6667dd641b8%26websitecode%3D%26navcode%3DCM20160815003%26focusid%3Dtd5%26backUrl%3Dhttp%253A%252F%252F10.10.20.11%253A15008%252F%253Fexit%253D1&_v=25544
INFO: [ app_init ] --START--
INFO: Run Behavior\BuildLiteBehavior [ RunTime:0.000000s ]
INFO: [ app_init ] --END-- [ RunTime:0.000000s ]
INFO: [ app_begin ] --START--
INFO: Run Behavior\ReadHtmlCacheBehavior [ RunTime:0.000000s ]
INFO: [ app_begin ] --END-- [ RunTime:0.000000s ]
INFO: BaseController->formatResolution :: user_session - 【10100001-094595b4-b148-44d5-9b0b-f6667dd641b8】 $areacode - 【10100001】
INFO: function->initConfig :: $areacode - 【10100001】
INFO: [ view_parse ] --START--
INFO: [ template_filter ] --START--
INFO: Run Behavior\ContentReplaceBehavior [ RunTime:0.000000s ]
INFO: [ template_filter ] --END-- [ RunTime:0.000000s ]
INFO: Run Behavior\ParseTemplateBehavior [ RunTime:0.000000s ]
INFO: [ view_parse ] --END-- [ RunTime:0.000000s ]
INFO: [ view_filter ] --START--
INFO: Run Behavior\WriteHtmlCacheBehavior [ RunTime:0.000000s ]
INFO: [ view_filter ] --END-- [ RunTime:0.000000s ]
INFO: [ app_end ] --START--
INFO: Run Behavior\ShowPageTraceBehavior [ RunTime:0.000000s ]
INFO: [ app_end ] --END-- [ RunTime:0.000000s ]

[ 2016-08-29T12:05:08+08:00 ] 10.10.20.101 /index/showpage?usercode=1010000101160829112523853&user_session=10100001-094595b4-b148-44d5-9b0b-f6667dd641b8&websitecode=&navcode=CM20160815003&focusid=td5&backUrl=http%3A%2F%2F10.10.20.11%3A15008%2F%3Fexit%3D1&_v=7419
INFO: [ app_init ] --START--
INFO: Run Behavior\BuildLiteBehavior [ RunTime:0.000000s ]
INFO: [ app_init ] --END-- [ RunTime:0.000000s ]
INFO: [ app_begin ] --START--
INFO: Run Behavior\ReadHtmlCacheBehavior [ RunTime:0.000000s ]
INFO: [ app_begin ] --END-- [ RunTime:0.000000s ]
INFO: BaseController->formatResolution :: user_session - 【10100001-094595b4-b148-44d5-9b0b-f6667dd641b8】 $areacode - 【10100001】
INFO: function->initConfig :: $areacode - 【10100001】
INFO: [ view_parse ] --START--
INFO: [ template_filter ] --START--
INFO: Run Behavior\ContentReplaceBehavior [ RunTime:0.000000s ]
INFO: [ template_filter ] --END-- [ RunTime:0.000000s ]
INFO: Run Behavior\ParseTemplateBehavior [ RunTime:0.015600s ]
INFO: [ view_parse ] --END-- [ RunTime:0.015600s ]
INFO: [ view_filter ] --START--
INFO: Run Behavior\WriteHtmlCacheBehavior [ RunTime:0.000000s ]
INFO: [ view_filter ] --END-- [ RunTime:0.000000s ]
INFO: [ app_end ] --START--
INFO: Run Behavior\ShowPageTraceBehavior [ RunTime:0.000000s ]
INFO: [ app_end ] --END-- [ RunTime:0.000000s ]

[ 2016-08-29T12:05:09+08:00 ] 10.10.20.101 /my?usercode=1010000101160829112523853&user_session=10100001-094595b4-b148-44d5-9b0b-f6667dd641b8&websitecode=&backUrl=http%3A%2F%2F10.10.20.11%3A15010%2Findex%2Fshowpage%3Fusercode%3D1010000101160829112523853%26user_session%3D10100001-094595b4-b148-44d5-9b0b-f6667dd641b8%26websitecode%3D%26navcode%3DCM20160815003%26focusid%3Dtd0%26backUrl%3Dhttp%253A%252F%252F10.10.20.11%253A15008%252F%253Fexit%253D1&_v=20238
INFO: [ app_init ] --START--
INFO: Run Behavior\BuildLiteBehavior [ RunTime:0.000000s ]
INFO: [ app_init ] --END-- [ RunTime:0.000000s ]
INFO: [ app_begin ] --START--
INFO: Run Behavior\ReadHtmlCacheBehavior [ RunTime:0.000000s ]
INFO: [ app_begin ] --END-- [ RunTime:0.000000s ]
INFO: BaseController->formatResolution :: user_session - 【10100001-094595b4-b148-44d5-9b0b-f6667dd641b8】 $areacode - 【10100001】
INFO: function->initConfig :: $areacode - 【10100001】
INFO: [ view_parse ] --START--
INFO: [ template_filter ] --START--
INFO: Run Behavior\ContentReplaceBehavior [ RunTime:0.000000s ]
INFO: [ template_filter ] --END-- [ RunTime:0.000000s ]
INFO: Run Behavior\ParseTemplateBehavior [ RunTime:0.015600s ]
INFO: [ view_parse ] --END-- [ RunTime:0.015600s ]
INFO: [ view_filter ] --START--
INFO: Run Behavior\WriteHtmlCacheBehavior [ RunTime:0.000000s ]
INFO: [ view_filter ] --END-- [ RunTime:0.000000s ]
INFO: [ app_end ] --START--
INFO: Run Behavior\ShowPageTraceBehavior [ RunTime:0.000000s ]
INFO: [ app_end ] --END-- [ RunTime:0.000000s ]

[ 2016-08-29T12:05:09+08:00 ] 10.10.20.101 /index/showpage?usercode=1010000101160829112523853&user_session=10100001-094595b4-b148-44d5-9b0b-f6667dd641b8&websitecode=&navcode=CM20160815003&focusid=td0&backUrl=http%3A%2F%2F10.10.20.11%3A15008%2F%3Fexit%3D1&_v=76486
INFO: [ app_init ] --START--
INFO: Run Behavior\BuildLiteBehavior [ RunTime:0.000000s ]
INFO: [ app_init ] --END-- [ RunTime:0.000000s ]
INFO: [ app_begin ] --START--
INFO: Run Behavior\ReadHtmlCacheBehavior [ RunTime:0.000000s ]
INFO: [ app_begin ] --END-- [ RunTime:0.000000s ]
INFO: BaseController->formatResolution :: user_session - 【10100001-094595b4-b148-44d5-9b0b-f6667dd641b8】 $areacode - 【10100001】
INFO: function->initConfig :: $areacode - 【10100001】
INFO: [ view_parse ] --START--
INFO: [ template_filter ] --START--
INFO: Run Behavior\ContentReplaceBehavior [ RunTime:0.000000s ]
INFO: [ template_filter ] --END-- [ RunTime:0.000000s ]
INFO: Run Behavior\ParseTemplateBehavior [ RunTime:0.000000s ]
INFO: [ view_parse ] --END-- [ RunTime:0.000000s ]
INFO: [ view_filter ] --START--
INFO: Run Behavior\WriteHtmlCacheBehavior [ RunTime:0.000000s ]
INFO: [ view_filter ] --END-- [ RunTime:0.000000s ]
INFO: [ app_end ] --START--
INFO: Run Behavior\ShowPageTraceBehavior [ RunTime:0.000000s ]
INFO: [ app_end ] --END-- [ RunTime:0.000000s ]

[ 2016-08-29T12:05:12+08:00 ] 10.10.20.101 /list?category_code=DG0000001002&usercode=1010000101160829112523853&user_session=10100001-094595b4-b148-44d5-9b0b-f6667dd641b8&websitecode=&backUrl=http%3A%2F%2F10.10.20.11%3A15010%2Findex%2Fshowpage%3Fusercode%3D1010000101160829112523853%26user_session%3D10100001-094595b4-b148-44d5-9b0b-f6667dd641b8%26websitecode%3D%26navcode%3DCM20160815002%26focusid%3Dtd4%26backUrl%3Dhttp%253A%252F%252F10.10.20.11%253A15008%252F%253Fexit%253D1&_v=21751
INFO: [ app_init ] --START--
INFO: Run Behavior\BuildLiteBehavior [ RunTime:0.000000s ]
INFO: [ app_init ] --END-- [ RunTime:0.000000s ]
INFO: [ app_begin ] --START--
INFO: Run Behavior\ReadHtmlCacheBehavior [ RunTime:0.000000s ]
INFO: [ app_begin ] --END-- [ RunTime:0.000000s ]
INFO: BaseController->formatResolution :: user_session - 【10100001-094595b4-b148-44d5-9b0b-f6667dd641b8】 $areacode - 【10100001】
INFO: function->initConfig :: $areacode - 【10100001】
INFO: [ view_parse ] --START--
INFO: [ template_filter ] --START--
INFO: Run Behavior\ContentReplaceBehavior [ RunTime:0.000000s ]
INFO: [ template_filter ] --END-- [ RunTime:0.000000s ]
INFO: Run Behavior\ParseTemplateBehavior [ RunTime:0.000000s ]
INFO: [ view_parse ] --END-- [ RunTime:0.000000s ]
INFO: [ view_filter ] --START--
INFO: Run Behavior\WriteHtmlCacheBehavior [ RunTime:0.000000s ]
INFO: [ view_filter ] --END-- [ RunTime:0.000000s ]
INFO: [ app_end ] --START--
INFO: Run Behavior\ShowPageTraceBehavior [ RunTime:0.000000s ]
INFO: [ app_end ] --END-- [ RunTime:0.000000s ]

[ 2016-08-29T12:05:12+08:00 ] 10.10.20.101 /null
INFO: [ app_init ] --START--
INFO: Run Behavior\BuildLiteBehavior [ RunTime:0.000000s ]
INFO: [ app_init ] --END-- [ RunTime:0.000000s ]
INFO: [ app_begin ] --START--
INFO: Run Behavior\ReadHtmlCacheBehavior [ RunTime:0.000000s ]
INFO: [ app_begin ] --END-- [ RunTime:0.000000s ]
ERR: 无法加载控制器:Null

[ 2016-08-29T12:05:13+08:00 ] 10.10.20.101 /null
INFO: [ app_init ] --START--
INFO: Run Behavior\BuildLiteBehavior [ RunTime:0.000000s ]
INFO: [ app_init ] --END-- [ RunTime:0.000000s ]
INFO: [ app_begin ] --START--
INFO: Run Behavior\ReadHtmlCacheBehavior [ RunTime:0.000000s ]
INFO: [ app_begin ] --END-- [ RunTime:0.000000s ]
ERR: 无法加载控制器:Null

[ 2016-08-29T12:05:16+08:00 ] 10.10.20.101 /null
INFO: [ app_init ] --START--
INFO: Run Behavior\BuildLiteBehavior [ RunTime:0.000000s ]
INFO: [ app_init ] --END-- [ RunTime:0.000000s ]
INFO: [ app_begin ] --START--
INFO: Run Behavior\ReadHtmlCacheBehavior [ RunTime:0.000000s ]
INFO: [ app_begin ] --END-- [ RunTime:0.000000s ]
ERR: 无法加载控制器:Null

[ 2016-08-29T12:05:18+08:00 ] 10.10.20.101 /null
INFO: [ app_init ] --START--
INFO: Run Behavior\BuildLiteBehavior [ RunTime:0.000000s ]
INFO: [ app_init ] --END-- [ RunTime:0.000000s ]
INFO: [ app_begin ] --START--
INFO: Run Behavior\ReadHtmlCacheBehavior [ RunTime:0.000000s ]
INFO: [ app_begin ] --END-- [ RunTime:0.000000s ]
ERR: 无法加载控制器:Null

[ 2016-08-29T12:05:19+08:00 ] 10.10.20.101 /null
INFO: [ app_init ] --START--
INFO: Run Behavior\BuildLiteBehavior [ RunTime:0.000000s ]
INFO: [ app_init ] --END-- [ RunTime:0.000000s ]
INFO: [ app_begin ] --START--
INFO: Run Behavior\ReadHtmlCacheBehavior [ RunTime:0.000000s ]
INFO: [ app_begin ] --END-- [ RunTime:0.000000s ]
ERR: 无法加载控制器:Null

[ 2016-08-29T12:05:20+08:00 ] 10.10.20.101 /null
INFO: [ app_init ] --START--
INFO: Run Behavior\BuildLiteBehavior [ RunTime:0.000000s ]
INFO: [ app_init ] --END-- [ RunTime:0.000000s ]
INFO: [ app_begin ] --START--
INFO: Run Behavior\ReadHtmlCacheBehavior [ RunTime:0.000000s ]
INFO: [ app_begin ] --END-- [ RunTime:0.000000s ]
ERR: 无法加载控制器:Null

[ 2016-08-29T12:05:21+08:00 ] 10.10.20.101 /null
INFO: [ app_init ] --START--
INFO: Run Behavior\BuildLiteBehavior [ RunTime:0.000000s ]
INFO: [ app_init ] --END-- [ RunTime:0.000000s ]
INFO: [ app_begin ] --START--
INFO: Run Behavior\ReadHtmlCacheBehavior [ RunTime:0.000000s ]
INFO: [ app_begin ] --END-- [ RunTime:0.000000s ]
ERR: 无法加载控制器:Null

